#
# There is insufficient memory for the Java Runtime Environment to continue.
# Native memory allocation (malloc) failed to allocate 196608 bytes for committing reserved memory.
# Possible reasons:
#   The system is out of physical RAM or swap space
#   In 32 bit mode, the process size limit was hit
# Possible solutions:
#   Reduce memory load on the system
#   Increase physical memory or swap space
#   Check if swap backing store is full
#   Use 64 bit Java on a 64 bit OS
#   Decrease Java heap size (-Xmx/-Xms)
#   Decrease number of Java threads
#   Decrease Java thread stack sizes (-Xss)
#   Set larger code cache with -XX:ReservedCodeCacheSize=
# This output file may be truncated or incomplete.
#
#  Out of Memory Error (os_linux.cpp:2798), pid=15980, tid=140691961812736
#
# JRE version: OpenJDK Runtime Environment (7.0_65-b32) (build 1.7.0_65-b32)
# Java VM: OpenJDK 64-Bit Server VM (24.65-b04 mixed mode linux-amd64 compressed oops)
# Derivative: IcedTea 2.5.3
# Distribution: Ubuntu 14.04 LTS, package 7u71-2.5.3-0ubuntu0.14.04.1
# Failed to write core dump. Core dumps have been disabled. To enable core dumping, try "ulimit -c unlimited" before starting Java again
#

---------------  T H R E A D  ---------------

Current thread (0x00007ff56006b800):  VMThread [stack: 0x00007ff566581000,0x00007ff566682000] [id=15985]

Stack: [0x00007ff566581000,0x00007ff566682000],  sp=0x00007ff5666800f0,  free space=1020k
Native frames: (J=compiled Java code, j=interpreted, Vv=VM code, C=native code)
V  [libjvm.so+0x948b05]  VMError::report_and_die()+0x175
V  [libjvm.so+0x48bc34]  report_vm_out_of_memory(char const*, int, unsigned long, char const*)+0x74
V  [libjvm.so+0x7c7bfb]  os::pd_commit_memory(char*, unsigned long, unsigned long, bool)+0xeb
V  [libjvm.so+0x7c26bf]  os::commit_memory(char*, unsigned long, unsigned long, bool)+0x1f
V  [libjvm.so+0x9459f4]  VirtualSpace::expand_by(unsigned long, bool)+0x1c4
V  [libjvm.so+0x561b1e]  OneContigSpaceCardGeneration::grow_by(unsigned long)+0x1e
V  [libjvm.so+0x561e90]  OneContigSpaceCardGeneration::expand(unsigned long, unsigned long)+0xc0
V  [libjvm.so+0x561f58]  OneContigSpaceCardGeneration::expand_and_allocate(unsigned long, bool, bool)+0xb8
V  [libjvm.so+0x554c47]  GenCollectedHeap::handle_failed_promotion(Generation*, oopDesc*, unsigned long)+0xa7
V  [libjvm.so+0x492774]  DefNewGeneration::copy_to_survivor_space(oopDesc*)+0x84
V  [libjvm.so+0x59f7bb]  instanceKlass::oop_oop_iterate_nv(oopDesc*, FastScanClosure*)+0xfb
V  [libjvm.so+0x8802e8]  ContiguousSpace::oop_since_save_marks_iterate_nv(FastScanClosure*)+0x68
V  [libjvm.so+0x561cb0]  OneContigSpaceCardGeneration::oop_since_save_marks_iterate_nv(FastScanClosure*)+0x30
V  [libjvm.so+0x55412a]  GenCollectedHeap::oop_since_save_marks_iterate(int, FastScanClosure*, FastScanClosure*)+0x5a
V  [libjvm.so+0x491690]  DefNewGeneration::collect(bool, bool, unsigned long, bool)+0x410
V  [libjvm.so+0x5533d5]  GenCollectedHeap::do_collection(bool, bool, unsigned long, bool, int)+0x585
V  [libjvm.so+0x425812]  GenCollectorPolicy::satisfy_failed_allocation(unsigned long, bool)+0xb2
V  [libjvm.so+0x949e01]  VM_GenCollectForAllocation::doit()+0x81
V  [libjvm.so+0x94e9f7]  VM_Operation::evaluate()+0x47
V  [libjvm.so+0x94d368]  VMThread::evaluate_operation(VM_Operation*)+0x318
V  [libjvm.so+0x94d7c9]  VMThread::loop()+0x219
V  [libjvm.so+0x94dc12]  VMThread::run()+0x72
V  [libjvm.so+0x7c4ac2]  java_start(Thread*)+0xf2

VM_Operation (0x00007ff56a087ac0): GenCollectForAllocation, mode: safepoint, requested by thread 0x00007ff56000a000


---------------  P R O C E S S  ---------------

Java Threads: ( => current thread )
  0x00007ff5600a6000 JavaThread "Service Thread" daemon [_thread_blocked, id=15991, stack(0x00007ff565df2000,0x00007ff565ef3000)]
  0x00007ff5600a3800 JavaThread "C2 CompilerThread1" daemon [_thread_blocked, id=15990, stack(0x00007ff565ef3000,0x00007ff565ff4000)]
  0x00007ff5600a1000 JavaThread "C2 CompilerThread0" daemon [_thread_blocked, id=15989, stack(0x00007ff565ff4000,0x00007ff5660f5000)]
  0x00007ff56009f000 JavaThread "Signal Dispatcher" daemon [_thread_blocked, id=15988, stack(0x00007ff5660f5000,0x00007ff5661f6000)]
  0x00007ff560072000 JavaThread "Finalizer" daemon [_thread_blocked, id=15987, stack(0x00007ff56637f000,0x00007ff566480000)]
  0x00007ff560070000 JavaThread "Reference Handler" daemon [_thread_blocked, id=15986, stack(0x00007ff566480000,0x00007ff566581000)]
  0x00007ff56000a000 JavaThread "main" [_thread_blocked, id=15984, stack(0x00007ff569f89000,0x00007ff56a08a000)]

Other Threads:
=>0x00007ff56006b800 VMThread [stack: 0x00007ff566581000,0x00007ff566682000] [id=15985]
  0x00007ff5600b1000 WatcherThread [stack: 0x00007ff565cf1000,0x00007ff565df2000] [id=15992]

VM state:at safepoint (normal execution)

VM Mutex/Monitor currently owned by a thread:  ([mutex/lock_event])
[0x00007ff560006440] Threads_lock - owner thread: 0x00007ff56006b800
[0x00007ff560006940] Heap_lock - owner thread: 0x00007ff56000a000

Heap
 def new generation   total 3200K, used 3199K [0x00000000d6800000, 0x00000000d6b70000, 0x00000000e0e00000)
  eden space 2880K, 100% used [0x00000000d6800000, 0x00000000d6ad0000, 0x00000000d6ad0000)
  from space 320K,  99% used [0x00000000d6b20000, 0x00000000d6b6fff8, 0x00000000d6b70000)
  to   space 320K, 100% used [0x00000000d6ad0000, 0x00000000d6b20000, 0x00000000d6b20000)
 tenured generation   total 7012K, used 7011K [0x00000000e0e00000, 0x00000000e14d9000, 0x00000000f5a00000)
   the space 7012K,  99% used [0x00000000e0e00000, 0x00000000e14d8e68, 0x00000000e14d9000, 0x00000000e14d9000)
 compacting perm gen  total 21248K, used 6980K [0x00000000f5a00000, 0x00000000f6ec0000, 0x0000000100000000)
   the space 21248K,  32% used [0x00000000f5a00000, 0x00000000f60d1350, 0x00000000f60d1400, 0x00000000f6ec0000)
No shared spaces configured.

Card table byte_map: [0x00007ff566a70000,0x00007ff566bbd000] byte_map_base: 0x00007ff5663bc000

Polling page: 0x00007ff56a097000

Code Cache  [0x00007ff55d000000, 0x00007ff55d270000, 0x00007ff560000000)
 total_blobs=299 nmethods=76 adapters=177 free_code_cache=48567Kb largest_free_block=49705984

Compilation events (10 events):
Event: 4.698 Thread 0x00007ff5600a1000 nmethod 73 0x00007ff55d092bd0 code [0x00007ff55d092ec0, 0x00007ff55d093ad8]
Event: 4.699 Thread 0x00007ff5600a1000   74             java.util.ComparableTimSort::binarySort (223 bytes)
Event: 4.736 Thread 0x00007ff5600a3800 nmethod 72 0x00007ff55d08df90 code [0x00007ff55d08e1a0, 0x00007ff55d08f858]
Event: 4.736 Thread 0x00007ff5600a3800   75             java.util.ComparableTimSort::mergeLo (652 bytes)
Event: 4.750 Thread 0x00007ff5600a1000 nmethod 74 0x00007ff55d097b10 code [0x00007ff55d097cc0, 0x00007ff55d098558]
Event: 4.751 Thread 0x00007ff5600a1000   76             java.util.Arrays::copyOfRange (63 bytes)
Event: 4.764 Thread 0x00007ff5600a1000 nmethod 76 0x00007ff55d08db10 code [0x00007ff55d08dc60, 0x00007ff55d08de58]
Event: 4.774 Thread 0x00007ff5600a1000   77             java.lang.String::<init> (67 bytes)
Event: 4.779 Thread 0x00007ff5600a1000 nmethod 77 0x00007ff55d081fd0 code [0x00007ff55d082120, 0x00007ff55d082398]
Event: 4.800 Thread 0x00007ff5600a1000   78             java.util.ComparableTimSort::mergeHi (716 bytes)

GC Heap History (10 events):
Event: 2.352 GC heap after
Heap after GC invocations=8 (full 0):
 def new generation   total 2432K, used 109K [0x00000000d6800000, 0x00000000d6aa0000, 0x00000000e0e00000)
  eden space 2176K,   0% used [0x00000000d6800000, 0x00000000d6800000, 0x00000000d6a20000)
  from space 256K,  42% used [0x00000000d6a20000, 0x00000000d6a3b648, 0x00000000d6a60000)
  to   space 256K,   0% used [0x00000000d6a60000, 0x00000000d6a60000, 0x00000000d6aa0000)
 tenured generation   total 5504K, used 3209K [0x00000000e0e00000, 0x00000000e1360000, 0x00000000f5a00000)
   the space 5504K,  58% used [0x00000000e0e00000, 0x00000000e1122548, 0x00000000e1122600, 0x00000000e1360000)
 compacting perm gen  total 21248K, used 6456K [0x00000000f5a00000, 0x00000000f6ec0000, 0x0000000100000000)
   the space 21248K,  30% used [0x00000000f5a00000, 0x00000000f604e318, 0x00000000f604e400, 0x00000000f6ec0000)
No shared spaces configured.
}
Event: 3.162 GC heap before
{Heap before GC invocations=8 (full 0):
 def new generation   total 2432K, used 2230K [0x00000000d6800000, 0x00000000d6aa0000, 0x00000000e0e00000)
  eden space 2176K,  97% used [0x00000000d6800000, 0x00000000d6a12328, 0x00000000d6a20000)
  from space 256K,  42% used [0x00000000d6a20000, 0x00000000d6a3b648, 0x00000000d6a60000)
  to   space 256K,   0% used [0x00000000d6a60000, 0x00000000d6a60000, 0x00000000d6aa0000)
 tenured generation   total 5504K, used 3209K [0x00000000e0e00000, 0x00000000e1360000, 0x00000000f5a00000)
   the space 5504K,  58% used [0x00000000e0e00000, 0x00000000e1122548, 0x00000000e1122600, 0x00000000e1360000)
 compacting perm gen  total 21248K, used 6702K [0x00000000f5a00000, 0x00000000f6ec0000, 0x0000000100000000)
   the space 21248K,  31% used [0x00000000f5a00000, 0x00000000f608baa0, 0x00000000f608bc00, 0x00000000f6ec0000)
No shared spaces configured.
Event: 3.172 GC heap after
Heap after GC invocations=9 (full 0):
 def new generation   total 2432K, used 256K [0x00000000d6800000, 0x00000000d6aa0000, 0x00000000e0e00000)
  eden space 2176K,   0% used [0x00000000d6800000, 0x00000000d6800000, 0x00000000d6a20000)
  from space 256K, 100% used [0x00000000d6a60000, 0x00000000d6aa0000, 0x00000000d6aa0000)
  to   space 256K,   0% used [0x00000000d6a20000, 0x00000000d6a20000, 0x00000000d6a60000)
 tenured generation   total 5504K, used 3605K [0x00000000e0e00000, 0x00000000e1360000, 0x00000000f5a00000)
   the space 5504K,  65% used [0x00000000e0e00000, 0x00000000e1185520, 0x00000000e1185600, 0x00000000e1360000)
 compacting perm gen  total 21248K, used 6702K [0x00000000f5a00000, 0x00000000f6ec0000, 0x0000000100000000)
   the space 21248K,  31% used [0x00000000f5a00000, 0x00000000f608baa0, 0x00000000f608bc00, 0x00000000f6ec0000)
No shared spaces configured.
}
Event: 3.487 GC heap before
{Heap before GC invocations=9 (full 0):
 def new generation   total 2432K, used 956K [0x00000000d6800000, 0x00000000d6aa0000, 0x00000000e0e00000)
  eden space 2176K,  32% used [0x00000000d6800000, 0x00000000d68af230, 0x00000000d6a20000)
  from space 256K, 100% used [0x00000000d6a60000, 0x00000000d6aa0000, 0x00000000d6aa0000)
  to   space 256K,   0% used [0x00000000d6a20000, 0x00000000d6a20000, 0x00000000d6a60000)
 tenured generation   total 5504K, used 3605K [0x00000000e0e00000, 0x00000000e1360000, 0x00000000f5a00000)
   the space 5504K,  65% used [0x00000000e0e00000, 0x00000000e1185520, 0x00000000e1185600, 0x00000000e1360000)
 compacting perm gen  total 21248K, used 6942K [0x00000000f5a00000, 0x00000000f6ec0000, 0x0000000100000000)
   the space 21248K,  32% used [0x00000000f5a00000, 0x00000000f60c7808, 0x00000000f60c7a00, 0x00000000f6ec0000)
No shared spaces configured.
Event: 3.496 GC heap after
Heap after GC invocations=10 (full 0):
 def new generation   total 2432K, used 218K [0x00000000d6800000, 0x00000000d6aa0000, 0x00000000e0e00000)
  eden space 2176K,   0% used [0x00000000d6800000, 0x00000000d6800000, 0x00000000d6a20000)
  from space 256K,  85% used [0x00000000d6a20000, 0x00000000d6a56a80, 0x00000000d6a60000)
  to   space 256K,   0% used [0x00000000d6a60000, 0x00000000d6a60000, 0x00000000d6aa0000)
 tenured generation   total 5504K, used 3816K [0x00000000e0e00000, 0x00000000e1360000, 0x00000000f5a00000)
   the space 5504K,  69% used [0x00000000e0e00000, 0x00000000e11ba080, 0x00000000e11ba200, 0x00000000e1360000)
 compacting perm gen  total 21248K, used 6942K [0x00000000f5a00000, 0x00000000f6ec0000, 0x0000000100000000)
   the space 21248K,  32% used [0x00000000f5a00000, 0x00000000f60c7808, 0x00000000f60c7a00, 0x00000000f6ec0000)
No shared spaces configured.
}
Event: 4.054 GC heap before
{Heap before GC invocations=10 (full 0):
 def new generation   total 2432K, used 2394K [0x00000000d6800000, 0x00000000d6aa0000, 0x00000000e0e00000)
  eden space 2176K, 100% used [0x00000000d6800000, 0x00000000d6a20000, 0x00000000d6a20000)
  from space 256K,  85% used [0x00000000d6a20000, 0x00000000d6a56a80, 0x00000000d6a60000)
  to   space 256K,   0% used [0x00000000d6a60000, 0x00000000d6a60000, 0x00000000d6aa0000)
 tenured generation   total 5504K, used 3816K [0x00000000e0e00000, 0x00000000e1360000, 0x00000000f5a00000)
   the space 5504K,  69% used [0x00000000e0e00000, 0x00000000e11ba080, 0x00000000e11ba200, 0x00000000e1360000)
 compacting perm gen  total 21248K, used 6952K [0x00000000f5a00000, 0x00000000f6ec0000, 0x0000000100000000)
   the space 21248K,  32% used [0x00000000f5a00000, 0x00000000f60ca100, 0x00000000f60ca200, 0x00000000f6ec0000)
No shared spaces configured.
Event: 4.085 GC heap after
Heap after GC invocations=11 (full 1):
 def new generation   total 3200K, used 0K [0x00000000d6800000, 0x00000000d6b70000, 0x00000000e0e00000)
  eden space 2880K,   0% used [0x00000000d6800000, 0x00000000d6800000, 0x00000000d6ad0000)
  from space 320K,   0% used [0x00000000d6ad0000, 0x00000000d6ad0000, 0x00000000d6b20000)
  to   space 320K,   0% used [0x00000000d6b20000, 0x00000000d6b20000, 0x00000000d6b70000)
 tenured generation   total 7012K, used 4144K [0x00000000e0e00000, 0x00000000e14d9000, 0x00000000f5a00000)
   the space 7012K,  59% used [0x00000000e0e00000, 0x00000000e120c0c0, 0x00000000e120c200, 0x00000000e14d9000)
 compacting perm gen  total 21248K, used 6952K [0x00000000f5a00000, 0x00000000f6ec0000, 0x0000000100000000)
   the space 21248K,  32% used [0x00000000f5a00000, 0x00000000f60ca100, 0x00000000f60ca200, 0x00000000f6ec0000)
No shared spaces configured.
}
Event: 4.641 GC heap before
{Heap before GC invocations=11 (full 1):
 def new generation   total 3200K, used 2587K [0x00000000d6800000, 0x00000000d6b70000, 0x00000000e0e00000)
  eden space 2880K,  89% used [0x00000000d6800000, 0x00000000d6a86d70, 0x00000000d6ad0000)
  from space 320K,   0% used [0x00000000d6ad0000, 0x00000000d6ad0000, 0x00000000d6b20000)
  to   space 320K,   0% used [0x00000000d6b20000, 0x00000000d6b20000, 0x00000000d6b70000)
 tenured generation   total 7012K, used 4144K [0x00000000e0e00000, 0x00000000e14d9000, 0x00000000f5a00000)
   the space 7012K,  59% used [0x00000000e0e00000, 0x00000000e120c0c0, 0x00000000e120c200, 0x00000000e14d9000)
 compacting perm gen  total 21248K, used 6966K [0x00000000f5a00000, 0x00000000f6ec0000, 0x0000000100000000)
   the space 21248K,  32% used [0x00000000f5a00000, 0x00000000f60cd908, 0x00000000f60cda00, 0x00000000f6ec0000)
No shared spaces configured.
Event: 4.675 GC heap after
Heap after GC invocations=12 (full 1):
 def new generation   total 3200K, used 319K [0x00000000d6800000, 0x00000000d6b70000, 0x00000000e0e00000)
  eden space 2880K,   0% used [0x00000000d6800000, 0x00000000d6800000, 0x00000000d6ad0000)
  from space 320K,  99% used [0x00000000d6b20000, 0x00000000d6b6fff8, 0x00000000d6b70000)
  to   space 320K,   0% used [0x00000000d6ad0000, 0x00000000d6ad0000, 0x00000000d6b20000)
 tenured generation   total 7012K, used 5816K [0x00000000e0e00000, 0x00000000e14d9000, 0x00000000f5a00000)
   the space 7012K,  82% used [0x00000000e0e00000, 0x00000000e13ae2e8, 0x00000000e13ae400, 0x00000000e14d9000)
 compacting perm gen  total 21248K, used 6966K [0x00000000f5a00000, 0x00000000f6ec0000, 0x0000000100000000)
   the space 21248K,  32% used [0x00000000f5a00000, 0x00000000f60cd908, 0x00000000f60cda00, 0x00000000f6ec0000)
No shared spaces configured.
}
Event: 4.824 GC heap before
{Heap before GC invocations=12 (full 1):
 def new generation   total 3200K, used 3199K [0x00000000d6800000, 0x00000000d6b70000, 0x00000000e0e00000)
  eden space 2880K, 100% used [0x00000000d6800000, 0x00000000d6ad0000, 0x00000000d6ad0000)
  from space 320K,  99% used [0x00000000d6b20000, 0x00000000d6b6fff8, 0x00000000d6b70000)
  to   space 320K,   0% used [0x00000000d6ad0000, 0x00000000d6ad0000, 0x00000000d6b20000)
 tenured generation   total 7012K, used 5816K [0x00000000e0e00000, 0x00000000e14d9000, 0x00000000f5a00000)
   the space 7012K,  82% used [0x00000000e0e00000, 0x00000000e13ae2e8, 0x00000000e13ae400, 0x00000000e14d9000)
 compacting perm gen  total 21248K, used 6980K [0x00000000f5a00000, 0x00000000f6ec0000, 0x0000000100000000)
   the space 21248K,  32% used [0x00000000f5a00000, 0x00000000f60d1350, 0x00000000f60d1400, 0x00000000f6ec0000)
No shared spaces configured.

Deoptimization events (10 events):
Event: 4.510 Thread 0x00007ff56000a000 Uncommon trap: reason=array_check action=maybe_recompile pc=0x00007ff55d07e2f4 method=java.util.ComparableTimSort.binarySort([Ljava/lang/Object;III)V @ 193
Event: 4.510 Thread 0x00007ff56000a000 Uncommon trap: reason=array_check action=maybe_recompile pc=0x00007ff55d091834 method=java.util.ComparableTimSort.mergeLo(IIII)V @ 77
Event: 4.511 Thread 0x00007ff56000a000 Uncommon trap: reason=array_check action=maybe_recompile pc=0x00007ff55d091834 method=java.util.ComparableTimSort.mergeLo(IIII)V @ 77
Event: 4.511 Thread 0x00007ff56000a000 Uncommon trap: reason=array_check action=maybe_recompile pc=0x00007ff55d091834 method=java.util.ComparableTimSort.mergeLo(IIII)V @ 77
Event: 4.522 Thread 0x00007ff56000a000 Uncommon trap: reason=array_check action=maybe_recompile pc=0x00007ff55d091834 method=java.util.ComparableTimSort.mergeLo(IIII)V @ 77
Event: 4.526 Thread 0x00007ff56000a000 Uncommon trap: reason=array_check action=maybe_recompile pc=0x00007ff55d07e2f4 method=java.util.ComparableTimSort.binarySort([Ljava/lang/Object;III)V @ 193
Event: 4.787 Thread 0x00007ff56000a000 Uncommon trap: reason=array_check action=maybe_recompile pc=0x00007ff55d08f2dc method=java.util.ComparableTimSort.mergeHi(IIII)V @ 91
Event: 4.790 Thread 0x00007ff56000a000 Uncommon trap: reason=array_check action=maybe_recompile pc=0x00007ff55d08f2dc method=java.util.ComparableTimSort.mergeHi(IIII)V @ 91
Event: 4.790 Thread 0x00007ff56000a000 Uncommon trap: reason=array_check action=maybe_recompile pc=0x00007ff55d08f2dc method=java.util.ComparableTimSort.mergeHi(IIII)V @ 91
Event: 4.790 Thread 0x00007ff56000a000 Uncommon trap: reason=array_check action=maybe_recompile pc=0x00007ff55d08f2dc method=java.util.ComparableTimSort.mergeHi(IIII)V @ 91

Internal exceptions (10 events):
Event: 3.373 Thread 0x00007ff56000a000 Threw 0x00000000d6853530 at /build/buildd/openjdk-7-7u71-2.5.3/build/openjdk/hotspot/src/share/vm/prims/jvm.cpp:1284
Event: 3.399 Thread 0x00007ff56000a000 Threw 0x00000000d68662e8 at /build/buildd/openjdk-7-7u71-2.5.3/build/openjdk/hotspot/src/share/vm/prims/jvm.cpp:1284
Event: 3.406 Thread 0x00007ff56000a000 Threw 0x00000000d6878128 at /build/buildd/openjdk-7-7u71-2.5.3/build/openjdk/hotspot/src/share/vm/prims/jvm.cpp:1284
Event: 3.407 Thread 0x00007ff56000a000 Threw 0x00000000d687ed68 at /build/buildd/openjdk-7-7u71-2.5.3/build/openjdk/hotspot/src/share/vm/prims/jvm.cpp:1284
Event: 3.672 Thread 0x00007ff56000a000 Implicit null exception at 0x00007ff55d07fbe7 to 0x00007ff55d080435
Event: 4.419 Thread 0x00007ff56000a000 Threw 0x00000000d69e0780 at /build/buildd/openjdk-7-7u71-2.5.3/build/openjdk/hotspot/src/share/vm/prims/jni.cpp:721
Event: 4.433 Thread 0x00007ff56000a000 Threw 0x00000000d69e1d70 at /build/buildd/openjdk-7-7u71-2.5.3/build/openjdk/hotspot/src/share/vm/prims/jvm.cpp:1284
Event: 4.592 Thread 0x00007ff56000a000 Threw 0x00000000d6a55ad0 at /build/buildd/openjdk-7-7u71-2.5.3/build/openjdk/hotspot/src/share/vm/prims/jni.cpp:721
Event: 4.595 Thread 0x00007ff56000a000 Threw 0x00000000d6a562e8 at /build/buildd/openjdk-7-7u71-2.5.3/build/openjdk/hotspot/src/share/vm/prims/jni.cpp:721
Event: 4.764 Thread 0x00007ff56000a000 Threw 0x00000000d6a586f0 at /build/buildd/openjdk-7-7u71-2.5.3/build/openjdk/hotspot/src/share/vm/prims/jvm.cpp:1284

Events (10 events):
Event: 4.790 Thread 0x00007ff56000a000 Uncommon trap: trap_request=0xffffffd6 fr.pc=0x00007ff55d08f2dc
Event: 4.790 Thread 0x00007ff56000a000 DEOPT PACKING pc=0x00007ff55d08f2dc sp=0x00007ff56a087990
Event: 4.790 Thread 0x00007ff56000a000 DEOPT UNPACKING pc=0x00007ff55d039045 sp=0x00007ff56a087998 mode 2
Event: 4.790 Thread 0x00007ff56000a000 Uncommon trap: trap_request=0xffffffd6 fr.pc=0x00007ff55d08f2dc
Event: 4.790 Thread 0x00007ff56000a000 DEOPT PACKING pc=0x00007ff55d08f2dc sp=0x00007ff56a087990
Event: 4.790 Thread 0x00007ff56000a000 DEOPT UNPACKING pc=0x00007ff55d039045 sp=0x00007ff56a087998 mode 2
Event: 4.790 Thread 0x00007ff56000a000 Uncommon trap: trap_request=0xffffffd6 fr.pc=0x00007ff55d08f2dc
Event: 4.790 Thread 0x00007ff56000a000 DEOPT PACKING pc=0x00007ff55d08f2dc sp=0x00007ff56a087990
Event: 4.790 Thread 0x00007ff56000a000 DEOPT UNPACKING pc=0x00007ff55d039045 sp=0x00007ff56a087998 mode 2
Event: 4.824 Executing VM operation: GenCollectForAllocation


Dynamic libraries:
00400000-00401000 r-xp 00000000 08:01 264934                             /usr/lib/jvm/java-7-openjdk-amd64/bin/javac
00600000-00601000 r--p 00000000 08:01 264934                             /usr/lib/jvm/java-7-openjdk-amd64/bin/javac
00601000-00602000 rw-p 00001000 08:01 264934                             /usr/lib/jvm/java-7-openjdk-amd64/bin/javac
00ae5000-00b06000 rw-p 00000000 00:00 0                                  [heap]
d6800000-d6b70000 rw-p 00000000 00:00 0 
d6b70000-e0e00000 rw-p 00000000 00:00 0 
e0e00000-e14d9000 rw-p 00000000 00:00 0 
e1509000-f5a00000 rw-p 00000000 00:00 0 
f5a00000-f6ec0000 rw-p 00000000 00:00 0 
f6ec0000-100000000 rw-p 00000000 00:00 0 
7ff540000000-7ff540300000 rw-p 00000000 00:00 0 
7ff540300000-7ff544000000 ---p 00000000 00:00 0 
7ff544000000-7ff544021000 rw-p 00000000 00:00 0 
7ff544021000-7ff548000000 ---p 00000000 00:00 0 
7ff548000000-7ff548021000 rw-p 00000000 00:00 0 
7ff548021000-7ff54c000000 ---p 00000000 00:00 0 
7ff54c000000-7ff54c44a000 rw-p 00000000 00:00 0 
7ff54c44a000-7ff550000000 ---p 00000000 00:00 0 
7ff550000000-7ff550021000 rw-p 00000000 00:00 0 
7ff550021000-7ff554000000 ---p 00000000 00:00 0 
7ff554000000-7ff554021000 rw-p 00000000 00:00 0 
7ff554021000-7ff558000000 ---p 00000000 00:00 0 
7ff558000000-7ff558255000 rw-p 00000000 00:00 0 
7ff558255000-7ff55c000000 ---p 00000000 00:00 0 
7ff55d000000-7ff55d270000 rwxp 00000000 00:00 0 
7ff55d270000-7ff56058d000 rw-p 00000000 00:00 0 
7ff56058d000-7ff564000000 ---p 00000000 00:00 0 
7ff565c87000-7ff565cf1000 r--s 0069e000 08:01 264873                     /usr/lib/jvm/java-7-openjdk-amd64/lib/tools.jar
7ff565cf1000-7ff565cf2000 ---p 00000000 00:00 0 
7ff565cf2000-7ff565df2000 rw-p 00000000 00:00 0                          [stack:15992]
7ff565df2000-7ff565df5000 ---p 00000000 00:00 0 
7ff565df5000-7ff565ef3000 rw-p 00000000 00:00 0                          [stack:15991]
7ff565ef3000-7ff565ef6000 ---p 00000000 00:00 0 
7ff565ef6000-7ff565ff4000 rw-p 00000000 00:00 0                          [stack:15990]
7ff565ff4000-7ff565ff7000 ---p 00000000 00:00 0 
7ff565ff7000-7ff5660f5000 rw-p 00000000 00:00 0                          [stack:15989]
7ff5660f5000-7ff5660f8000 ---p 00000000 00:00 0 
7ff5660f8000-7ff5661f6000 rw-p 00000000 00:00 0                          [stack:15988]
7ff5661f6000-7ff56637f000 r--p 00000000 08:01 24405                      /usr/lib/locale/locale-archive
7ff56637f000-7ff566382000 ---p 00000000 00:00 0 
7ff566382000-7ff566480000 rw-p 00000000 00:00 0                          [stack:15987]
7ff566480000-7ff566483000 ---p 00000000 00:00 0 
7ff566483000-7ff566581000 rw-p 00000000 00:00 0                          [stack:15986]
7ff566581000-7ff566582000 ---p 00000000 00:00 0 
7ff566582000-7ff5666cb000 rw-p 00000000 00:00 0                          [stack:15985]
7ff5666cb000-7ff56687c000 r--s 01d25000 08:01 262233                     /usr/lib/jvm/java-7-openjdk-amd64/jre/lib/rt.jar
7ff56687c000-7ff566980000 rw-p 00000000 00:00 0 
7ff566980000-7ff5669c9000 rw-p 00000000 00:00 0 
7ff5669c9000-7ff5669cd000 rw-p 00000000 00:00 0 
7ff5669cd000-7ff566a70000 rw-p 00000000 00:00 0 
7ff566a70000-7ff566a72000 rw-p 00000000 00:00 0 
7ff566a72000-7ff566ac3000 rw-p 00000000 00:00 0 
7ff566ac3000-7ff566ac7000 rw-p 00000000 00:00 0 
7ff566ac7000-7ff566b69000 rw-p 00000000 00:00 0 
7ff566b69000-7ff566b74000 rw-p 00000000 00:00 0 
7ff566b74000-7ff566bbc000 rw-p 00000000 00:00 0 
7ff566bbc000-7ff566bbd000 rw-p 00000000 00:00 0 
7ff566bbd000-7ff566bc5000 r-xp 00000000 08:01 262162                     /usr/lib/jvm/java-7-openjdk-amd64/jre/lib/amd64/libzip.so
7ff566bc5000-7ff566dc4000 ---p 00008000 08:01 262162                     /usr/lib/jvm/java-7-openjdk-amd64/jre/lib/amd64/libzip.so
7ff566dc4000-7ff566dc5000 r--p 00007000 08:01 262162                     /usr/lib/jvm/java-7-openjdk-amd64/jre/lib/amd64/libzip.so
7ff566dc5000-7ff566dc6000 rw-p 00008000 08:01 262162                     /usr/lib/jvm/java-7-openjdk-amd64/jre/lib/amd64/libzip.so
7ff566dc6000-7ff566dd1000 r-xp 00000000 08:01 2027                       /lib/x86_64-linux-gnu/libnss_files-2.19.so
7ff566dd1000-7ff566fd0000 ---p 0000b000 08:01 2027                       /lib/x86_64-linux-gnu/libnss_files-2.19.so
7ff566fd0000-7ff566fd1000 r--p 0000a000 08:01 2027                       /lib/x86_64-linux-gnu/libnss_files-2.19.so
7ff566fd1000-7ff566fd2000 rw-p 0000b000 08:01 2027                       /lib/x86_64-linux-gnu/libnss_files-2.19.so
7ff566fd2000-7ff566fdd000 r-xp 00000000 08:01 1936                       /lib/x86_64-linux-gnu/libnss_nis-2.19.so
7ff566fdd000-7ff5671dc000 ---p 0000b000 08:01 1936                       /lib/x86_64-linux-gnu/libnss_nis-2.19.so
7ff5671dc000-7ff5671dd000 r--p 0000a000 08:01 1936                       /lib/x86_64-linux-gnu/libnss_nis-2.19.so
7ff5671dd000-7ff5671de000 rw-p 0000b000 08:01 1936                       /lib/x86_64-linux-gnu/libnss_nis-2.19.so
7ff5671de000-7ff5671f5000 r-xp 00000000 08:01 2000                       /lib/x86_64-linux-gnu/libnsl-2.19.so
7ff5671f5000-7ff5673f4000 ---p 00017000 08:01 2000                       /lib/x86_64-linux-gnu/libnsl-2.19.so
7ff5673f4000-7ff5673f5000 r--p 00016000 08:01 2000                       /lib/x86_64-linux-gnu/libnsl-2.19.so
7ff5673f5000-7ff5673f6000 rw-p 00017000 08:01 2000                       /lib/x86_64-linux-gnu/libnsl-2.19.so
7ff5673f6000-7ff5673f8000 rw-p 00000000 00:00 0 
7ff5673f8000-7ff567401000 r-xp 00000000 08:01 1963                       /lib/x86_64-linux-gnu/libnss_compat-2.19.so
7ff567401000-7ff567600000 ---p 00009000 08:01 1963                       /lib/x86_64-linux-gnu/libnss_compat-2.19.so
7ff567600000-7ff567601000 r--p 00008000 08:01 1963                       /lib/x86_64-linux-gnu/libnss_compat-2.19.so
7ff567601000-7ff567602000 rw-p 00009000 08:01 1963                       /lib/x86_64-linux-gnu/libnss_compat-2.19.so
7ff567602000-7ff56762d000 r-xp 00000000 08:01 262169                     /usr/lib/jvm/java-7-openjdk-amd64/jre/lib/amd64/libjava.so
7ff56762d000-7ff56782c000 ---p 0002b000 08:01 262169                     /usr/lib/jvm/java-7-openjdk-amd64/jre/lib/amd64/libjava.so
7ff56782c000-7ff56782d000 r--p 0002a000 08:01 262169                     /usr/lib/jvm/java-7-openjdk-amd64/jre/lib/amd64/libjava.so
7ff56782d000-7ff56782f000 rw-p 0002b000 08:01 262169                     /usr/lib/jvm/java-7-openjdk-amd64/jre/lib/amd64/libjava.so
7ff56782f000-7ff56783f000 r-xp 00000000 08:01 262184                     /usr/lib/jvm/java-7-openjdk-amd64/jre/lib/amd64/libverify.so
7ff56783f000-7ff567a3e000 ---p 00010000 08:01 262184                     /usr/lib/jvm/java-7-openjdk-amd64/jre/lib/amd64/libverify.so
7ff567a3e000-7ff567a40000 r--p 0000f000 08:01 262184                     /usr/lib/jvm/java-7-openjdk-amd64/jre/lib/amd64/libverify.so
7ff567a40000-7ff567a41000 rw-p 00011000 08:01 262184                     /usr/lib/jvm/java-7-openjdk-amd64/jre/lib/amd64/libverify.so
7ff567a41000-7ff567a48000 r-xp 00000000 08:01 1968                       /lib/x86_64-linux-gnu/librt-2.19.so
7ff567a48000-7ff567c47000 ---p 00007000 08:01 1968                       /lib/x86_64-linux-gnu/librt-2.19.so
7ff567c47000-7ff567c48000 r--p 00006000 08:01 1968                       /lib/x86_64-linux-gnu/librt-2.19.so
7ff567c48000-7ff567c49000 rw-p 00007000 08:01 1968                       /lib/x86_64-linux-gnu/librt-2.19.so
7ff567c49000-7ff567c5f000 r-xp 00000000 08:01 1901                       /lib/x86_64-linux-gnu/libgcc_s.so.1
7ff567c5f000-7ff567e5e000 ---p 00016000 08:01 1901                       /lib/x86_64-linux-gnu/libgcc_s.so.1
7ff567e5e000-7ff567e5f000 rw-p 00015000 08:01 1901                       /lib/x86_64-linux-gnu/libgcc_s.so.1
7ff567e5f000-7ff567f64000 r-xp 00000000 08:01 2023                       /lib/x86_64-linux-gnu/libm-2.19.so
7ff567f64000-7ff568163000 ---p 00105000 08:01 2023                       /lib/x86_64-linux-gnu/libm-2.19.so
7ff568163000-7ff568164000 r--p 00104000 08:01 2023                       /lib/x86_64-linux-gnu/libm-2.19.so
7ff568164000-7ff568165000 rw-p 00105000 08:01 2023                       /lib/x86_64-linux-gnu/libm-2.19.so
7ff568165000-7ff56824b000 r-xp 00000000 08:01 23699                      /usr/lib/x86_64-linux-gnu/libstdc++.so.6.0.19
7ff56824b000-7ff56844a000 ---p 000e6000 08:01 23699                      /usr/lib/x86_64-linux-gnu/libstdc++.so.6.0.19
7ff56844a000-7ff568452000 r--p 000e5000 08:01 23699                      /usr/lib/x86_64-linux-gnu/libstdc++.so.6.0.19
7ff568452000-7ff568454000 rw-p 000ed000 08:01 23699                      /usr/lib/x86_64-linux-gnu/libstdc++.so.6.0.19
7ff568454000-7ff568469000 rw-p 00000000 00:00 0 
7ff568469000-7ff568f7f000 r-xp 00000000 08:01 262191                     /usr/lib/jvm/java-7-openjdk-amd64/jre/lib/amd64/server/libjvm.so
7ff568f7f000-7ff56917e000 ---p 00b16000 08:01 262191                     /usr/lib/jvm/java-7-openjdk-amd64/jre/lib/amd64/server/libjvm.so
7ff56917e000-7ff569218000 r--p 00b15000 08:01 262191                     /usr/lib/jvm/java-7-openjdk-amd64/jre/lib/amd64/server/libjvm.so
7ff569218000-7ff56923b000 rw-p 00baf000 08:01 262191                     /usr/lib/jvm/java-7-openjdk-amd64/jre/lib/amd64/server/libjvm.so
7ff56923b000-7ff569269000 rw-p 00000000 00:00 0 
7ff569269000-7ff569281000 r-xp 00000000 08:01 1888                       /lib/x86_64-linux-gnu/libz.so.1.2.8
7ff569281000-7ff569480000 ---p 00018000 08:01 1888                       /lib/x86_64-linux-gnu/libz.so.1.2.8
7ff569480000-7ff569481000 r--p 00017000 08:01 1888                       /lib/x86_64-linux-gnu/libz.so.1.2.8
7ff569481000-7ff569482000 rw-p 00018000 08:01 1888                       /lib/x86_64-linux-gnu/libz.so.1.2.8
7ff569482000-7ff56949b000 r-xp 00000000 08:01 2018                       /lib/x86_64-linux-gnu/libpthread-2.19.so
7ff56949b000-7ff56969a000 ---p 00019000 08:01 2018                       /lib/x86_64-linux-gnu/libpthread-2.19.so
7ff56969a000-7ff56969b000 r--p 00018000 08:01 2018                       /lib/x86_64-linux-gnu/libpthread-2.19.so
7ff56969b000-7ff56969c000 rw-p 00019000 08:01 2018                       /lib/x86_64-linux-gnu/libpthread-2.19.so
7ff56969c000-7ff5696a0000 rw-p 00000000 00:00 0 
7ff5696a0000-7ff5696a3000 r-xp 00000000 08:01 1993                       /lib/x86_64-linux-gnu/libdl-2.19.so
7ff5696a3000-7ff5698a2000 ---p 00003000 08:01 1993                       /lib/x86_64-linux-gnu/libdl-2.19.so
7ff5698a2000-7ff5698a3000 r--p 00002000 08:01 1993                       /lib/x86_64-linux-gnu/libdl-2.19.so
7ff5698a3000-7ff5698a4000 rw-p 00003000 08:01 1993                       /lib/x86_64-linux-gnu/libdl-2.19.so
7ff5698a4000-7ff569a5f000 r-xp 00000000 08:01 1880                       /lib/x86_64-linux-gnu/libc-2.19.so
7ff569a5f000-7ff569c5f000 ---p 001bb000 08:01 1880                       /lib/x86_64-linux-gnu/libc-2.19.so
7ff569c5f000-7ff569c63000 r--p 001bb000 08:01 1880                       /lib/x86_64-linux-gnu/libc-2.19.so
7ff569c63000-7ff569c65000 rw-p 001bf000 08:01 1880                       /lib/x86_64-linux-gnu/libc-2.19.so
7ff569c65000-7ff569c6a000 rw-p 00000000 00:00 0 
7ff569c6a000-7ff569c77000 r-xp 00000000 08:01 262167                     /usr/lib/jvm/java-7-openjdk-amd64/jre/lib/amd64/jli/libjli.so
7ff569c77000-7ff569e76000 ---p 0000d000 08:01 262167                     /usr/lib/jvm/java-7-openjdk-amd64/jre/lib/amd64/jli/libjli.so
7ff569e76000-7ff569e77000 r--p 0000c000 08:01 262167                     /usr/lib/jvm/java-7-openjdk-amd64/jre/lib/amd64/jli/libjli.so
7ff569e77000-7ff569e78000 rw-p 0000d000 08:01 262167                     /usr/lib/jvm/java-7-openjdk-amd64/jre/lib/amd64/jli/libjli.so
7ff569e78000-7ff569e9b000 r-xp 00000000 08:01 1892                       /lib/x86_64-linux-gnu/ld-2.19.so
7ff569eb3000-7ff569eb7000 r--s 00034000 08:01 262231                     /usr/lib/jvm/java-7-openjdk-amd64/jre/lib/ext/sunjce_provider.jar
7ff569eb7000-7ff569ebb000 r--s 00085000 08:01 262230                     /usr/lib/jvm/java-7-openjdk-amd64/jre/lib/ext/localedata.jar
7ff569ebb000-7ff569ebf000 r--s 0003c000 08:01 262229                     /usr/lib/jvm/java-7-openjdk-amd64/jre/lib/ext/sunpkcs11.jar
7ff569ebf000-7ff569ec1000 r--s 00006000 08:01 61906                      /usr/share/java/java-atk-wrapper.jar
7ff569ec1000-7ff569ecb000 rw-p 00000000 00:00 0 
7ff569ecb000-7ff569f81000 rw-p 00000000 00:00 0 
7ff569f81000-7ff569f89000 rw-s 00000000 08:01 141459                     /tmp/hsperfdata_vagrant/15980
7ff569f89000-7ff569f8c000 ---p 00000000 00:00 0 
7ff569f8c000-7ff56a08f000 rw-p 00000000 00:00 0                          [stack:15984]
7ff56a090000-7ff56a091000 r--s 00002000 08:01 262232                     /usr/lib/jvm/java-7-openjdk-amd64/jre/lib/ext/dnsns.jar
7ff56a091000-7ff56a093000 r--s 00012000 08:01 262228                     /usr/lib/jvm/java-7-openjdk-amd64/jre/lib/ext/zipfs.jar
7ff56a093000-7ff56a096000 r--s 0000f000 08:01 262227                     /usr/lib/jvm/java-7-openjdk-amd64/jre/lib/ext/icedtea-sound.jar
7ff56a096000-7ff56a097000 rw-p 00000000 00:00 0 
7ff56a097000-7ff56a098000 ---p 00000000 00:00 0 
7ff56a098000-7ff56a09a000 rw-p 00000000 00:00 0 
7ff56a09a000-7ff56a09b000 r--p 00022000 08:01 1892                       /lib/x86_64-linux-gnu/ld-2.19.so
7ff56a09b000-7ff56a09c000 rw-p 00023000 08:01 1892                       /lib/x86_64-linux-gnu/ld-2.19.so
7ff56a09c000-7ff56a09d000 rw-p 00000000 00:00 0 
7fff8324f000-7fff83270000 rw-p 00000000 00:00 0                          [stack]
7fff833d2000-7fff833d4000 r-xp 00000000 00:00 0                          [vdso]
ffffffffff600000-ffffffffff601000 r-xp 00000000 00:00 0                  [vsyscall]

VM Arguments:
jvm_args: -Dapplication.home=/usr/lib/jvm/java-7-openjdk-amd64 -Xms8m 
java_command: com.sun.tools.javac.Main @/tmp/sbt_1449c19e/argfile
Launcher Type: SUN_STANDARD

Environment Variables:
PATH=/usr/local/sbin:/usr/local/bin:/usr/sbin:/usr/bin:/sbin:/bin:/usr/games:/usr/local/games:/home/vagrant/activator-1.2.12/
SHELL=/bin/bash

Signal Handlers:
SIGSEGV: [libjvm.so+0x9495e0], sa_mask[0]=0x7ffbfeff, sa_flags=0x10000004
SIGBUS: [libjvm.so+0x9495e0], sa_mask[0]=0x7ffbfeff, sa_flags=0x10000004
SIGFPE: [libjvm.so+0x7c3410], sa_mask[0]=0x7ffbfeff, sa_flags=0x10000004
SIGPIPE: [libjvm.so+0x7c3410], sa_mask[0]=0x7ffbfeff, sa_flags=0x10000004
SIGXFSZ: [libjvm.so+0x7c3410], sa_mask[0]=0x7ffbfeff, sa_flags=0x10000004
SIGILL: [libjvm.so+0x7c3410], sa_mask[0]=0x7ffbfeff, sa_flags=0x10000004
SIGUSR1: SIG_DFL, sa_mask[0]=0x00000000, sa_flags=0x00000000
SIGUSR2: [libjvm.so+0x7c32b0], sa_mask[0]=0x00000004, sa_flags=0x10000004
SIGHUP: [libjvm.so+0x7c3490], sa_mask[0]=0x7ffbfeff, sa_flags=0x10000004
SIGINT: [libjvm.so+0x7c3490], sa_mask[0]=0x7ffbfeff, sa_flags=0x10000004
SIGTERM: [libjvm.so+0x7c3490], sa_mask[0]=0x7ffbfeff, sa_flags=0x10000004
SIGQUIT: [libjvm.so+0x7c3490], sa_mask[0]=0x7ffbfeff, sa_flags=0x10000004
SIGTRAP: SIG_DFL, sa_mask[0]=0x00000000, sa_flags=0x00000000


---------------  S Y S T E M  ---------------

OS:Ubuntu 14.04 (trusty)
uname:Linux 3.13.0-40-generic #69-Ubuntu SMP Thu Nov 13 17:53:56 UTC 2014 x86_64
libc:glibc 2.19 NPTL 2.19 
rlimit: STACK 8192k, CORE 0k, NPROC 7874, NOFILE 4096, AS infinity
load average:1.29 1.01 0.78

/proc/meminfo:
MemTotal:        1017844 kB
MemFree:           57164 kB
Buffers:              52 kB
Cached:             3232 kB
SwapCached:            0 kB
Active:           919880 kB
Inactive:           2772 kB
Active(anon):     919492 kB
Inactive(anon):      880 kB
Active(file):        388 kB
Inactive(file):     1892 kB
Unevictable:           0 kB
Mlocked:               0 kB
SwapTotal:             0 kB
SwapFree:              0 kB
Dirty:                76 kB
Writeback:             0 kB
AnonPages:        919392 kB
Mapped:             1308 kB
Shmem:               980 kB
Slab:              18024 kB
SReclaimable:       9564 kB
SUnreclaim:         8460 kB
KernelStack:        1144 kB
PageTables:         5372 kB
NFS_Unstable:          0 kB
Bounce:                0 kB
WritebackTmp:          0 kB
CommitLimit:      508920 kB
Committed_AS:    1528440 kB
VmallocTotal:   34359738367 kB
VmallocUsed:       18764 kB
VmallocChunk:   34359715831 kB
HardwareCorrupted:     0 kB
AnonHugePages:    794624 kB
HugePages_Total:       0
HugePages_Free:        0
HugePages_Rsvd:        0
HugePages_Surp:        0
Hugepagesize:       2048 kB
DirectMap4k:       32704 kB
DirectMap2M:     1015808 kB


CPU:total 1 (1 cores per cpu, 1 threads per core) family 6 model 23 stepping 10, cmov, cx8, fxsr, mmx, sse, sse2, sse3, ssse3, tsc

/proc/cpuinfo:
processor	: 0
vendor_id	: GenuineIntel
cpu family	: 6
model		: 23
model name	: Intel(R) Core(TM)2 Duo CPU     P8700  @ 2.53GHz
stepping	: 10
microcode	: 0x60b
cpu MHz		: 467.117
cache size	: 6144 KB
physical id	: 0
siblings	: 1
core id		: 0
cpu cores	: 1
apicid		: 0
initial apicid	: 0
fpu		: yes
fpu_exception	: yes
cpuid level	: 5
wp		: yes
flags		: fpu vme de pse tsc msr pae mce cx8 apic sep mtrr pge mca cmov pat pse36 clflush mmx fxsr sse sse2 syscall nx lm constant_tsc rep_good nopl pni monitor ssse3 lahf_lm
bogomips	: 934.23
clflush size	: 64
cache_alignment	: 64
address sizes	: 36 bits physical, 48 bits virtual
power management:



Memory: 4k page, physical 1017844k(56908k free), swap 0k(0k free)

vm_info: OpenJDK 64-Bit Server VM (24.65-b04) for linux-amd64 JRE (1.7.0_65-b32), built on Oct 22 2014 04:37:44 by "buildd" with gcc 4.8.2

time: Mon Feb  2 22:57:52 2015
elapsed time: 5 seconds

