#
# There is insufficient memory for the Java Runtime Environment to continue.
# Native memory allocation (malloc) failed to allocate 2322432 bytes for committing reserved memory.
# Possible reasons:
#   The system is out of physical RAM or swap space
#   In 32 bit mode, the process size limit was hit
# Possible solutions:
#   Reduce memory load on the system
#   Increase physical memory or swap space
#   Check if swap backing store is full
#   Use 64 bit Java on a 64 bit OS
#   Decrease Java heap size (-Xmx/-Xms)
#   Decrease number of Java threads
#   Decrease Java thread stack sizes (-Xss)
#   Set larger code cache with -XX:ReservedCodeCacheSize=
# This output file may be truncated or incomplete.
#
#  Out of Memory Error (os_linux.cpp:2798), pid=19197, tid=140634293769984
#
# JRE version: OpenJDK Runtime Environment (7.0_65-b32) (build 1.7.0_65-b32)
# Java VM: OpenJDK 64-Bit Server VM (24.65-b04 mixed mode linux-amd64 compressed oops)
# Derivative: IcedTea 2.5.3
# Distribution: Ubuntu 14.04 LTS, package 7u71-2.5.3-0ubuntu0.14.04.1
# Failed to write core dump. Core dumps have been disabled. To enable core dumping, try "ulimit -c unlimited" before starting Java again
#

---------------  T H R E A D  ---------------

Current thread (0x00007fe7f406b800):  VMThread [stack: 0x00007fe7f90f9000,0x00007fe7f91fa000] [id=19202]

Stack: [0x00007fe7f90f9000,0x00007fe7f91fa000],  sp=0x00007fe7f91f8590,  free space=1021k
Native frames: (J=compiled Java code, j=interpreted, Vv=VM code, C=native code)
V  [libjvm.so+0x948b05]  VMError::report_and_die()+0x175
V  [libjvm.so+0x48bc34]  report_vm_out_of_memory(char const*, int, unsigned long, char const*)+0x74
V  [libjvm.so+0x7c7bfb]  os::pd_commit_memory(char*, unsigned long, unsigned long, bool)+0xeb
V  [libjvm.so+0x7c26bf]  os::commit_memory(char*, unsigned long, unsigned long, bool)+0x1f
V  [libjvm.so+0x9459f4]  VirtualSpace::expand_by(unsigned long, bool)+0x1c4
V  [libjvm.so+0x561b1e]  OneContigSpaceCardGeneration::grow_by(unsigned long)+0x1e
V  [libjvm.so+0x561e55]  OneContigSpaceCardGeneration::expand(unsigned long, unsigned long)+0x85
V  [libjvm.so+0x5535f0]  GenCollectedHeap::do_collection(bool, bool, unsigned long, bool, int)+0x7a0
V  [libjvm.so+0x425812]  GenCollectorPolicy::satisfy_failed_allocation(unsigned long, bool)+0xb2
V  [libjvm.so+0x949e01]  VM_GenCollectForAllocation::doit()+0x81
V  [libjvm.so+0x94e9f7]  VM_Operation::evaluate()+0x47
V  [libjvm.so+0x94d368]  VMThread::evaluate_operation(VM_Operation*)+0x318
V  [libjvm.so+0x94d7c9]  VMThread::loop()+0x219
V  [libjvm.so+0x94dc12]  VMThread::run()+0x72
V  [libjvm.so+0x7c4ac2]  java_start(Thread*)+0xf2

VM_Operation (0x00007fe7fcbffa90): GenCollectForAllocation, mode: safepoint, requested by thread 0x00007fe7f400a000


---------------  P R O C E S S  ---------------

Java Threads: ( => current thread )
  0x00007fe7f40a6000 JavaThread "Service Thread" daemon [_thread_blocked, id=19208, stack(0x00007fe7f896a000,0x00007fe7f8a6b000)]
  0x00007fe7f40a3800 JavaThread "C2 CompilerThread1" daemon [_thread_blocked, id=19207, stack(0x00007fe7f8a6b000,0x00007fe7f8b6c000)]
  0x00007fe7f40a1000 JavaThread "C2 CompilerThread0" daemon [_thread_blocked, id=19206, stack(0x00007fe7f8b6c000,0x00007fe7f8c6d000)]
  0x00007fe7f409f000 JavaThread "Signal Dispatcher" daemon [_thread_blocked, id=19205, stack(0x00007fe7f8c6d000,0x00007fe7f8d6e000)]
  0x00007fe7f4072000 JavaThread "Finalizer" daemon [_thread_blocked, id=19204, stack(0x00007fe7f8ef7000,0x00007fe7f8ff8000)]
  0x00007fe7f4070000 JavaThread "Reference Handler" daemon [_thread_blocked, id=19203, stack(0x00007fe7f8ff8000,0x00007fe7f90f9000)]
  0x00007fe7f400a000 JavaThread "main" [_thread_blocked, id=19201, stack(0x00007fe7fcb01000,0x00007fe7fcc02000)]

Other Threads:
=>0x00007fe7f406b800 VMThread [stack: 0x00007fe7f90f9000,0x00007fe7f91fa000] [id=19202]
  0x00007fe7f40b1000 WatcherThread [stack: 0x00007fe7f8869000,0x00007fe7f896a000] [id=19209]

VM state:at safepoint (normal execution)

VM Mutex/Monitor currently owned by a thread:  ([mutex/lock_event])
[0x00007fe7f4006440] Threads_lock - owner thread: 0x00007fe7f406b800
[0x00007fe7f4006940] Heap_lock - owner thread: 0x00007fe7f400a000

Heap
 def new generation   total 3200K, used 0K [0x00000000d6800000, 0x00000000d6b70000, 0x00000000e0e00000)
  eden space 2880K,   0% used [0x00000000d6800000, 0x00000000d6800000, 0x00000000d6ad0000)
  from space 320K,   0% used [0x00000000d6ad0000, 0x00000000d6ad0000, 0x00000000d6b20000)
  to   space 320K,   0% used [0x00000000d6b20000, 0x00000000d6b20000, 0x00000000d6b70000)
 tenured generation   total 7528K, used 5876K [0x00000000e0e00000, 0x00000000e155a000, 0x00000000f5a00000)
   the space 7528K,  78% used [0x00000000e0e00000, 0x00000000e13bd090, 0x00000000e13bd200, 0x00000000e155a000)
 compacting perm gen  total 21248K, used 6982K [0x00000000f5a00000, 0x00000000f6ec0000, 0x0000000100000000)
   the space 21248K,  32% used [0x00000000f5a00000, 0x00000000f60d1830, 0x00000000f60d1a00, 0x00000000f6ec0000)
No shared spaces configured.

Card table byte_map: [0x00007fe7f95e8000,0x00007fe7f9735000] byte_map_base: 0x00007fe7f8f34000

Polling page: 0x00007fe7fcc0f000

Code Cache  [0x00007fe7f1000000, 0x00007fe7f1270000, 0x00007fe7f4000000)
 total_blobs=294 nmethods=71 adapters=177 free_code_cache=48577Kb largest_free_block=49707136

Compilation events (10 events):
Event: 6.854 Thread 0x00007fe7f40a3800 nmethod 66 0x00007fe7f108f3d0 code [0x00007fe7f108f5e0, 0x00007fe7f1090c18]
Event: 6.948 Thread 0x00007fe7f40a3800   69             com.sun.tools.javac.file.ZipFileIndex$ZipDirectory::buildIndex (204 bytes)
Event: 7.070 Thread 0x00007fe7f40a1000 nmethod 68 0x00007fe7f1091a90 code [0x00007fe7f1091ca0, 0x00007fe7f1093358]
Event: 7.073 Thread 0x00007fe7f40a1000   70 %           java.util.ComparableTimSort::binarySort @ 72 (223 bytes)
Event: 7.264 Thread 0x00007fe7f40a3800 nmethod 69 0x00007fe7f1096590 code [0x00007fe7f10968a0, 0x00007fe7f10974f8]
Event: 7.266 Thread 0x00007fe7f40a1000 nmethod 70% 0x00007fe7f108e110 code [0x00007fe7f108e2e0, 0x00007fe7f108eb58]
Event: 7.268 Thread 0x00007fe7f40a3800   71             java.util.ComparableTimSort::mergeLo (652 bytes)
Event: 7.269 Thread 0x00007fe7f40a1000   72             java.util.Arrays::copyOfRange (63 bytes)
Event: 7.357 Thread 0x00007fe7f40a1000 nmethod 72 0x00007fe7f1083b10 code [0x00007fe7f1083c60, 0x00007fe7f1083e58]
Event: 7.358 Thread 0x00007fe7f40a1000   73             java.util.ComparableTimSort::mergeHi (716 bytes)

GC Heap History (10 events):
Event: 4.286 GC heap after
Heap after GC invocations=8 (full 0):
 def new generation   total 2432K, used 109K [0x00000000d6800000, 0x00000000d6aa0000, 0x00000000e0e00000)
  eden space 2176K,   0% used [0x00000000d6800000, 0x00000000d6800000, 0x00000000d6a20000)
  from space 256K,  42% used [0x00000000d6a20000, 0x00000000d6a3b648, 0x00000000d6a60000)
  to   space 256K,   0% used [0x00000000d6a60000, 0x00000000d6a60000, 0x00000000d6aa0000)
 tenured generation   total 5504K, used 3209K [0x00000000e0e00000, 0x00000000e1360000, 0x00000000f5a00000)
   the space 5504K,  58% used [0x00000000e0e00000, 0x00000000e1122548, 0x00000000e1122600, 0x00000000e1360000)
 compacting perm gen  total 21248K, used 6456K [0x00000000f5a00000, 0x00000000f6ec0000, 0x0000000100000000)
   the space 21248K,  30% used [0x00000000f5a00000, 0x00000000f604e338, 0x00000000f604e400, 0x00000000f6ec0000)
No shared spaces configured.
}
Event: 5.246 GC heap before
{Heap before GC invocations=8 (full 0):
 def new generation   total 2432K, used 2231K [0x00000000d6800000, 0x00000000d6aa0000, 0x00000000e0e00000)
  eden space 2176K,  97% used [0x00000000d6800000, 0x00000000d6a12908, 0x00000000d6a20000)
  from space 256K,  42% used [0x00000000d6a20000, 0x00000000d6a3b648, 0x00000000d6a60000)
  to   space 256K,   0% used [0x00000000d6a60000, 0x00000000d6a60000, 0x00000000d6aa0000)
 tenured generation   total 5504K, used 3209K [0x00000000e0e00000, 0x00000000e1360000, 0x00000000f5a00000)
   the space 5504K,  58% used [0x00000000e0e00000, 0x00000000e1122548, 0x00000000e1122600, 0x00000000e1360000)
 compacting perm gen  total 21248K, used 6704K [0x00000000f5a00000, 0x00000000f6ec0000, 0x0000000100000000)
   the space 21248K,  31% used [0x00000000f5a00000, 0x00000000f608c1c0, 0x00000000f608c200, 0x00000000f6ec0000)
No shared spaces configured.
Event: 5.259 GC heap after
Heap after GC invocations=9 (full 0):
 def new generation   total 2432K, used 256K [0x00000000d6800000, 0x00000000d6aa0000, 0x00000000e0e00000)
  eden space 2176K,   0% used [0x00000000d6800000, 0x00000000d6800000, 0x00000000d6a20000)
  from space 256K, 100% used [0x00000000d6a60000, 0x00000000d6aa0000, 0x00000000d6aa0000)
  to   space 256K,   0% used [0x00000000d6a20000, 0x00000000d6a20000, 0x00000000d6a60000)
 tenured generation   total 5504K, used 3606K [0x00000000e0e00000, 0x00000000e1360000, 0x00000000f5a00000)
   the space 5504K,  65% used [0x00000000e0e00000, 0x00000000e1185b48, 0x00000000e1185c00, 0x00000000e1360000)
 compacting perm gen  total 21248K, used 6704K [0x00000000f5a00000, 0x00000000f6ec0000, 0x0000000100000000)
   the space 21248K,  31% used [0x00000000f5a00000, 0x00000000f608c1c0, 0x00000000f608c200, 0x00000000f6ec0000)
No shared spaces configured.
}
Event: 5.577 GC heap before
{Heap before GC invocations=9 (full 0):
 def new generation   total 2432K, used 956K [0x00000000d6800000, 0x00000000d6aa0000, 0x00000000e0e00000)
  eden space 2176K,  32% used [0x00000000d6800000, 0x00000000d68af118, 0x00000000d6a20000)
  from space 256K, 100% used [0x00000000d6a60000, 0x00000000d6aa0000, 0x00000000d6aa0000)
  to   space 256K,   0% used [0x00000000d6a20000, 0x00000000d6a20000, 0x00000000d6a60000)
 tenured generation   total 5504K, used 3606K [0x00000000e0e00000, 0x00000000e1360000, 0x00000000f5a00000)
   the space 5504K,  65% used [0x00000000e0e00000, 0x00000000e1185b48, 0x00000000e1185c00, 0x00000000e1360000)
 compacting perm gen  total 21248K, used 6943K [0x00000000f5a00000, 0x00000000f6ec0000, 0x0000000100000000)
   the space 21248K,  32% used [0x00000000f5a00000, 0x00000000f60c7ce8, 0x00000000f60c7e00, 0x00000000f6ec0000)
No shared spaces configured.
Event: 5.595 GC heap after
Heap after GC invocations=10 (full 0):
 def new generation   total 2432K, used 218K [0x00000000d6800000, 0x00000000d6aa0000, 0x00000000e0e00000)
  eden space 2176K,   0% used [0x00000000d6800000, 0x00000000d6800000, 0x00000000d6a20000)
  from space 256K,  85% used [0x00000000d6a20000, 0x00000000d6a56980, 0x00000000d6a60000)
  to   space 256K,   0% used [0x00000000d6a60000, 0x00000000d6a60000, 0x00000000d6aa0000)
 tenured generation   total 5504K, used 3818K [0x00000000e0e00000, 0x00000000e1360000, 0x00000000f5a00000)
   the space 5504K,  69% used [0x00000000e0e00000, 0x00000000e11bab58, 0x00000000e11bac00, 0x00000000e1360000)
 compacting perm gen  total 21248K, used 6943K [0x00000000f5a00000, 0x00000000f6ec0000, 0x0000000100000000)
   the space 21248K,  32% used [0x00000000f5a00000, 0x00000000f60c7ce8, 0x00000000f60c7e00, 0x00000000f6ec0000)
No shared spaces configured.
}
Event: 6.138 GC heap before
{Heap before GC invocations=10 (full 0):
 def new generation   total 2432K, used 2394K [0x00000000d6800000, 0x00000000d6aa0000, 0x00000000e0e00000)
  eden space 2176K, 100% used [0x00000000d6800000, 0x00000000d6a20000, 0x00000000d6a20000)
  from space 256K,  85% used [0x00000000d6a20000, 0x00000000d6a56980, 0x00000000d6a60000)
  to   space 256K,   0% used [0x00000000d6a60000, 0x00000000d6a60000, 0x00000000d6aa0000)
 tenured generation   total 5504K, used 3818K [0x00000000e0e00000, 0x00000000e1360000, 0x00000000f5a00000)
   the space 5504K,  69% used [0x00000000e0e00000, 0x00000000e11bab58, 0x00000000e11bac00, 0x00000000e1360000)
 compacting perm gen  total 21248K, used 6954K [0x00000000f5a00000, 0x00000000f6ec0000, 0x0000000100000000)
   the space 21248K,  32% used [0x00000000f5a00000, 0x00000000f60ca868, 0x00000000f60caa00, 0x00000000f6ec0000)
No shared spaces configured.
Event: 6.278 GC heap after
Heap after GC invocations=11 (full 1):
 def new generation   total 3200K, used 0K [0x00000000d6800000, 0x00000000d6b70000, 0x00000000e0e00000)
  eden space 2880K,   0% used [0x00000000d6800000, 0x00000000d6800000, 0x00000000d6ad0000)
  from space 320K,   0% used [0x00000000d6ad0000, 0x00000000d6ad0000, 0x00000000d6b20000)
  to   space 320K,   0% used [0x00000000d6b20000, 0x00000000d6b20000, 0x00000000d6b70000)
 tenured generation   total 6952K, used 4168K [0x00000000e0e00000, 0x00000000e14ca000, 0x00000000f5a00000)
   the space 6952K,  59% used [0x00000000e0e00000, 0x00000000e12123f8, 0x00000000e1212400, 0x00000000e14ca000)
 compacting perm gen  total 21248K, used 6954K [0x00000000f5a00000, 0x00000000f6ec0000, 0x0000000100000000)
   the space 21248K,  32% used [0x00000000f5a00000, 0x00000000f60ca868, 0x00000000f60caa00, 0x00000000f6ec0000)
No shared spaces configured.
}
Event: 7.074 GC heap before
{Heap before GC invocations=11 (full 1):
 def new generation   total 3200K, used 2588K [0x00000000d6800000, 0x00000000d6b70000, 0x00000000e0e00000)
  eden space 2880K,  89% used [0x00000000d6800000, 0x00000000d6a870d8, 0x00000000d6ad0000)
  from space 320K,   0% used [0x00000000d6ad0000, 0x00000000d6ad0000, 0x00000000d6b20000)
  to   space 320K,   0% used [0x00000000d6b20000, 0x00000000d6b20000, 0x00000000d6b70000)
 tenured generation   total 6952K, used 4168K [0x00000000e0e00000, 0x00000000e14ca000, 0x00000000f5a00000)
   the space 6952K,  59% used [0x00000000e0e00000, 0x00000000e12123f8, 0x00000000e1212400, 0x00000000e14ca000)
 compacting perm gen  total 21248K, used 6967K [0x00000000f5a00000, 0x00000000f6ec0000, 0x0000000100000000)
   the space 21248K,  32% used [0x00000000f5a00000, 0x00000000f60cdfc8, 0x00000000f60ce000, 0x00000000f6ec0000)
No shared spaces configured.
Event: 7.086 GC heap after
Heap after GC invocations=12 (full 1):
 def new generation   total 3200K, used 320K [0x00000000d6800000, 0x00000000d6b70000, 0x00000000e0e00000)
  eden space 2880K,   0% used [0x00000000d6800000, 0x00000000d6800000, 0x00000000d6ad0000)
  from space 320K, 100% used [0x00000000d6b20000, 0x00000000d6b70000, 0x00000000d6b70000)
  to   space 320K,   0% used [0x00000000d6ad0000, 0x00000000d6ad0000, 0x00000000d6b20000)
 tenured generation   total 6952K, used 5841K [0x00000000e0e00000, 0x00000000e14ca000, 0x00000000f5a00000)
   the space 6952K,  84% used [0x00000000e0e00000, 0x00000000e13b4650, 0x00000000e13b4800, 0x00000000e14ca000)
 compacting perm gen  total 21248K, used 6967K [0x00000000f5a00000, 0x00000000f6ec0000, 0x0000000100000000)
   the space 21248K,  32% used [0x00000000f5a00000, 0x00000000f60cdfc8, 0x00000000f60ce000, 0x00000000f6ec0000)
No shared spaces configured.
}
Event: 7.482 GC heap before
{Heap before GC invocations=12 (full 1):
 def new generation   total 3200K, used 3200K [0x00000000d6800000, 0x00000000d6b70000, 0x00000000e0e00000)
  eden space 2880K, 100% used [0x00000000d6800000, 0x00000000d6ad0000, 0x00000000d6ad0000)
  from space 320K, 100% used [0x00000000d6b20000, 0x00000000d6b70000, 0x00000000d6b70000)
  to   space 320K,   0% used [0x00000000d6ad0000, 0x00000000d6ad0000, 0x00000000d6b20000)
 tenured generation   total 6952K, used 5841K [0x00000000e0e00000, 0x00000000e14ca000, 0x00000000f5a00000)
   the space 6952K,  84% used [0x00000000e0e00000, 0x00000000e13b4650, 0x00000000e13b4800, 0x00000000e14ca000)
 compacting perm gen  total 21248K, used 6982K [0x00000000f5a00000, 0x00000000f6ec0000, 0x0000000100000000)
   the space 21248K,  32% used [0x00000000f5a00000, 0x00000000f60d1830, 0x00000000f60d1a00, 0x00000000f6ec0000)
No shared spaces configured.

Deoptimization events (10 events):
Event: 6.950 Thread 0x00007fe7f400a000 Uncommon trap: reason=array_check action=maybe_recompile pc=0x00007fe7f1090648 method=java.util.ComparableTimSort.mergeLo(IIII)V @ 77
Event: 6.950 Thread 0x00007fe7f400a000 Uncommon trap: reason=array_check action=maybe_recompile pc=0x00007fe7f1089e04 method=java.util.ComparableTimSort.binarySort([Ljava/lang/Object;III)V @ 215
Event: 6.950 Thread 0x00007fe7f400a000 Uncommon trap: reason=array_check action=maybe_recompile pc=0x00007fe7f1089e04 method=java.util.ComparableTimSort.binarySort([Ljava/lang/Object;III)V @ 215
Event: 6.951 Thread 0x00007fe7f400a000 Uncommon trap: reason=array_check action=maybe_recompile pc=0x00007fe7f1090648 method=java.util.ComparableTimSort.mergeLo(IIII)V @ 77
Event: 6.951 Thread 0x00007fe7f400a000 Uncommon trap: reason=array_check action=maybe_recompile pc=0x00007fe7f1090648 method=java.util.ComparableTimSort.mergeLo(IIII)V @ 77
Event: 6.951 Thread 0x00007fe7f400a000 Uncommon trap: reason=array_check action=maybe_recompile pc=0x00007fe7f1090648 method=java.util.ComparableTimSort.mergeLo(IIII)V @ 77
Event: 7.157 Thread 0x00007fe7f400a000 Uncommon trap: reason=array_check action=maybe_recompile pc=0x00007fe7f1092de0 method=java.util.ComparableTimSort.mergeHi(IIII)V @ 91
Event: 7.157 Thread 0x00007fe7f400a000 Uncommon trap: reason=array_check action=maybe_recompile pc=0x00007fe7f1092de0 method=java.util.ComparableTimSort.mergeHi(IIII)V @ 91
Event: 7.158 Thread 0x00007fe7f400a000 Uncommon trap: reason=array_check action=maybe_recompile pc=0x00007fe7f1092de0 method=java.util.ComparableTimSort.mergeHi(IIII)V @ 91
Event: 7.158 Thread 0x00007fe7f400a000 Uncommon trap: reason=array_check action=maybe_recompile pc=0x00007fe7f1092de0 method=java.util.ComparableTimSort.mergeHi(IIII)V @ 91

Internal exceptions (10 events):
Event: 5.352 Thread 0x00007fe7f400a000 Threw 0x00000000d68535b0 at /build/buildd/openjdk-7-7u71-2.5.3/build/openjdk/hotspot/src/share/vm/prims/jvm.cpp:1284
Event: 5.385 Thread 0x00007fe7f400a000 Threw 0x00000000d6866328 at /build/buildd/openjdk-7-7u71-2.5.3/build/openjdk/hotspot/src/share/vm/prims/jvm.cpp:1284
Event: 5.390 Thread 0x00007fe7f400a000 Threw 0x00000000d686f7b0 at /build/buildd/openjdk-7-7u71-2.5.3/build/openjdk/hotspot/src/share/vm/prims/jvm.cpp:1284
Event: 5.393 Thread 0x00007fe7f400a000 Threw 0x00000000d687ed40 at /build/buildd/openjdk-7-7u71-2.5.3/build/openjdk/hotspot/src/share/vm/prims/jvm.cpp:1284
Event: 5.865 Thread 0x00007fe7f400a000 Implicit null exception at 0x00007fe7f107f2b3 to 0x00007fe7f107fca5
Event: 6.819 Thread 0x00007fe7f400a000 Threw 0x00000000d69e0780 at /build/buildd/openjdk-7-7u71-2.5.3/build/openjdk/hotspot/src/share/vm/prims/jni.cpp:721
Event: 6.826 Thread 0x00007fe7f400a000 Threw 0x00000000d69e1d70 at /build/buildd/openjdk-7-7u71-2.5.3/build/openjdk/hotspot/src/share/vm/prims/jvm.cpp:1284
Event: 7.021 Thread 0x00007fe7f400a000 Threw 0x00000000d6a55b78 at /build/buildd/openjdk-7-7u71-2.5.3/build/openjdk/hotspot/src/share/vm/prims/jni.cpp:721
Event: 7.040 Thread 0x00007fe7f400a000 Threw 0x00000000d6a56390 at /build/buildd/openjdk-7-7u71-2.5.3/build/openjdk/hotspot/src/share/vm/prims/jni.cpp:721
Event: 7.361 Thread 0x00007fe7f400a000 Threw 0x00000000d6a585c8 at /build/buildd/openjdk-7-7u71-2.5.3/build/openjdk/hotspot/src/share/vm/prims/jvm.cpp:1284

Events (10 events):
Event: 7.157 Thread 0x00007fe7f400a000 DEOPT UNPACKING pc=0x00007fe7f1039045 sp=0x00007fe7fcbff978 mode 2
Event: 7.158 Thread 0x00007fe7f400a000 Uncommon trap: trap_request=0xffffffd6 fr.pc=0x00007fe7f1092de0
Event: 7.158 Thread 0x00007fe7f400a000 DEOPT PACKING pc=0x00007fe7f1092de0 sp=0x00007fe7fcbff970
Event: 7.158 Thread 0x00007fe7f400a000 DEOPT UNPACKING pc=0x00007fe7f1039045 sp=0x00007fe7fcbff978 mode 2
Event: 7.158 Thread 0x00007fe7f400a000 Uncommon trap: trap_request=0xffffffd6 fr.pc=0x00007fe7f1092de0
Event: 7.158 Thread 0x00007fe7f400a000 DEOPT PACKING pc=0x00007fe7f1092de0 sp=0x00007fe7fcbff970
Event: 7.158 Thread 0x00007fe7f400a000 DEOPT UNPACKING pc=0x00007fe7f1039045 sp=0x00007fe7fcbff978 mode 2
Event: 7.331 loading class 0x00007fe7f426d6b0
Event: 7.341 loading class 0x00007fe7f426d6b0 done
Event: 7.480 Executing VM operation: GenCollectForAllocation


Dynamic libraries:
00400000-00401000 r-xp 00000000 08:01 264934                             /usr/lib/jvm/java-7-openjdk-amd64/bin/javac
00600000-00601000 r--p 00000000 08:01 264934                             /usr/lib/jvm/java-7-openjdk-amd64/bin/javac
00601000-00602000 rw-p 00001000 08:01 264934                             /usr/lib/jvm/java-7-openjdk-amd64/bin/javac
010cc000-010ed000 rw-p 00000000 00:00 0                                  [heap]
d6800000-d6b70000 rw-p 00000000 00:00 0 
d6b70000-e0e00000 rw-p 00000000 00:00 0 
e0e00000-e155a000 rw-p 00000000 00:00 0 
e1791000-f5a00000 rw-p 00000000 00:00 0 
f5a00000-f6ec0000 rw-p 00000000 00:00 0 
f6ec0000-100000000 rw-p 00000000 00:00 0 
7fe7d4000000-7fe7d41dc000 rw-p 00000000 00:00 0 
7fe7d41dc000-7fe7d8000000 ---p 00000000 00:00 0 
7fe7d8000000-7fe7d8021000 rw-p 00000000 00:00 0 
7fe7d8021000-7fe7dc000000 ---p 00000000 00:00 0 
7fe7dc000000-7fe7dc021000 rw-p 00000000 00:00 0 
7fe7dc021000-7fe7e0000000 ---p 00000000 00:00 0 
7fe7e0000000-7fe7e056d000 rw-p 00000000 00:00 0 
7fe7e056d000-7fe7e4000000 ---p 00000000 00:00 0 
7fe7e4000000-7fe7e4021000 rw-p 00000000 00:00 0 
7fe7e4021000-7fe7e8000000 ---p 00000000 00:00 0 
7fe7e8000000-7fe7e8021000 rw-p 00000000 00:00 0 
7fe7e8021000-7fe7ec000000 ---p 00000000 00:00 0 
7fe7ec000000-7fe7ec1a7000 rw-p 00000000 00:00 0 
7fe7ec1a7000-7fe7f0000000 ---p 00000000 00:00 0 
7fe7f1000000-7fe7f1270000 rwxp 00000000 00:00 0 
7fe7f1270000-7fe7f4585000 rw-p 00000000 00:00 0 
7fe7f4585000-7fe7f8000000 ---p 00000000 00:00 0 
7fe7f8726000-7fe7f87ff000 rw-p 00000000 00:00 0 
7fe7f87ff000-7fe7f8869000 r--s 0069e000 08:01 264873                     /usr/lib/jvm/java-7-openjdk-amd64/lib/tools.jar
7fe7f8869000-7fe7f886a000 ---p 00000000 00:00 0 
7fe7f886a000-7fe7f896a000 rw-p 00000000 00:00 0                          [stack:19209]
7fe7f896a000-7fe7f896d000 ---p 00000000 00:00 0 
7fe7f896d000-7fe7f8a6b000 rw-p 00000000 00:00 0                          [stack:19208]
7fe7f8a6b000-7fe7f8a6e000 ---p 00000000 00:00 0 
7fe7f8a6e000-7fe7f8b6c000 rw-p 00000000 00:00 0                          [stack:19207]
7fe7f8b6c000-7fe7f8b6f000 ---p 00000000 00:00 0 
7fe7f8b6f000-7fe7f8c6d000 rw-p 00000000 00:00 0                          [stack:19206]
7fe7f8c6d000-7fe7f8c70000 ---p 00000000 00:00 0 
7fe7f8c70000-7fe7f8d6e000 rw-p 00000000 00:00 0                          [stack:19205]
7fe7f8d6e000-7fe7f8ef7000 r--p 00000000 08:01 24405                      /usr/lib/locale/locale-archive
7fe7f8ef7000-7fe7f8efa000 ---p 00000000 00:00 0 
7fe7f8efa000-7fe7f8ff8000 rw-p 00000000 00:00 0                          [stack:19204]
7fe7f8ff8000-7fe7f8ffb000 ---p 00000000 00:00 0 
7fe7f8ffb000-7fe7f90f9000 rw-p 00000000 00:00 0                          [stack:19203]
7fe7f90f9000-7fe7f90fa000 ---p 00000000 00:00 0 
7fe7f90fa000-7fe7f9243000 rw-p 00000000 00:00 0                          [stack:19202]
7fe7f9243000-7fe7f93f4000 r--s 01d25000 08:01 262233                     /usr/lib/jvm/java-7-openjdk-amd64/jre/lib/rt.jar
7fe7f93f4000-7fe7f94f8000 rw-p 00000000 00:00 0 
7fe7f94f8000-7fe7f9541000 rw-p 00000000 00:00 0 
7fe7f9541000-7fe7f9545000 rw-p 00000000 00:00 0 
7fe7f9545000-7fe7f95e8000 rw-p 00000000 00:00 0 
7fe7f95e8000-7fe7f95ea000 rw-p 00000000 00:00 0 
7fe7f95ea000-7fe7f963b000 rw-p 00000000 00:00 0 
7fe7f963b000-7fe7f963f000 rw-p 00000000 00:00 0 
7fe7f963f000-7fe7f96e1000 rw-p 00000000 00:00 0 
7fe7f96e1000-7fe7f96ec000 rw-p 00000000 00:00 0 
7fe7f96ec000-7fe7f9734000 rw-p 00000000 00:00 0 
7fe7f9734000-7fe7f9735000 rw-p 00000000 00:00 0 
7fe7f9735000-7fe7f973d000 r-xp 00000000 08:01 262162                     /usr/lib/jvm/java-7-openjdk-amd64/jre/lib/amd64/libzip.so
7fe7f973d000-7fe7f993c000 ---p 00008000 08:01 262162                     /usr/lib/jvm/java-7-openjdk-amd64/jre/lib/amd64/libzip.so
7fe7f993c000-7fe7f993d000 r--p 00007000 08:01 262162                     /usr/lib/jvm/java-7-openjdk-amd64/jre/lib/amd64/libzip.so
7fe7f993d000-7fe7f993e000 rw-p 00008000 08:01 262162                     /usr/lib/jvm/java-7-openjdk-amd64/jre/lib/amd64/libzip.so
7fe7f993e000-7fe7f9949000 r-xp 00000000 08:01 2027                       /lib/x86_64-linux-gnu/libnss_files-2.19.so
7fe7f9949000-7fe7f9b48000 ---p 0000b000 08:01 2027                       /lib/x86_64-linux-gnu/libnss_files-2.19.so
7fe7f9b48000-7fe7f9b49000 r--p 0000a000 08:01 2027                       /lib/x86_64-linux-gnu/libnss_files-2.19.so
7fe7f9b49000-7fe7f9b4a000 rw-p 0000b000 08:01 2027                       /lib/x86_64-linux-gnu/libnss_files-2.19.so
7fe7f9b4a000-7fe7f9b55000 r-xp 00000000 08:01 1936                       /lib/x86_64-linux-gnu/libnss_nis-2.19.so
7fe7f9b55000-7fe7f9d54000 ---p 0000b000 08:01 1936                       /lib/x86_64-linux-gnu/libnss_nis-2.19.so
7fe7f9d54000-7fe7f9d55000 r--p 0000a000 08:01 1936                       /lib/x86_64-linux-gnu/libnss_nis-2.19.so
7fe7f9d55000-7fe7f9d56000 rw-p 0000b000 08:01 1936                       /lib/x86_64-linux-gnu/libnss_nis-2.19.so
7fe7f9d56000-7fe7f9d6d000 r-xp 00000000 08:01 2000                       /lib/x86_64-linux-gnu/libnsl-2.19.so
7fe7f9d6d000-7fe7f9f6c000 ---p 00017000 08:01 2000                       /lib/x86_64-linux-gnu/libnsl-2.19.so
7fe7f9f6c000-7fe7f9f6d000 r--p 00016000 08:01 2000                       /lib/x86_64-linux-gnu/libnsl-2.19.so
7fe7f9f6d000-7fe7f9f6e000 rw-p 00017000 08:01 2000                       /lib/x86_64-linux-gnu/libnsl-2.19.so
7fe7f9f6e000-7fe7f9f70000 rw-p 00000000 00:00 0 
7fe7f9f70000-7fe7f9f79000 r-xp 00000000 08:01 1963                       /lib/x86_64-linux-gnu/libnss_compat-2.19.so
7fe7f9f79000-7fe7fa178000 ---p 00009000 08:01 1963                       /lib/x86_64-linux-gnu/libnss_compat-2.19.so
7fe7fa178000-7fe7fa179000 r--p 00008000 08:01 1963                       /lib/x86_64-linux-gnu/libnss_compat-2.19.so
7fe7fa179000-7fe7fa17a000 rw-p 00009000 08:01 1963                       /lib/x86_64-linux-gnu/libnss_compat-2.19.so
7fe7fa17a000-7fe7fa1a5000 r-xp 00000000 08:01 262169                     /usr/lib/jvm/java-7-openjdk-amd64/jre/lib/amd64/libjava.so
7fe7fa1a5000-7fe7fa3a4000 ---p 0002b000 08:01 262169                     /usr/lib/jvm/java-7-openjdk-amd64/jre/lib/amd64/libjava.so
7fe7fa3a4000-7fe7fa3a5000 r--p 0002a000 08:01 262169                     /usr/lib/jvm/java-7-openjdk-amd64/jre/lib/amd64/libjava.so
7fe7fa3a5000-7fe7fa3a7000 rw-p 0002b000 08:01 262169                     /usr/lib/jvm/java-7-openjdk-amd64/jre/lib/amd64/libjava.so
7fe7fa3a7000-7fe7fa3b7000 r-xp 00000000 08:01 262184                     /usr/lib/jvm/java-7-openjdk-amd64/jre/lib/amd64/libverify.so
7fe7fa3b7000-7fe7fa5b6000 ---p 00010000 08:01 262184                     /usr/lib/jvm/java-7-openjdk-amd64/jre/lib/amd64/libverify.so
7fe7fa5b6000-7fe7fa5b8000 r--p 0000f000 08:01 262184                     /usr/lib/jvm/java-7-openjdk-amd64/jre/lib/amd64/libverify.so
7fe7fa5b8000-7fe7fa5b9000 rw-p 00011000 08:01 262184                     /usr/lib/jvm/java-7-openjdk-amd64/jre/lib/amd64/libverify.so
7fe7fa5b9000-7fe7fa5c0000 r-xp 00000000 08:01 1968                       /lib/x86_64-linux-gnu/librt-2.19.so
7fe7fa5c0000-7fe7fa7bf000 ---p 00007000 08:01 1968                       /lib/x86_64-linux-gnu/librt-2.19.so
7fe7fa7bf000-7fe7fa7c0000 r--p 00006000 08:01 1968                       /lib/x86_64-linux-gnu/librt-2.19.so
7fe7fa7c0000-7fe7fa7c1000 rw-p 00007000 08:01 1968                       /lib/x86_64-linux-gnu/librt-2.19.so
7fe7fa7c1000-7fe7fa7d7000 r-xp 00000000 08:01 1901                       /lib/x86_64-linux-gnu/libgcc_s.so.1
7fe7fa7d7000-7fe7fa9d6000 ---p 00016000 08:01 1901                       /lib/x86_64-linux-gnu/libgcc_s.so.1
7fe7fa9d6000-7fe7fa9d7000 rw-p 00015000 08:01 1901                       /lib/x86_64-linux-gnu/libgcc_s.so.1
7fe7fa9d7000-7fe7faadc000 r-xp 00000000 08:01 2023                       /lib/x86_64-linux-gnu/libm-2.19.so
7fe7faadc000-7fe7facdb000 ---p 00105000 08:01 2023                       /lib/x86_64-linux-gnu/libm-2.19.so
7fe7facdb000-7fe7facdc000 r--p 00104000 08:01 2023                       /lib/x86_64-linux-gnu/libm-2.19.so
7fe7facdc000-7fe7facdd000 rw-p 00105000 08:01 2023                       /lib/x86_64-linux-gnu/libm-2.19.so
7fe7facdd000-7fe7fadc3000 r-xp 00000000 08:01 23699                      /usr/lib/x86_64-linux-gnu/libstdc++.so.6.0.19
7fe7fadc3000-7fe7fafc2000 ---p 000e6000 08:01 23699                      /usr/lib/x86_64-linux-gnu/libstdc++.so.6.0.19
7fe7fafc2000-7fe7fafca000 r--p 000e5000 08:01 23699                      /usr/lib/x86_64-linux-gnu/libstdc++.so.6.0.19
7fe7fafca000-7fe7fafcc000 rw-p 000ed000 08:01 23699                      /usr/lib/x86_64-linux-gnu/libstdc++.so.6.0.19
7fe7fafcc000-7fe7fafe1000 rw-p 00000000 00:00 0 
7fe7fafe1000-7fe7fbaf7000 r-xp 00000000 08:01 262191                     /usr/lib/jvm/java-7-openjdk-amd64/jre/lib/amd64/server/libjvm.so
7fe7fbaf7000-7fe7fbcf6000 ---p 00b16000 08:01 262191                     /usr/lib/jvm/java-7-openjdk-amd64/jre/lib/amd64/server/libjvm.so
7fe7fbcf6000-7fe7fbd90000 r--p 00b15000 08:01 262191                     /usr/lib/jvm/java-7-openjdk-amd64/jre/lib/amd64/server/libjvm.so
7fe7fbd90000-7fe7fbdb3000 rw-p 00baf000 08:01 262191                     /usr/lib/jvm/java-7-openjdk-amd64/jre/lib/amd64/server/libjvm.so
7fe7fbdb3000-7fe7fbde1000 rw-p 00000000 00:00 0 
7fe7fbde1000-7fe7fbdf9000 r-xp 00000000 08:01 1888                       /lib/x86_64-linux-gnu/libz.so.1.2.8
7fe7fbdf9000-7fe7fbff8000 ---p 00018000 08:01 1888                       /lib/x86_64-linux-gnu/libz.so.1.2.8
7fe7fbff8000-7fe7fbff9000 r--p 00017000 08:01 1888                       /lib/x86_64-linux-gnu/libz.so.1.2.8
7fe7fbff9000-7fe7fbffa000 rw-p 00018000 08:01 1888                       /lib/x86_64-linux-gnu/libz.so.1.2.8
7fe7fbffa000-7fe7fc013000 r-xp 00000000 08:01 2018                       /lib/x86_64-linux-gnu/libpthread-2.19.so
7fe7fc013000-7fe7fc212000 ---p 00019000 08:01 2018                       /lib/x86_64-linux-gnu/libpthread-2.19.so
7fe7fc212000-7fe7fc213000 r--p 00018000 08:01 2018                       /lib/x86_64-linux-gnu/libpthread-2.19.so
7fe7fc213000-7fe7fc214000 rw-p 00019000 08:01 2018                       /lib/x86_64-linux-gnu/libpthread-2.19.so
7fe7fc214000-7fe7fc218000 rw-p 00000000 00:00 0 
7fe7fc218000-7fe7fc21b000 r-xp 00000000 08:01 1993                       /lib/x86_64-linux-gnu/libdl-2.19.so
7fe7fc21b000-7fe7fc41a000 ---p 00003000 08:01 1993                       /lib/x86_64-linux-gnu/libdl-2.19.so
7fe7fc41a000-7fe7fc41b000 r--p 00002000 08:01 1993                       /lib/x86_64-linux-gnu/libdl-2.19.so
7fe7fc41b000-7fe7fc41c000 rw-p 00003000 08:01 1993                       /lib/x86_64-linux-gnu/libdl-2.19.so
7fe7fc41c000-7fe7fc5d7000 r-xp 00000000 08:01 1880                       /lib/x86_64-linux-gnu/libc-2.19.so
7fe7fc5d7000-7fe7fc7d7000 ---p 001bb000 08:01 1880                       /lib/x86_64-linux-gnu/libc-2.19.so
7fe7fc7d7000-7fe7fc7db000 r--p 001bb000 08:01 1880                       /lib/x86_64-linux-gnu/libc-2.19.so
7fe7fc7db000-7fe7fc7dd000 rw-p 001bf000 08:01 1880                       /lib/x86_64-linux-gnu/libc-2.19.so
7fe7fc7dd000-7fe7fc7e2000 rw-p 00000000 00:00 0 
7fe7fc7e2000-7fe7fc7ef000 r-xp 00000000 08:01 262167                     /usr/lib/jvm/java-7-openjdk-amd64/jre/lib/amd64/jli/libjli.so
7fe7fc7ef000-7fe7fc9ee000 ---p 0000d000 08:01 262167                     /usr/lib/jvm/java-7-openjdk-amd64/jre/lib/amd64/jli/libjli.so
7fe7fc9ee000-7fe7fc9ef000 r--p 0000c000 08:01 262167                     /usr/lib/jvm/java-7-openjdk-amd64/jre/lib/amd64/jli/libjli.so
7fe7fc9ef000-7fe7fc9f0000 rw-p 0000d000 08:01 262167                     /usr/lib/jvm/java-7-openjdk-amd64/jre/lib/amd64/jli/libjli.so
7fe7fc9f0000-7fe7fca13000 r-xp 00000000 08:01 1892                       /lib/x86_64-linux-gnu/ld-2.19.so
7fe7fca2b000-7fe7fca2f000 r--s 00034000 08:01 262231                     /usr/lib/jvm/java-7-openjdk-amd64/jre/lib/ext/sunjce_provider.jar
7fe7fca2f000-7fe7fca33000 r--s 00085000 08:01 262230                     /usr/lib/jvm/java-7-openjdk-amd64/jre/lib/ext/localedata.jar
7fe7fca33000-7fe7fca37000 r--s 0003c000 08:01 262229                     /usr/lib/jvm/java-7-openjdk-amd64/jre/lib/ext/sunpkcs11.jar
7fe7fca37000-7fe7fca39000 r--s 00006000 08:01 61906                      /usr/share/java/java-atk-wrapper.jar
7fe7fca39000-7fe7fca43000 rw-p 00000000 00:00 0 
7fe7fca43000-7fe7fcaf9000 rw-p 00000000 00:00 0 
7fe7fcaf9000-7fe7fcb01000 rw-s 00000000 08:01 141459                     /tmp/hsperfdata_vagrant/19197
7fe7fcb01000-7fe7fcb04000 ---p 00000000 00:00 0 
7fe7fcb04000-7fe7fcc08000 rw-p 00000000 00:00 0                          [stack:19201]
7fe7fcc08000-7fe7fcc09000 r--s 00002000 08:01 262232                     /usr/lib/jvm/java-7-openjdk-amd64/jre/lib/ext/dnsns.jar
7fe7fcc09000-7fe7fcc0b000 r--s 00012000 08:01 262228                     /usr/lib/jvm/java-7-openjdk-amd64/jre/lib/ext/zipfs.jar
7fe7fcc0b000-7fe7fcc0e000 r--s 0000f000 08:01 262227                     /usr/lib/jvm/java-7-openjdk-amd64/jre/lib/ext/icedtea-sound.jar
7fe7fcc0e000-7fe7fcc0f000 rw-p 00000000 00:00 0 
7fe7fcc0f000-7fe7fcc10000 ---p 00000000 00:00 0 
7fe7fcc10000-7fe7fcc12000 rw-p 00000000 00:00 0 
7fe7fcc12000-7fe7fcc13000 r--p 00022000 08:01 1892                       /lib/x86_64-linux-gnu/ld-2.19.so
7fe7fcc13000-7fe7fcc14000 rw-p 00023000 08:01 1892                       /lib/x86_64-linux-gnu/ld-2.19.so
7fe7fcc14000-7fe7fcc15000 rw-p 00000000 00:00 0 
7fff96fc9000-7fff96fea000 rw-p 00000000 00:00 0                          [stack]
7fff96ffe000-7fff97000000 r-xp 00000000 00:00 0                          [vdso]
ffffffffff600000-ffffffffff601000 r-xp 00000000 00:00 0                  [vsyscall]

VM Arguments:
jvm_args: -Dapplication.home=/usr/lib/jvm/java-7-openjdk-amd64 -Xms8m 
java_command: com.sun.tools.javac.Main @/tmp/sbt_e10bf141/argfile
Launcher Type: SUN_STANDARD

Environment Variables:
PATH=/usr/local/sbin:/usr/local/bin:/usr/sbin:/usr/bin:/sbin:/bin:/usr/games:/usr/local/games:/home/vagrant/activator-1.2.12/
SHELL=/bin/bash

Signal Handlers:
SIGSEGV: [libjvm.so+0x9495e0], sa_mask[0]=0x7ffbfeff, sa_flags=0x10000004
SIGBUS: [libjvm.so+0x9495e0], sa_mask[0]=0x7ffbfeff, sa_flags=0x10000004
SIGFPE: [libjvm.so+0x7c3410], sa_mask[0]=0x7ffbfeff, sa_flags=0x10000004
SIGPIPE: [libjvm.so+0x7c3410], sa_mask[0]=0x7ffbfeff, sa_flags=0x10000004
SIGXFSZ: [libjvm.so+0x7c3410], sa_mask[0]=0x7ffbfeff, sa_flags=0x10000004
SIGILL: [libjvm.so+0x7c3410], sa_mask[0]=0x7ffbfeff, sa_flags=0x10000004
SIGUSR1: SIG_DFL, sa_mask[0]=0x00000000, sa_flags=0x00000000
SIGUSR2: [libjvm.so+0x7c32b0], sa_mask[0]=0x00000004, sa_flags=0x10000004
SIGHUP: [libjvm.so+0x7c3490], sa_mask[0]=0x7ffbfeff, sa_flags=0x10000004
SIGINT: [libjvm.so+0x7c3490], sa_mask[0]=0x7ffbfeff, sa_flags=0x10000004
SIGTERM: [libjvm.so+0x7c3490], sa_mask[0]=0x7ffbfeff, sa_flags=0x10000004
SIGQUIT: [libjvm.so+0x7c3490], sa_mask[0]=0x7ffbfeff, sa_flags=0x10000004
SIGTRAP: SIG_DFL, sa_mask[0]=0x00000000, sa_flags=0x00000000


---------------  S Y S T E M  ---------------

OS:Ubuntu 14.04 (trusty)
uname:Linux 3.13.0-40-generic #69-Ubuntu SMP Thu Nov 13 17:53:56 UTC 2014 x86_64
libc:glibc 2.19 NPTL 2.19 
rlimit: STACK 8192k, CORE 0k, NPROC 7874, NOFILE 4096, AS infinity
load average:1.04 0.91 0.79

/proc/meminfo:
MemTotal:        1017844 kB
MemFree:           55312 kB
Buffers:             188 kB
Cached:             4956 kB
SwapCached:            0 kB
Active:           919312 kB
Inactive:           4924 kB
Active(anon):     919244 kB
Inactive(anon):      880 kB
Active(file):         68 kB
Inactive(file):     4044 kB
Unevictable:           0 kB
Mlocked:               0 kB
SwapTotal:             0 kB
SwapFree:              0 kB
Dirty:                 0 kB
Writeback:             0 kB
AnonPages:        919144 kB
Mapped:              880 kB
Shmem:               980 kB
Slab:              18372 kB
SReclaimable:       9848 kB
SUnreclaim:         8524 kB
KernelStack:        1112 kB
PageTables:         5392 kB
NFS_Unstable:          0 kB
Bounce:                0 kB
WritebackTmp:          0 kB
CommitLimit:      508920 kB
Committed_AS:    1492480 kB
VmallocTotal:   34359738367 kB
VmallocUsed:       18764 kB
VmallocChunk:   34359715831 kB
HardwareCorrupted:     0 kB
AnonHugePages:    684032 kB
HugePages_Total:       0
HugePages_Free:        0
HugePages_Rsvd:        0
HugePages_Surp:        0
Hugepagesize:       2048 kB
DirectMap4k:       32704 kB
DirectMap2M:     1015808 kB


CPU:total 1 (1 cores per cpu, 1 threads per core) family 6 model 23 stepping 10, cmov, cx8, fxsr, mmx, sse, sse2, sse3, ssse3, tsc

/proc/cpuinfo:
processor	: 0
vendor_id	: GenuineIntel
cpu family	: 6
model		: 23
model name	: Intel(R) Core(TM)2 Duo CPU     P8700  @ 2.53GHz
stepping	: 10
microcode	: 0x60b
cpu MHz		: 467.117
cache size	: 6144 KB
physical id	: 0
siblings	: 1
core id		: 0
cpu cores	: 1
apicid		: 0
initial apicid	: 0
fpu		: yes
fpu_exception	: yes
cpuid level	: 5
wp		: yes
flags		: fpu vme de pse tsc msr pae mce cx8 apic sep mtrr pge mca cmov pat pse36 clflush mmx fxsr sse sse2 syscall nx lm constant_tsc rep_good nopl pni monitor ssse3 lahf_lm
bogomips	: 934.23
clflush size	: 64
cache_alignment	: 64
address sizes	: 36 bits physical, 48 bits virtual
power management:



Memory: 4k page, physical 1017844k(55312k free), swap 0k(0k free)

vm_info: OpenJDK 64-Bit Server VM (24.65-b04) for linux-amd64 JRE (1.7.0_65-b32), built on Oct 22 2014 04:37:44 by "buildd" with gcc 4.8.2

time: Mon Feb  2 23:49:00 2015
elapsed time: 8 seconds

