#
# There is insufficient memory for the Java Runtime Environment to continue.
# Native memory allocation (malloc) failed to allocate 196608 bytes for committing reserved memory.
# Possible reasons:
#   The system is out of physical RAM or swap space
#   In 32 bit mode, the process size limit was hit
# Possible solutions:
#   Reduce memory load on the system
#   Increase physical memory or swap space
#   Check if swap backing store is full
#   Use 64 bit Java on a 64 bit OS
#   Decrease Java heap size (-Xmx/-Xms)
#   Decrease number of Java threads
#   Decrease Java thread stack sizes (-Xss)
#   Set larger code cache with -XX:ReservedCodeCacheSize=
# This output file may be truncated or incomplete.
#
#  Out of Memory Error (os_linux.cpp:2798), pid=15811, tid=140221826238208
#
# JRE version: OpenJDK Runtime Environment (7.0_65-b32) (build 1.7.0_65-b32)
# Java VM: OpenJDK 64-Bit Server VM (24.65-b04 mixed mode linux-amd64 compressed oops)
# Derivative: IcedTea 2.5.3
# Distribution: Ubuntu 14.04 LTS, package 7u71-2.5.3-0ubuntu0.14.04.1
# Failed to write core dump. Core dumps have been disabled. To enable core dumping, try "ulimit -c unlimited" before starting Java again
#

---------------  T H R E A D  ---------------

Current thread (0x00007f87f406b800):  VMThread [stack: 0x00007f87f0148000,0x00007f87f0249000] [id=15816]

Stack: [0x00007f87f0148000,0x00007f87f0249000],  sp=0x00007f87f02470f0,  free space=1020k
Native frames: (J=compiled Java code, j=interpreted, Vv=VM code, C=native code)
V  [libjvm.so+0x948b05]  VMError::report_and_die()+0x175
V  [libjvm.so+0x48bc34]  report_vm_out_of_memory(char const*, int, unsigned long, char const*)+0x74
V  [libjvm.so+0x7c7bfb]  os::pd_commit_memory(char*, unsigned long, unsigned long, bool)+0xeb
V  [libjvm.so+0x7c26bf]  os::commit_memory(char*, unsigned long, unsigned long, bool)+0x1f
V  [libjvm.so+0x9459f4]  VirtualSpace::expand_by(unsigned long, bool)+0x1c4
V  [libjvm.so+0x561b1e]  OneContigSpaceCardGeneration::grow_by(unsigned long)+0x1e
V  [libjvm.so+0x561e90]  OneContigSpaceCardGeneration::expand(unsigned long, unsigned long)+0xc0
V  [libjvm.so+0x561f58]  OneContigSpaceCardGeneration::expand_and_allocate(unsigned long, bool, bool)+0xb8
V  [libjvm.so+0x554c47]  GenCollectedHeap::handle_failed_promotion(Generation*, oopDesc*, unsigned long)+0xa7
V  [libjvm.so+0x492774]  DefNewGeneration::copy_to_survivor_space(oopDesc*)+0x84
V  [libjvm.so+0x59f7bb]  instanceKlass::oop_oop_iterate_nv(oopDesc*, FastScanClosure*)+0xfb
V  [libjvm.so+0x8802e8]  ContiguousSpace::oop_since_save_marks_iterate_nv(FastScanClosure*)+0x68
V  [libjvm.so+0x561cb0]  OneContigSpaceCardGeneration::oop_since_save_marks_iterate_nv(FastScanClosure*)+0x30
V  [libjvm.so+0x55412a]  GenCollectedHeap::oop_since_save_marks_iterate(int, FastScanClosure*, FastScanClosure*)+0x5a
V  [libjvm.so+0x491690]  DefNewGeneration::collect(bool, bool, unsigned long, bool)+0x410
V  [libjvm.so+0x5533d5]  GenCollectedHeap::do_collection(bool, bool, unsigned long, bool, int)+0x585
V  [libjvm.so+0x425812]  GenCollectorPolicy::satisfy_failed_allocation(unsigned long, bool)+0xb2
V  [libjvm.so+0x949e01]  VM_GenCollectForAllocation::doit()+0x81
V  [libjvm.so+0x94e9f7]  VM_Operation::evaluate()+0x47
V  [libjvm.so+0x94d368]  VMThread::evaluate_operation(VM_Operation*)+0x318
V  [libjvm.so+0x94d7c9]  VMThread::loop()+0x219
V  [libjvm.so+0x94dc12]  VMThread::run()+0x72
V  [libjvm.so+0x7c4ac2]  java_start(Thread*)+0xf2

VM_Operation (0x00007f87fac547f0): GenCollectForAllocation, mode: safepoint, requested by thread 0x00007f87f400a000


---------------  P R O C E S S  ---------------

Java Threads: ( => current thread )
  0x00007f87f40a6000 JavaThread "Service Thread" daemon [_thread_blocked, id=15822, stack(0x00007f87eb972000,0x00007f87eba73000)]
  0x00007f87f40a3800 JavaThread "C2 CompilerThread1" daemon [_thread_blocked, id=15821, stack(0x00007f87eba73000,0x00007f87ebb74000)]
  0x00007f87f40a1000 JavaThread "C2 CompilerThread0" daemon [_thread_blocked, id=15820, stack(0x00007f87ebb74000,0x00007f87ebc75000)]
  0x00007f87f409f000 JavaThread "Signal Dispatcher" daemon [_thread_blocked, id=15819, stack(0x00007f87ebc75000,0x00007f87ebd76000)]
  0x00007f87f4072000 JavaThread "Finalizer" daemon [_thread_blocked, id=15818, stack(0x00007f87ebeff000,0x00007f87ec000000)]
  0x00007f87f4070000 JavaThread "Reference Handler" daemon [_thread_blocked, id=15817, stack(0x00007f87f0047000,0x00007f87f0148000)]
  0x00007f87f400a000 JavaThread "main" [_thread_blocked, id=15815, stack(0x00007f87fab58000,0x00007f87fac59000)]

Other Threads:
=>0x00007f87f406b800 VMThread [stack: 0x00007f87f0148000,0x00007f87f0249000] [id=15816]
  0x00007f87f40b1000 WatcherThread [stack: 0x00007f87eb871000,0x00007f87eb972000] [id=15823]

VM state:at safepoint (normal execution)

VM Mutex/Monitor currently owned by a thread:  ([mutex/lock_event])
[0x00007f87f4006440] Threads_lock - owner thread: 0x00007f87f406b800
[0x00007f87f4006940] Heap_lock - owner thread: 0x00007f87f400a000

Heap
 def new generation   total 4480K, used 4480K [0x00000000d6800000, 0x00000000d6cd0000, 0x00000000e0e00000)
  eden space 4032K, 100% used [0x00000000d6800000, 0x00000000d6bf0000, 0x00000000d6bf0000)
  from space 448K, 100% used [0x00000000d6bf0000, 0x00000000d6c60000, 0x00000000d6c60000)
  to   space 448K, 100% used [0x00000000d6c60000, 0x00000000d6cd0000, 0x00000000d6cd0000)
 tenured generation   total 9792K, used 9790K [0x00000000e0e00000, 0x00000000e1790000, 0x00000000f5a00000)
   the space 9792K,  99% used [0x00000000e0e00000, 0x00000000e178f8d8, 0x00000000e178fa00, 0x00000000e1790000)
 compacting perm gen  total 21248K, used 7139K [0x00000000f5a00000, 0x00000000f6ec0000, 0x0000000100000000)
   the space 21248K,  33% used [0x00000000f5a00000, 0x00000000f60f8c00, 0x00000000f60f8c00, 0x00000000f6ec0000)
No shared spaces configured.

Card table byte_map: [0x00007f87f8084000,0x00007f87f81d1000] byte_map_base: 0x00007f87f79d0000

Polling page: 0x00007f87fac66000

Code Cache  [0x00007f87f05bb000, 0x00007f87f082b000, 0x00007f87f35bb000)
 total_blobs=346 nmethods=123 adapters=177 free_code_cache=48425Kb largest_free_block=49565760

Compilation events (10 events):
Event: 13.468 Thread 0x00007f87f40a3800  119             com.sun.tools.javac.util.List::prependList (87 bytes)
Event: 13.482 Thread 0x00007f87f40a3800 nmethod 119 0x00007f87f0675850 code [0x00007f87f06759e0, 0x00007f87f0675d08]
Event: 13.529 Thread 0x00007f87f40a1000  121             java.util.ArrayList::get (11 bytes)
Event: 13.534 Thread 0x00007f87f40a1000 nmethod 121 0x00007f87f0673710 code [0x00007f87f0673860, 0x00007f87f0673918]
Event: 13.534 Thread 0x00007f87f40a3800  122             java.util.ArrayList::rangeCheck (22 bytes)
Event: 13.535 Thread 0x00007f87f40a3800 nmethod 122 0x00007f87f0671d50 code [0x00007f87f0671e80, 0x00007f87f0671ef8]
Event: 13.544 Thread 0x00007f87f40a1000  123             java.util.ArrayList::elementData (7 bytes)
Event: 13.544 Thread 0x00007f87f40a1000 nmethod 123 0x00007f87f0670510 code [0x00007f87f0670660, 0x00007f87f06706f8]
Event: 13.545 Thread 0x00007f87f40a3800  124             com.sun.tools.javac.file.RelativePath::<init> (10 bytes)
Event: 13.545 Thread 0x00007f87f40a3800 nmethod 124 0x00007f87f066e290 code [0x00007f87f066e3c0, 0x00007f87f066e438]

GC Heap History (10 events):
Event: 6.209 GC heap after
Heap after GC invocations=11 (full 1):
 def new generation   total 3200K, used 0K [0x00000000d6800000, 0x00000000d6b70000, 0x00000000e0e00000)
  eden space 2880K,   0% used [0x00000000d6800000, 0x00000000d6800000, 0x00000000d6ad0000)
  from space 320K,   0% used [0x00000000d6ad0000, 0x00000000d6ad0000, 0x00000000d6b20000)
  to   space 320K,   0% used [0x00000000d6b20000, 0x00000000d6b20000, 0x00000000d6b70000)
 tenured generation   total 7012K, used 4152K [0x00000000e0e00000, 0x00000000e14d9000, 0x00000000f5a00000)
   the space 7012K,  59% used [0x00000000e0e00000, 0x00000000e120e1a8, 0x00000000e120e200, 0x00000000e14d9000)
 compacting perm gen  total 21248K, used 6954K [0x00000000f5a00000, 0x00000000f6ec0000, 0x0000000100000000)
   the space 21248K,  32% used [0x00000000f5a00000, 0x00000000f60ca868, 0x00000000f60caa00, 0x00000000f6ec0000)
No shared spaces configured.
}
Event: 8.568 GC heap before
{Heap before GC invocations=11 (full 1):
 def new generation   total 3200K, used 2587K [0x00000000d6800000, 0x00000000d6b70000, 0x00000000e0e00000)
  eden space 2880K,  89% used [0x00000000d6800000, 0x00000000d6a86f70, 0x00000000d6ad0000)
  from space 320K,   0% used [0x00000000d6ad0000, 0x00000000d6ad0000, 0x00000000d6b20000)
  to   space 320K,   0% used [0x00000000d6b20000, 0x00000000d6b20000, 0x00000000d6b70000)
 tenured generation   total 7012K, used 4152K [0x00000000e0e00000, 0x00000000e14d9000, 0x00000000f5a00000)
   the space 7012K,  59% used [0x00000000e0e00000, 0x00000000e120e1a8, 0x00000000e120e200, 0x00000000e14d9000)
 compacting perm gen  total 21248K, used 6968K [0x00000000f5a00000, 0x00000000f6ec0000, 0x0000000100000000)
   the space 21248K,  32% used [0x00000000f5a00000, 0x00000000f60ce0a8, 0x00000000f60ce200, 0x00000000f6ec0000)
No shared spaces configured.
Event: 8.582 GC heap after
Heap after GC invocations=12 (full 1):
 def new generation   total 3200K, used 320K [0x00000000d6800000, 0x00000000d6b70000, 0x00000000e0e00000)
  eden space 2880K,   0% used [0x00000000d6800000, 0x00000000d6800000, 0x00000000d6ad0000)
  from space 320K, 100% used [0x00000000d6b20000, 0x00000000d6b70000, 0x00000000d6b70000)
  to   space 320K,   0% used [0x00000000d6ad0000, 0x00000000d6ad0000, 0x00000000d6b20000)
 tenured generation   total 7012K, used 5825K [0x00000000e0e00000, 0x00000000e14d9000, 0x00000000f5a00000)
   the space 7012K,  83% used [0x00000000e0e00000, 0x00000000e13b04a8, 0x00000000e13b0600, 0x00000000e14d9000)
 compacting perm gen  total 21248K, used 6968K [0x00000000f5a00000, 0x00000000f6ec0000, 0x0000000100000000)
   the space 21248K,  32% used [0x00000000f5a00000, 0x00000000f60ce0a8, 0x00000000f60ce200, 0x00000000f6ec0000)
No shared spaces configured.
}
Event: 9.684 GC heap before
{Heap before GC invocations=12 (full 1):
 def new generation   total 3200K, used 3200K [0x00000000d6800000, 0x00000000d6b70000, 0x00000000e0e00000)
  eden space 2880K, 100% used [0x00000000d6800000, 0x00000000d6ad0000, 0x00000000d6ad0000)
  from space 320K, 100% used [0x00000000d6b20000, 0x00000000d6b70000, 0x00000000d6b70000)
  to   space 320K,   0% used [0x00000000d6ad0000, 0x00000000d6ad0000, 0x00000000d6b20000)
 tenured generation   total 7012K, used 5825K [0x00000000e0e00000, 0x00000000e14d9000, 0x00000000f5a00000)
   the space 7012K,  83% used [0x00000000e0e00000, 0x00000000e13b04a8, 0x00000000e13b0600, 0x00000000e14d9000)
 compacting perm gen  total 21248K, used 6982K [0x00000000f5a00000, 0x00000000f6ec0000, 0x0000000100000000)
   the space 21248K,  32% used [0x00000000f5a00000, 0x00000000f60d1910, 0x00000000f60d1a00, 0x00000000f6ec0000)
No shared spaces configured.
Event: 9.844 GC heap after
Heap after GC invocations=13 (full 2):
 def new generation   total 4480K, used 0K [0x00000000d6800000, 0x00000000d6cd0000, 0x00000000e0e00000)
  eden space 4032K,   0% used [0x00000000d6800000, 0x00000000d6800000, 0x00000000d6bf0000)
  from space 448K,   0% used [0x00000000d6bf0000, 0x00000000d6bf0000, 0x00000000d6c60000)
  to   space 448K,   0% used [0x00000000d6c60000, 0x00000000d6c60000, 0x00000000d6cd0000)
 tenured generation   total 9792K, used 5874K [0x00000000e0e00000, 0x00000000e1790000, 0x00000000f5a00000)
   the space 9792K,  59% used [0x00000000e0e00000, 0x00000000e13bca20, 0x00000000e13bcc00, 0x00000000e1790000)
 compacting perm gen  total 21248K, used 6982K [0x00000000f5a00000, 0x00000000f6ec0000, 0x0000000100000000)
   the space 21248K,  32% used [0x00000000f5a00000, 0x00000000f60d1910, 0x00000000f60d1a00, 0x00000000f6ec0000)
No shared spaces configured.
}
Event: 10.350 GC heap before
{Heap before GC invocations=13 (full 2):
 def new generation   total 4480K, used 3988K [0x00000000d6800000, 0x00000000d6cd0000, 0x00000000e0e00000)
  eden space 4032K,  98% used [0x00000000d6800000, 0x00000000d6be50a0, 0x00000000d6bf0000)
  from space 448K,   0% used [0x00000000d6bf0000, 0x00000000d6bf0000, 0x00000000d6c60000)
  to   space 448K,   0% used [0x00000000d6c60000, 0x00000000d6c60000, 0x00000000d6cd0000)
 tenured generation   total 9792K, used 5874K [0x00000000e0e00000, 0x00000000e1790000, 0x00000000f5a00000)
   the space 9792K,  59% used [0x00000000e0e00000, 0x00000000e13bca20, 0x00000000e13bcc00, 0x00000000e1790000)
 compacting perm gen  total 21248K, used 6983K [0x00000000f5a00000, 0x00000000f6ec0000, 0x0000000100000000)
   the space 21248K,  32% used [0x00000000f5a00000, 0x00000000f60d1cf0, 0x00000000f60d1e00, 0x00000000f6ec0000)
No shared spaces configured.
Event: 10.375 GC heap after
Heap after GC invocations=14 (full 2):
 def new generation   total 4480K, used 447K [0x00000000d6800000, 0x00000000d6cd0000, 0x00000000e0e00000)
  eden space 4032K,   0% used [0x00000000d6800000, 0x00000000d6800000, 0x00000000d6bf0000)
  from space 448K,  99% used [0x00000000d6c60000, 0x00000000d6ccfff8, 0x00000000d6cd0000)
  to   space 448K,   0% used [0x00000000d6bf0000, 0x00000000d6bf0000, 0x00000000d6c60000)
 tenured generation   total 9792K, used 7632K [0x00000000e0e00000, 0x00000000e1790000, 0x00000000f5a00000)
   the space 9792K,  77% used [0x00000000e0e00000, 0x00000000e15741a0, 0x00000000e1574200, 0x00000000e1790000)
 compacting perm gen  total 21248K, used 6983K [0x00000000f5a00000, 0x00000000f6ec0000, 0x0000000100000000)
   the space 21248K,  32% used [0x00000000f5a00000, 0x00000000f60d1cf0, 0x00000000f60d1e00, 0x00000000f6ec0000)
No shared spaces configured.
}
Event: 12.141 GC heap before
{Heap before GC invocations=14 (full 2):
 def new generation   total 4480K, used 4479K [0x00000000d6800000, 0x00000000d6cd0000, 0x00000000e0e00000)
  eden space 4032K, 100% used [0x00000000d6800000, 0x00000000d6bf0000, 0x00000000d6bf0000)
  from space 448K,  99% used [0x00000000d6c60000, 0x00000000d6ccfff8, 0x00000000d6cd0000)
  to   space 448K,   0% used [0x00000000d6bf0000, 0x00000000d6bf0000, 0x00000000d6c60000)
 tenured generation   total 9792K, used 7632K [0x00000000e0e00000, 0x00000000e1790000, 0x00000000f5a00000)
   the space 9792K,  77% used [0x00000000e0e00000, 0x00000000e15741a0, 0x00000000e1574200, 0x00000000e1790000)
 compacting perm gen  total 21248K, used 7009K [0x00000000f5a00000, 0x00000000f6ec0000, 0x0000000100000000)
   the space 21248K,  32% used [0x00000000f5a00000, 0x00000000f60d84b0, 0x00000000f60d8600, 0x00000000f6ec0000)
No shared spaces configured.
Event: 12.424 GC heap after
Heap after GC invocations=15 (full 2):
 def new generation   total 4480K, used 448K [0x00000000d6800000, 0x00000000d6cd0000, 0x00000000e0e00000)
  eden space 4032K,   0% used [0x00000000d6800000, 0x00000000d6800000, 0x00000000d6bf0000)
  from space 448K, 100% used [0x00000000d6bf0000, 0x00000000d6c60000, 0x00000000d6c60000)
  to   space 448K,   0% used [0x00000000d6c60000, 0x00000000d6c60000, 0x00000000d6cd0000)
 tenured generation   total 9792K, used 9197K [0x00000000e0e00000, 0x00000000e1790000, 0x00000000f5a00000)
   the space 9792K,  93% used [0x00000000e0e00000, 0x00000000e16fb6c8, 0x00000000e16fb800, 0x00000000e1790000)
 compacting perm gen  total 21248K, used 7009K [0x00000000f5a00000, 0x00000000f6ec0000, 0x0000000100000000)
   the space 21248K,  32% used [0x00000000f5a00000, 0x00000000f60d84b0, 0x00000000f60d8600, 0x00000000f6ec0000)
No shared spaces configured.
}
Event: 13.564 GC heap before
{Heap before GC invocations=15 (full 2):
 def new generation   total 4480K, used 4480K [0x00000000d6800000, 0x00000000d6cd0000, 0x00000000e0e00000)
  eden space 4032K, 100% used [0x00000000d6800000, 0x00000000d6bf0000, 0x00000000d6bf0000)
  from space 448K, 100% used [0x00000000d6bf0000, 0x00000000d6c60000, 0x00000000d6c60000)
  to   space 448K,   0% used [0x00000000d6c60000, 0x00000000d6c60000, 0x00000000d6cd0000)
 tenured generation   total 9792K, used 9197K [0x00000000e0e00000, 0x00000000e1790000, 0x00000000f5a00000)
   the space 9792K,  93% used [0x00000000e0e00000, 0x00000000e16fb6c8, 0x00000000e16fb800, 0x00000000e1790000)
 compacting perm gen  total 21248K, used 7139K [0x00000000f5a00000, 0x00000000f6ec0000, 0x0000000100000000)
   the space 21248K,  33% used [0x00000000f5a00000, 0x00000000f60f8c00, 0x00000000f60f8c00, 0x00000000f6ec0000)
No shared spaces configured.

Deoptimization events (10 events):
Event: 10.386 Thread 0x00007f87f400a000 Uncommon trap: reason=array_check action=maybe_recompile pc=0x00007f87f065a060 method=java.util.ComparableTimSort.mergeLo(IIII)V @ 236
Event: 10.521 Thread 0x00007f87f400a000 Uncommon trap: reason=array_check action=maybe_recompile pc=0x00007f87f065ca14 method=java.util.ComparableTimSort.mergeHi(IIII)V @ 234
Event: 10.657 Thread 0x00007f87f400a000 Uncommon trap: reason=predicate action=maybe_recompile pc=0x00007f87f0649cc0 method=java.util.ComparableTimSort.reverseRange([Ljava/lang/Object;II)V @ 8
Event: 11.148 Thread 0x00007f87f400a000 Uncommon trap: reason=bimorphic action=maybe_recompile pc=0x00007f87f062f15c method=java.util.HashMap.getEntry(Ljava/lang/Object;)Ljava/util/HashMap$Entry; @ 68
Event: 11.346 Thread 0x00007f87f400a000 Uncommon trap: reason=bimorphic action=maybe_recompile pc=0x00007f87f062f15c method=java.util.HashMap.getEntry(Ljava/lang/Object;)Ljava/util/HashMap$Entry; @ 68
Event: 13.128 Thread 0x00007f87f400a000 Uncommon trap: reason=class_check action=maybe_recompile pc=0x00007f87f06641dc method=com.sun.tools.javac.util.List.prependList(Lcom/sun/tools/javac/util/List;)Lcom/sun/tools/javac/util/List; @ 1
Event: 13.333 Thread 0x00007f87f400a000 Uncommon trap: reason=null_check action=make_not_entrant pc=0x00007f87f0671278 method=com.sun.tools.javac.jvm.ClassReader.enterClass(Lcom/sun/tools/javac/util/Name;)Lcom/sun/tools/javac/code/Symbol$ClassSymbol; @ 10
Event: 13.467 Thread 0x00007f87f400a000 Uncommon trap: reason=class_check action=maybe_recompile pc=0x00007f87f06641dc method=com.sun.tools.javac.util.List.prependList(Lcom/sun/tools/javac/util/List;)Lcom/sun/tools/javac/util/List; @ 1
Event: 13.467 Thread 0x00007f87f400a000 Uncommon trap: reason=class_check action=maybe_recompile pc=0x00007f87f06641dc method=com.sun.tools.javac.util.List.prependList(Lcom/sun/tools/javac/util/List;)Lcom/sun/tools/javac/util/List; @ 1
Event: 13.467 Thread 0x00007f87f400a000 Uncommon trap: reason=class_check action=maybe_recompile pc=0x00007f87f06641dc method=com.sun.tools.javac.util.List.prependList(Lcom/sun/tools/javac/util/List;)Lcom/sun/tools/javac/util/List; @ 1

Internal exceptions (10 events):
Event: 13.489 Thread 0x00007f87f400a000 Threw 0x00000000d6afc6e8 at /build/buildd/openjdk-7-7u71-2.5.3/build/openjdk/hotspot/src/share/vm/prims/jvm.cpp:1284
Event: 13.492 Thread 0x00007f87f400a000 Threw 0x00000000d6b029b8 at /build/buildd/openjdk-7-7u71-2.5.3/build/openjdk/hotspot/src/share/vm/prims/jvm.cpp:1284
Event: 13.493 Thread 0x00007f87f400a000 Threw 0x00000000d6b06100 at /build/buildd/openjdk-7-7u71-2.5.3/build/openjdk/hotspot/src/share/vm/prims/jvm.cpp:1284
Event: 13.495 Thread 0x00007f87f400a000 Threw 0x00000000d6b095b8 at /build/buildd/openjdk-7-7u71-2.5.3/build/openjdk/hotspot/src/share/vm/prims/jvm.cpp:1284
Event: 13.495 Thread 0x00007f87f400a000 Threw 0x00000000d6b0d070 at /build/buildd/openjdk-7-7u71-2.5.3/build/openjdk/hotspot/src/share/vm/prims/jvm.cpp:1284
Event: 13.497 Thread 0x00007f87f400a000 Threw 0x00000000d6b10cd0 at /build/buildd/openjdk-7-7u71-2.5.3/build/openjdk/hotspot/src/share/vm/prims/jvm.cpp:1284
Event: 13.497 Thread 0x00007f87f400a000 Threw 0x00000000d6b13b30 at /build/buildd/openjdk-7-7u71-2.5.3/build/openjdk/hotspot/src/share/vm/prims/jvm.cpp:1284
Event: 13.499 Thread 0x00007f87f400a000 Threw 0x00000000d6b17568 at /build/buildd/openjdk-7-7u71-2.5.3/build/openjdk/hotspot/src/share/vm/prims/jvm.cpp:1284
Event: 13.527 Thread 0x00007f87f400a000 Threw 0x00000000d6b62f88 at /build/buildd/openjdk-7-7u71-2.5.3/build/openjdk/hotspot/src/share/vm/prims/jvm.cpp:1284
Event: 13.552 Thread 0x00007f87f400a000 Threw 0x00000000d6be84e8 at /build/buildd/openjdk-7-7u71-2.5.3/build/openjdk/hotspot/src/share/vm/prims/jvm.cpp:1284

Events (10 events):
Event: 13.499 loading class 0x00007f87f41c8b30 done
Event: 13.526 loading class 0x00007f87f422efa0
Event: 13.527 loading class 0x00007f87f422efa0 done
Event: 13.552 loading class 0x00007f87f41ab140
Event: 13.552 loading class 0x00007f87f41ab140 done
Event: 13.553 loading class 0x00007f87f41ab180
Event: 13.555 loading class 0x00007f87f41ab180 done
Event: 13.557 loading class 0x00007f87f4194630
Event: 13.558 loading class 0x00007f87f4194630 done
Event: 13.563 Executing VM operation: GenCollectForAllocation


Dynamic libraries:
00400000-00401000 r-xp 00000000 08:01 264934                             /usr/lib/jvm/java-7-openjdk-amd64/bin/javac
00600000-00601000 r--p 00000000 08:01 264934                             /usr/lib/jvm/java-7-openjdk-amd64/bin/javac
00601000-00602000 rw-p 00001000 08:01 264934                             /usr/lib/jvm/java-7-openjdk-amd64/bin/javac
00665000-00686000 rw-p 00000000 00:00 0                                  [heap]
d6800000-d6cd0000 rw-p 00000000 00:00 0 
d6cd0000-e0e00000 rw-p 00000000 00:00 0 
e0e00000-e1790000 rw-p 00000000 00:00 0 
e17c0000-f5a00000 rw-p 00000000 00:00 0 
f5a00000-f6ec0000 rw-p 00000000 00:00 0 
f6ec0000-100000000 rw-p 00000000 00:00 0 
7f87cc000000-7f87cc021000 rw-p 00000000 00:00 0 
7f87cc021000-7f87d0000000 ---p 00000000 00:00 0 
7f87d4000000-7f87d4310000 rw-p 00000000 00:00 0 
7f87d4310000-7f87d8000000 ---p 00000000 00:00 0 
7f87d8000000-7f87d8490000 rw-p 00000000 00:00 0 
7f87d8490000-7f87dc000000 ---p 00000000 00:00 0 
7f87dc000000-7f87dc021000 rw-p 00000000 00:00 0 
7f87dc021000-7f87e0000000 ---p 00000000 00:00 0 
7f87e0000000-7f87e0021000 rw-p 00000000 00:00 0 
7f87e0021000-7f87e4000000 ---p 00000000 00:00 0 
7f87e4000000-7f87e4021000 rw-p 00000000 00:00 0 
7f87e4021000-7f87e8000000 ---p 00000000 00:00 0 
7f87eb807000-7f87eb871000 r--s 0069e000 08:01 264873                     /usr/lib/jvm/java-7-openjdk-amd64/lib/tools.jar
7f87eb871000-7f87eb872000 ---p 00000000 00:00 0 
7f87eb872000-7f87eb972000 rw-p 00000000 00:00 0                          [stack:15823]
7f87eb972000-7f87eb975000 ---p 00000000 00:00 0 
7f87eb975000-7f87eba73000 rw-p 00000000 00:00 0                          [stack:15822]
7f87eba73000-7f87eba76000 ---p 00000000 00:00 0 
7f87eba76000-7f87ebb74000 rw-p 00000000 00:00 0                          [stack:15821]
7f87ebb74000-7f87ebb77000 ---p 00000000 00:00 0 
7f87ebb77000-7f87ebc75000 rw-p 00000000 00:00 0                          [stack:15820]
7f87ebc75000-7f87ebc78000 ---p 00000000 00:00 0 
7f87ebc78000-7f87ebd76000 rw-p 00000000 00:00 0                          [stack:15819]
7f87ebd76000-7f87ebeff000 r--p 00000000 08:01 24405                      /usr/lib/locale/locale-archive
7f87ebeff000-7f87ebf02000 ---p 00000000 00:00 0 
7f87ebf02000-7f87ec000000 rw-p 00000000 00:00 0                          [stack:15818]
7f87ec000000-7f87ec283000 rw-p 00000000 00:00 0 
7f87ec283000-7f87f0000000 ---p 00000000 00:00 0 
7f87f0047000-7f87f004a000 ---p 00000000 00:00 0 
7f87f004a000-7f87f0148000 rw-p 00000000 00:00 0                          [stack:15817]
7f87f0148000-7f87f0149000 ---p 00000000 00:00 0 
7f87f0149000-7f87f0292000 rw-p 00000000 00:00 0                          [stack:15816]
7f87f0292000-7f87f0443000 r--s 01d25000 08:01 262233                     /usr/lib/jvm/java-7-openjdk-amd64/jre/lib/rt.jar
7f87f0443000-7f87f0519000 rw-p 00000000 00:00 0 
7f87f0519000-7f87f05bb000 rw-p 00000000 00:00 0 
7f87f05bb000-7f87f082b000 rwxp 00000000 00:00 0 
7f87f082b000-7f87f35bb000 rw-p 00000000 00:00 0 
7f87f35bb000-7f87f35c3000 r-xp 00000000 08:01 262162                     /usr/lib/jvm/java-7-openjdk-amd64/jre/lib/amd64/libzip.so
7f87f35c3000-7f87f37c2000 ---p 00008000 08:01 262162                     /usr/lib/jvm/java-7-openjdk-amd64/jre/lib/amd64/libzip.so
7f87f37c2000-7f87f37c3000 r--p 00007000 08:01 262162                     /usr/lib/jvm/java-7-openjdk-amd64/jre/lib/amd64/libzip.so
7f87f37c3000-7f87f37c4000 rw-p 00008000 08:01 262162                     /usr/lib/jvm/java-7-openjdk-amd64/jre/lib/amd64/libzip.so
7f87f37c4000-7f87f37cf000 r-xp 00000000 08:01 2027                       /lib/x86_64-linux-gnu/libnss_files-2.19.so
7f87f37cf000-7f87f39ce000 ---p 0000b000 08:01 2027                       /lib/x86_64-linux-gnu/libnss_files-2.19.so
7f87f39ce000-7f87f39cf000 r--p 0000a000 08:01 2027                       /lib/x86_64-linux-gnu/libnss_files-2.19.so
7f87f39cf000-7f87f39d0000 rw-p 0000b000 08:01 2027                       /lib/x86_64-linux-gnu/libnss_files-2.19.so
7f87f39d0000-7f87f39db000 r-xp 00000000 08:01 1936                       /lib/x86_64-linux-gnu/libnss_nis-2.19.so
7f87f39db000-7f87f3bda000 ---p 0000b000 08:01 1936                       /lib/x86_64-linux-gnu/libnss_nis-2.19.so
7f87f3bda000-7f87f3bdb000 r--p 0000a000 08:01 1936                       /lib/x86_64-linux-gnu/libnss_nis-2.19.so
7f87f3bdb000-7f87f3bdc000 rw-p 0000b000 08:01 1936                       /lib/x86_64-linux-gnu/libnss_nis-2.19.so
7f87f3bdc000-7f87f3bf3000 r-xp 00000000 08:01 2000                       /lib/x86_64-linux-gnu/libnsl-2.19.so
7f87f3bf3000-7f87f3df2000 ---p 00017000 08:01 2000                       /lib/x86_64-linux-gnu/libnsl-2.19.so
7f87f3df2000-7f87f3df3000 r--p 00016000 08:01 2000                       /lib/x86_64-linux-gnu/libnsl-2.19.so
7f87f3df3000-7f87f3df4000 rw-p 00017000 08:01 2000                       /lib/x86_64-linux-gnu/libnsl-2.19.so
7f87f3df4000-7f87f3df6000 rw-p 00000000 00:00 0 
7f87f3df6000-7f87f3dff000 r-xp 00000000 08:01 1963                       /lib/x86_64-linux-gnu/libnss_compat-2.19.so
7f87f3dff000-7f87f3ffe000 ---p 00009000 08:01 1963                       /lib/x86_64-linux-gnu/libnss_compat-2.19.so
7f87f3ffe000-7f87f3fff000 r--p 00008000 08:01 1963                       /lib/x86_64-linux-gnu/libnss_compat-2.19.so
7f87f3fff000-7f87f4000000 rw-p 00009000 08:01 1963                       /lib/x86_64-linux-gnu/libnss_compat-2.19.so
7f87f4000000-7f87f4593000 rw-p 00000000 00:00 0 
7f87f4593000-7f87f8000000 ---p 00000000 00:00 0 
7f87f8008000-7f87f803b000 rw-p 00000000 00:00 0 
7f87f803b000-7f87f8084000 rw-p 00000000 00:00 0 
7f87f8084000-7f87f8087000 rw-p 00000000 00:00 0 
7f87f8087000-7f87f80d7000 rw-p 00000000 00:00 0 
7f87f80d7000-7f87f80dc000 rw-p 00000000 00:00 0 
7f87f80dc000-7f87f817d000 rw-p 00000000 00:00 0 
7f87f817d000-7f87f8188000 rw-p 00000000 00:00 0 
7f87f8188000-7f87f81d0000 rw-p 00000000 00:00 0 
7f87f81d0000-7f87f81d1000 rw-p 00000000 00:00 0 
7f87f81d1000-7f87f81fc000 r-xp 00000000 08:01 262169                     /usr/lib/jvm/java-7-openjdk-amd64/jre/lib/amd64/libjava.so
7f87f81fc000-7f87f83fb000 ---p 0002b000 08:01 262169                     /usr/lib/jvm/java-7-openjdk-amd64/jre/lib/amd64/libjava.so
7f87f83fb000-7f87f83fc000 r--p 0002a000 08:01 262169                     /usr/lib/jvm/java-7-openjdk-amd64/jre/lib/amd64/libjava.so
7f87f83fc000-7f87f83fe000 rw-p 0002b000 08:01 262169                     /usr/lib/jvm/java-7-openjdk-amd64/jre/lib/amd64/libjava.so
7f87f83fe000-7f87f840e000 r-xp 00000000 08:01 262184                     /usr/lib/jvm/java-7-openjdk-amd64/jre/lib/amd64/libverify.so
7f87f840e000-7f87f860d000 ---p 00010000 08:01 262184                     /usr/lib/jvm/java-7-openjdk-amd64/jre/lib/amd64/libverify.so
7f87f860d000-7f87f860f000 r--p 0000f000 08:01 262184                     /usr/lib/jvm/java-7-openjdk-amd64/jre/lib/amd64/libverify.so
7f87f860f000-7f87f8610000 rw-p 00011000 08:01 262184                     /usr/lib/jvm/java-7-openjdk-amd64/jre/lib/amd64/libverify.so
7f87f8610000-7f87f8617000 r-xp 00000000 08:01 1968                       /lib/x86_64-linux-gnu/librt-2.19.so
7f87f8617000-7f87f8816000 ---p 00007000 08:01 1968                       /lib/x86_64-linux-gnu/librt-2.19.so
7f87f8816000-7f87f8817000 r--p 00006000 08:01 1968                       /lib/x86_64-linux-gnu/librt-2.19.so
7f87f8817000-7f87f8818000 rw-p 00007000 08:01 1968                       /lib/x86_64-linux-gnu/librt-2.19.so
7f87f8818000-7f87f882e000 r-xp 00000000 08:01 1901                       /lib/x86_64-linux-gnu/libgcc_s.so.1
7f87f882e000-7f87f8a2d000 ---p 00016000 08:01 1901                       /lib/x86_64-linux-gnu/libgcc_s.so.1
7f87f8a2d000-7f87f8a2e000 rw-p 00015000 08:01 1901                       /lib/x86_64-linux-gnu/libgcc_s.so.1
7f87f8a2e000-7f87f8b33000 r-xp 00000000 08:01 2023                       /lib/x86_64-linux-gnu/libm-2.19.so
7f87f8b33000-7f87f8d32000 ---p 00105000 08:01 2023                       /lib/x86_64-linux-gnu/libm-2.19.so
7f87f8d32000-7f87f8d33000 r--p 00104000 08:01 2023                       /lib/x86_64-linux-gnu/libm-2.19.so
7f87f8d33000-7f87f8d34000 rw-p 00105000 08:01 2023                       /lib/x86_64-linux-gnu/libm-2.19.so
7f87f8d34000-7f87f8e1a000 r-xp 00000000 08:01 23699                      /usr/lib/x86_64-linux-gnu/libstdc++.so.6.0.19
7f87f8e1a000-7f87f9019000 ---p 000e6000 08:01 23699                      /usr/lib/x86_64-linux-gnu/libstdc++.so.6.0.19
7f87f9019000-7f87f9021000 r--p 000e5000 08:01 23699                      /usr/lib/x86_64-linux-gnu/libstdc++.so.6.0.19
7f87f9021000-7f87f9023000 rw-p 000ed000 08:01 23699                      /usr/lib/x86_64-linux-gnu/libstdc++.so.6.0.19
7f87f9023000-7f87f9038000 rw-p 00000000 00:00 0 
7f87f9038000-7f87f9b4e000 r-xp 00000000 08:01 262191                     /usr/lib/jvm/java-7-openjdk-amd64/jre/lib/amd64/server/libjvm.so
7f87f9b4e000-7f87f9d4d000 ---p 00b16000 08:01 262191                     /usr/lib/jvm/java-7-openjdk-amd64/jre/lib/amd64/server/libjvm.so
7f87f9d4d000-7f87f9de7000 r--p 00b15000 08:01 262191                     /usr/lib/jvm/java-7-openjdk-amd64/jre/lib/amd64/server/libjvm.so
7f87f9de7000-7f87f9e0a000 rw-p 00baf000 08:01 262191                     /usr/lib/jvm/java-7-openjdk-amd64/jre/lib/amd64/server/libjvm.so
7f87f9e0a000-7f87f9e38000 rw-p 00000000 00:00 0 
7f87f9e38000-7f87f9e50000 r-xp 00000000 08:01 1888                       /lib/x86_64-linux-gnu/libz.so.1.2.8
7f87f9e50000-7f87fa04f000 ---p 00018000 08:01 1888                       /lib/x86_64-linux-gnu/libz.so.1.2.8
7f87fa04f000-7f87fa050000 r--p 00017000 08:01 1888                       /lib/x86_64-linux-gnu/libz.so.1.2.8
7f87fa050000-7f87fa051000 rw-p 00018000 08:01 1888                       /lib/x86_64-linux-gnu/libz.so.1.2.8
7f87fa051000-7f87fa06a000 r-xp 00000000 08:01 2018                       /lib/x86_64-linux-gnu/libpthread-2.19.so
7f87fa06a000-7f87fa269000 ---p 00019000 08:01 2018                       /lib/x86_64-linux-gnu/libpthread-2.19.so
7f87fa269000-7f87fa26a000 r--p 00018000 08:01 2018                       /lib/x86_64-linux-gnu/libpthread-2.19.so
7f87fa26a000-7f87fa26b000 rw-p 00019000 08:01 2018                       /lib/x86_64-linux-gnu/libpthread-2.19.so
7f87fa26b000-7f87fa26f000 rw-p 00000000 00:00 0 
7f87fa26f000-7f87fa272000 r-xp 00000000 08:01 1993                       /lib/x86_64-linux-gnu/libdl-2.19.so
7f87fa272000-7f87fa471000 ---p 00003000 08:01 1993                       /lib/x86_64-linux-gnu/libdl-2.19.so
7f87fa471000-7f87fa472000 r--p 00002000 08:01 1993                       /lib/x86_64-linux-gnu/libdl-2.19.so
7f87fa472000-7f87fa473000 rw-p 00003000 08:01 1993                       /lib/x86_64-linux-gnu/libdl-2.19.so
7f87fa473000-7f87fa62e000 r-xp 00000000 08:01 1880                       /lib/x86_64-linux-gnu/libc-2.19.so
7f87fa62e000-7f87fa82e000 ---p 001bb000 08:01 1880                       /lib/x86_64-linux-gnu/libc-2.19.so
7f87fa82e000-7f87fa832000 r--p 001bb000 08:01 1880                       /lib/x86_64-linux-gnu/libc-2.19.so
7f87fa832000-7f87fa834000 rw-p 001bf000 08:01 1880                       /lib/x86_64-linux-gnu/libc-2.19.so
7f87fa834000-7f87fa839000 rw-p 00000000 00:00 0 
7f87fa839000-7f87fa846000 r-xp 00000000 08:01 262167                     /usr/lib/jvm/java-7-openjdk-amd64/jre/lib/amd64/jli/libjli.so
7f87fa846000-7f87faa45000 ---p 0000d000 08:01 262167                     /usr/lib/jvm/java-7-openjdk-amd64/jre/lib/amd64/jli/libjli.so
7f87faa45000-7f87faa46000 r--p 0000c000 08:01 262167                     /usr/lib/jvm/java-7-openjdk-amd64/jre/lib/amd64/jli/libjli.so
7f87faa46000-7f87faa47000 rw-p 0000d000 08:01 262167                     /usr/lib/jvm/java-7-openjdk-amd64/jre/lib/amd64/jli/libjli.so
7f87faa47000-7f87faa6a000 r-xp 00000000 08:01 1892                       /lib/x86_64-linux-gnu/ld-2.19.so
7f87faa82000-7f87faa86000 r--s 00034000 08:01 262231                     /usr/lib/jvm/java-7-openjdk-amd64/jre/lib/ext/sunjce_provider.jar
7f87faa86000-7f87faa8a000 r--s 00085000 08:01 262230                     /usr/lib/jvm/java-7-openjdk-amd64/jre/lib/ext/localedata.jar
7f87faa8a000-7f87faa8e000 r--s 0003c000 08:01 262229                     /usr/lib/jvm/java-7-openjdk-amd64/jre/lib/ext/sunpkcs11.jar
7f87faa8e000-7f87faa90000 r--s 00006000 08:01 61906                      /usr/share/java/java-atk-wrapper.jar
7f87faa90000-7f87faa9a000 rw-p 00000000 00:00 0 
7f87faa9a000-7f87fab50000 rw-p 00000000 00:00 0 
7f87fab50000-7f87fab58000 rw-s 00000000 08:01 141459                     /tmp/hsperfdata_vagrant/15811
7f87fab58000-7f87fab5b000 ---p 00000000 00:00 0 
7f87fab5b000-7f87fac5e000 rw-p 00000000 00:00 0                          [stack:15815]
7f87fac5f000-7f87fac60000 r--s 00002000 08:01 262232                     /usr/lib/jvm/java-7-openjdk-amd64/jre/lib/ext/dnsns.jar
7f87fac60000-7f87fac62000 r--s 00012000 08:01 262228                     /usr/lib/jvm/java-7-openjdk-amd64/jre/lib/ext/zipfs.jar
7f87fac62000-7f87fac65000 r--s 0000f000 08:01 262227                     /usr/lib/jvm/java-7-openjdk-amd64/jre/lib/ext/icedtea-sound.jar
7f87fac65000-7f87fac66000 rw-p 00000000 00:00 0 
7f87fac66000-7f87fac67000 ---p 00000000 00:00 0 
7f87fac67000-7f87fac69000 rw-p 00000000 00:00 0 
7f87fac69000-7f87fac6a000 r--p 00022000 08:01 1892                       /lib/x86_64-linux-gnu/ld-2.19.so
7f87fac6a000-7f87fac6b000 rw-p 00023000 08:01 1892                       /lib/x86_64-linux-gnu/ld-2.19.so
7f87fac6b000-7f87fac6c000 rw-p 00000000 00:00 0 
7fff2a0dd000-7fff2a0fe000 rw-p 00000000 00:00 0                          [stack]
7fff2a1b3000-7fff2a1b5000 r-xp 00000000 00:00 0                          [vdso]
ffffffffff600000-ffffffffff601000 r-xp 00000000 00:00 0                  [vsyscall]

VM Arguments:
jvm_args: -Dapplication.home=/usr/lib/jvm/java-7-openjdk-amd64 -Xms8m 
java_command: com.sun.tools.javac.Main @/tmp/sbt_70ca16be/argfile
Launcher Type: SUN_STANDARD

Environment Variables:
PATH=/usr/local/sbin:/usr/local/bin:/usr/sbin:/usr/bin:/sbin:/bin:/usr/games:/usr/local/games:/home/vagrant/activator-1.2.12/
SHELL=/bin/bash

Signal Handlers:
SIGSEGV: [libjvm.so+0x9495e0], sa_mask[0]=0x7ffbfeff, sa_flags=0x10000004
SIGBUS: [libjvm.so+0x9495e0], sa_mask[0]=0x7ffbfeff, sa_flags=0x10000004
SIGFPE: [libjvm.so+0x7c3410], sa_mask[0]=0x7ffbfeff, sa_flags=0x10000004
SIGPIPE: [libjvm.so+0x7c3410], sa_mask[0]=0x7ffbfeff, sa_flags=0x10000004
SIGXFSZ: [libjvm.so+0x7c3410], sa_mask[0]=0x7ffbfeff, sa_flags=0x10000004
SIGILL: [libjvm.so+0x7c3410], sa_mask[0]=0x7ffbfeff, sa_flags=0x10000004
SIGUSR1: SIG_DFL, sa_mask[0]=0x00000000, sa_flags=0x00000000
SIGUSR2: [libjvm.so+0x7c32b0], sa_mask[0]=0x00000004, sa_flags=0x10000004
SIGHUP: [libjvm.so+0x7c3490], sa_mask[0]=0x7ffbfeff, sa_flags=0x10000004
SIGINT: [libjvm.so+0x7c3490], sa_mask[0]=0x7ffbfeff, sa_flags=0x10000004
SIGTERM: [libjvm.so+0x7c3490], sa_mask[0]=0x7ffbfeff, sa_flags=0x10000004
SIGQUIT: [libjvm.so+0x7c3490], sa_mask[0]=0x7ffbfeff, sa_flags=0x10000004
SIGTRAP: SIG_DFL, sa_mask[0]=0x00000000, sa_flags=0x00000000


---------------  S Y S T E M  ---------------

OS:Ubuntu 14.04 (trusty)
uname:Linux 3.13.0-40-generic #69-Ubuntu SMP Thu Nov 13 17:53:56 UTC 2014 x86_64
libc:glibc 2.19 NPTL 2.19 
rlimit: STACK 8192k, CORE 0k, NPROC 7874, NOFILE 4096, AS infinity
load average:1.76 1.03 0.77

/proc/meminfo:
MemTotal:        1017844 kB
MemFree:           54072 kB
Buffers:              52 kB
Cached:             2912 kB
SwapCached:            0 kB
Active:           923548 kB
Inactive:           2224 kB
Active(anon):     922944 kB
Inactive(anon):      880 kB
Active(file):        604 kB
Inactive(file):     1344 kB
Unevictable:           0 kB
Mlocked:               0 kB
SwapTotal:             0 kB
SwapFree:              0 kB
Dirty:                24 kB
Writeback:             0 kB
AnonPages:        922844 kB
Mapped:             1176 kB
Shmem:               980 kB
Slab:              18024 kB
SReclaimable:       9564 kB
SUnreclaim:         8460 kB
KernelStack:        1144 kB
PageTables:         5380 kB
NFS_Unstable:          0 kB
Bounce:                0 kB
WritebackTmp:          0 kB
CommitLimit:      508920 kB
Committed_AS:    1532320 kB
VmallocTotal:   34359738367 kB
VmallocUsed:       18764 kB
VmallocChunk:   34359715831 kB
HardwareCorrupted:     0 kB
AnonHugePages:    790528 kB
HugePages_Total:       0
HugePages_Free:        0
HugePages_Rsvd:        0
HugePages_Surp:        0
Hugepagesize:       2048 kB
DirectMap4k:       32704 kB
DirectMap2M:     1015808 kB


CPU:total 1 (1 cores per cpu, 1 threads per core) family 6 model 23 stepping 10, cmov, cx8, fxsr, mmx, sse, sse2, sse3, ssse3, tsc

/proc/cpuinfo:
processor	: 0
vendor_id	: GenuineIntel
cpu family	: 6
model		: 23
model name	: Intel(R) Core(TM)2 Duo CPU     P8700  @ 2.53GHz
stepping	: 10
microcode	: 0x60b
cpu MHz		: 467.117
cache size	: 6144 KB
physical id	: 0
siblings	: 1
core id		: 0
cpu cores	: 1
apicid		: 0
initial apicid	: 0
fpu		: yes
fpu_exception	: yes
cpuid level	: 5
wp		: yes
flags		: fpu vme de pse tsc msr pae mce cx8 apic sep mtrr pge mca cmov pat pse36 clflush mmx fxsr sse sse2 syscall nx lm constant_tsc rep_good nopl pni monitor ssse3 lahf_lm
bogomips	: 934.23
clflush size	: 64
cache_alignment	: 64
address sizes	: 36 bits physical, 48 bits virtual
power management:



Memory: 4k page, physical 1017844k(54072k free), swap 0k(0k free)

vm_info: OpenJDK 64-Bit Server VM (24.65-b04) for linux-amd64 JRE (1.7.0_65-b32), built on Oct 22 2014 04:37:44 by "buildd" with gcc 4.8.2

time: Mon Feb  2 22:56:56 2015
elapsed time: 14 seconds

