#
# There is insufficient memory for the Java Runtime Environment to continue.
# Native memory allocation (malloc) failed to allocate 2359296 bytes for committing reserved memory.
# Possible reasons:
#   The system is out of physical RAM or swap space
#   In 32 bit mode, the process size limit was hit
# Possible solutions:
#   Reduce memory load on the system
#   Increase physical memory or swap space
#   Check if swap backing store is full
#   Use 64 bit Java on a 64 bit OS
#   Decrease Java heap size (-Xmx/-Xms)
#   Decrease number of Java threads
#   Decrease Java thread stack sizes (-Xss)
#   Set larger code cache with -XX:ReservedCodeCacheSize=
# This output file may be truncated or incomplete.
#
#  Out of Memory Error (os_linux.cpp:2798), pid=14678, tid=139870773446400
#
# JRE version: OpenJDK Runtime Environment (7.0_65-b32) (build 1.7.0_65-b32)
# Java VM: OpenJDK 64-Bit Server VM (24.65-b04 mixed mode linux-amd64 compressed oops)
# Derivative: IcedTea 2.5.3
# Distribution: Ubuntu 14.04 LTS, package 7u71-2.5.3-0ubuntu0.14.04.1
# Failed to write core dump. Core dumps have been disabled. To enable core dumping, try "ulimit -c unlimited" before starting Java again
#

---------------  T H R E A D  ---------------

Current thread (0x00007f363806b800):  VMThread [stack: 0x00007f3633b40000,0x00007f3633c41000] [id=14683]

Stack: [0x00007f3633b40000,0x00007f3633c41000],  sp=0x00007f3633c3f590,  free space=1021k
Native frames: (J=compiled Java code, j=interpreted, Vv=VM code, C=native code)
V  [libjvm.so+0x948b05]  VMError::report_and_die()+0x175
V  [libjvm.so+0x48bc34]  report_vm_out_of_memory(char const*, int, unsigned long, char const*)+0x74
V  [libjvm.so+0x7c7bfb]  os::pd_commit_memory(char*, unsigned long, unsigned long, bool)+0xeb
V  [libjvm.so+0x7c26bf]  os::commit_memory(char*, unsigned long, unsigned long, bool)+0x1f
V  [libjvm.so+0x9459f4]  VirtualSpace::expand_by(unsigned long, bool)+0x1c4
V  [libjvm.so+0x561b1e]  OneContigSpaceCardGeneration::grow_by(unsigned long)+0x1e
V  [libjvm.so+0x561e55]  OneContigSpaceCardGeneration::expand(unsigned long, unsigned long)+0x85
V  [libjvm.so+0x5535f0]  GenCollectedHeap::do_collection(bool, bool, unsigned long, bool, int)+0x7a0
V  [libjvm.so+0x425812]  GenCollectorPolicy::satisfy_failed_allocation(unsigned long, bool)+0xb2
V  [libjvm.so+0x949e01]  VM_GenCollectForAllocation::doit()+0x81
V  [libjvm.so+0x94e9f7]  VM_Operation::evaluate()+0x47
V  [libjvm.so+0x94d368]  VMThread::evaluate_operation(VM_Operation*)+0x318
V  [libjvm.so+0x94d7c9]  VMThread::loop()+0x219
V  [libjvm.so+0x94dc12]  VMThread::run()+0x72
V  [libjvm.so+0x7c4ac2]  java_start(Thread*)+0xf2

VM_Operation (0x00007f363e65fac0): GenCollectForAllocation, mode: safepoint, requested by thread 0x00007f363800a000


---------------  P R O C E S S  ---------------

Java Threads: ( => current thread )
  0x00007f36380a6000 JavaThread "Service Thread" daemon [_thread_blocked, id=14689, stack(0x00007f36333b1000,0x00007f36334b2000)]
  0x00007f36380a3800 JavaThread "C2 CompilerThread1" daemon [_thread_blocked, id=14688, stack(0x00007f36334b2000,0x00007f36335b3000)]
  0x00007f36380a1000 JavaThread "C2 CompilerThread0" daemon [_thread_blocked, id=14687, stack(0x00007f36335b3000,0x00007f36336b4000)]
  0x00007f363809f000 JavaThread "Signal Dispatcher" daemon [_thread_blocked, id=14686, stack(0x00007f36336b4000,0x00007f36337b5000)]
  0x00007f3638072000 JavaThread "Finalizer" daemon [_thread_blocked, id=14685, stack(0x00007f363393e000,0x00007f3633a3f000)]
  0x00007f3638070000 JavaThread "Reference Handler" daemon [_thread_blocked, id=14684, stack(0x00007f3633a3f000,0x00007f3633b40000)]
  0x00007f363800a000 JavaThread "main" [_thread_blocked, id=14682, stack(0x00007f363e561000,0x00007f363e662000)]

Other Threads:
=>0x00007f363806b800 VMThread [stack: 0x00007f3633b40000,0x00007f3633c41000] [id=14683]
  0x00007f36380a9000 WatcherThread [stack: 0x00007f36332b0000,0x00007f36333b1000] [id=14690]

VM state:at safepoint (normal execution)

VM Mutex/Monitor currently owned by a thread:  ([mutex/lock_event])
[0x00007f3638006440] Threads_lock - owner thread: 0x00007f363806b800
[0x00007f3638006940] Heap_lock - owner thread: 0x00007f363800a000

Heap
 def new generation   total 3200K, used 0K [0x00000000d6800000, 0x00000000d6b70000, 0x00000000e0e00000)
  eden space 2880K,   0% used [0x00000000d6800000, 0x00000000d6800000, 0x00000000d6ad0000)
  from space 320K,   0% used [0x00000000d6ad0000, 0x00000000d6ad0000, 0x00000000d6b20000)
  to   space 320K,   0% used [0x00000000d6b20000, 0x00000000d6b20000, 0x00000000d6b70000)
 tenured generation   total 7488K, used 5873K [0x00000000e0e00000, 0x00000000e1550000, 0x00000000f5a00000)
   the space 7488K,  78% used [0x00000000e0e00000, 0x00000000e13bc7b8, 0x00000000e13bc800, 0x00000000e1550000)
 compacting perm gen  total 21248K, used 6980K [0x00000000f5a00000, 0x00000000f6ec0000, 0x0000000100000000)
   the space 21248K,  32% used [0x00000000f5a00000, 0x00000000f60d1290, 0x00000000f60d1400, 0x00000000f6ec0000)
No shared spaces configured.

Card table byte_map: [0x00007f363402f000,0x00007f363417c000] byte_map_base: 0x00007f363397b000

Polling page: 0x00007f363e66f000

Code Cache  [0x00007f363417c000, 0x00007f36343ec000, 0x00007f363717c000)
 total_blobs=302 nmethods=77 adapters=177 free_code_cache=48508Kb largest_free_block=49640832

Compilation events (10 events):
Event: 6.242 Thread 0x00007f36380a3800 nmethod 63% 0x00007f363421a850 code [0x00007f363421ac80, 0x00007f363421d3a0]
Event: 6.243 Thread 0x00007f36380a3800   76             java.util.ComparableTimSort::binarySort (223 bytes)
Event: 6.267 Thread 0x00007f36380a3800 nmethod 76 0x00007f3634216910 code [0x00007f3634216ac0, 0x00007f3634217358]
Event: 6.267 Thread 0x00007f36380a3800   77             java.util.Arrays::copyOfRange (63 bytes)
Event: 6.273 Thread 0x00007f36380a3800 nmethod 77 0x00007f3634209850 code [0x00007f36342099a0, 0x00007f3634209b98]
Event: 6.273 Thread 0x00007f36380a3800   78             java.util.ComparableTimSort::mergeHi (716 bytes)
Event: 6.279 Thread 0x00007f36380a1000 nmethod 75 0x00007f363420f7d0 code [0x00007f363420f9e0, 0x00007f36342110b8]
Event: 6.281 Thread 0x00007f36380a1000   79             java.lang.String::<init> (67 bytes)
Event: 6.284 Thread 0x00007f36380a1000 nmethod 79 0x00007f363420f1d0 code [0x00007f363420f320, 0x00007f363420f598]
Event: 6.313 Thread 0x00007f36380a1000   80             java.util.ComparableTimSort::mergeLo (652 bytes)

GC Heap History (10 events):
Event: 3.598 GC heap after
Heap after GC invocations=8 (full 0):
 def new generation   total 2432K, used 109K [0x00000000d6800000, 0x00000000d6aa0000, 0x00000000e0e00000)
  eden space 2176K,   0% used [0x00000000d6800000, 0x00000000d6800000, 0x00000000d6a20000)
  from space 256K,  42% used [0x00000000d6a20000, 0x00000000d6a3b648, 0x00000000d6a60000)
  to   space 256K,   0% used [0x00000000d6a60000, 0x00000000d6a60000, 0x00000000d6aa0000)
 tenured generation   total 5504K, used 3211K [0x00000000e0e00000, 0x00000000e1360000, 0x00000000f5a00000)
   the space 5504K,  58% used [0x00000000e0e00000, 0x00000000e1122d10, 0x00000000e1122e00, 0x00000000e1360000)
 compacting perm gen  total 21248K, used 6456K [0x00000000f5a00000, 0x00000000f6ec0000, 0x0000000100000000)
   the space 21248K,  30% used [0x00000000f5a00000, 0x00000000f604e318, 0x00000000f604e400, 0x00000000f6ec0000)
No shared spaces configured.
}
Event: 4.230 GC heap before
{Heap before GC invocations=8 (full 0):
 def new generation   total 2432K, used 2229K [0x00000000d6800000, 0x00000000d6aa0000, 0x00000000e0e00000)
  eden space 2176K,  97% used [0x00000000d6800000, 0x00000000d6a11f88, 0x00000000d6a20000)
  from space 256K,  42% used [0x00000000d6a20000, 0x00000000d6a3b648, 0x00000000d6a60000)
  to   space 256K,   0% used [0x00000000d6a60000, 0x00000000d6a60000, 0x00000000d6aa0000)
 tenured generation   total 5504K, used 3211K [0x00000000e0e00000, 0x00000000e1360000, 0x00000000f5a00000)
   the space 5504K,  58% used [0x00000000e0e00000, 0x00000000e1122d10, 0x00000000e1122e00, 0x00000000e1360000)
 compacting perm gen  total 21248K, used 6702K [0x00000000f5a00000, 0x00000000f6ec0000, 0x0000000100000000)
   the space 21248K,  31% used [0x00000000f5a00000, 0x00000000f608bac0, 0x00000000f608bc00, 0x00000000f6ec0000)
No shared spaces configured.
Event: 4.233 GC heap after
Heap after GC invocations=9 (full 0):
 def new generation   total 2432K, used 256K [0x00000000d6800000, 0x00000000d6aa0000, 0x00000000e0e00000)
  eden space 2176K,   0% used [0x00000000d6800000, 0x00000000d6800000, 0x00000000d6a20000)
  from space 256K, 100% used [0x00000000d6a60000, 0x00000000d6aa0000, 0x00000000d6aa0000)
  to   space 256K,   0% used [0x00000000d6a20000, 0x00000000d6a20000, 0x00000000d6a60000)
 tenured generation   total 5504K, used 3607K [0x00000000e0e00000, 0x00000000e1360000, 0x00000000f5a00000)
   the space 5504K,  65% used [0x00000000e0e00000, 0x00000000e1185ce8, 0x00000000e1185e00, 0x00000000e1360000)
 compacting perm gen  total 21248K, used 6702K [0x00000000f5a00000, 0x00000000f6ec0000, 0x0000000100000000)
   the space 21248K,  31% used [0x00000000f5a00000, 0x00000000f608bac0, 0x00000000f608bc00, 0x00000000f6ec0000)
No shared spaces configured.
}
Event: 4.481 GC heap before
{Heap before GC invocations=9 (full 0):
 def new generation   total 2432K, used 956K [0x00000000d6800000, 0x00000000d6aa0000, 0x00000000e0e00000)
  eden space 2176K,  32% used [0x00000000d6800000, 0x00000000d68af378, 0x00000000d6a20000)
  from space 256K, 100% used [0x00000000d6a60000, 0x00000000d6aa0000, 0x00000000d6aa0000)
  to   space 256K,   0% used [0x00000000d6a20000, 0x00000000d6a20000, 0x00000000d6a60000)
 tenured generation   total 5504K, used 3607K [0x00000000e0e00000, 0x00000000e1360000, 0x00000000f5a00000)
   the space 5504K,  65% used [0x00000000e0e00000, 0x00000000e1185ce8, 0x00000000e1185e00, 0x00000000e1360000)
 compacting perm gen  total 21248K, used 6942K [0x00000000f5a00000, 0x00000000f6ec0000, 0x0000000100000000)
   the space 21248K,  32% used [0x00000000f5a00000, 0x00000000f60c7828, 0x00000000f60c7a00, 0x00000000f6ec0000)
No shared spaces configured.
Event: 4.490 GC heap after
Heap after GC invocations=10 (full 0):
 def new generation   total 2432K, used 218K [0x00000000d6800000, 0x00000000d6aa0000, 0x00000000e0e00000)
  eden space 2176K,   0% used [0x00000000d6800000, 0x00000000d6800000, 0x00000000d6a20000)
  from space 256K,  85% used [0x00000000d6a20000, 0x00000000d6a56968, 0x00000000d6a60000)
  to   space 256K,   0% used [0x00000000d6a60000, 0x00000000d6a60000, 0x00000000d6aa0000)
 tenured generation   total 5504K, used 3818K [0x00000000e0e00000, 0x00000000e1360000, 0x00000000f5a00000)
   the space 5504K,  69% used [0x00000000e0e00000, 0x00000000e11ba848, 0x00000000e11baa00, 0x00000000e1360000)
 compacting perm gen  total 21248K, used 6942K [0x00000000f5a00000, 0x00000000f6ec0000, 0x0000000100000000)
   the space 21248K,  32% used [0x00000000f5a00000, 0x00000000f60c7828, 0x00000000f60c7a00, 0x00000000f6ec0000)
No shared spaces configured.
}
Event: 4.934 GC heap before
{Heap before GC invocations=10 (full 0):
 def new generation   total 2432K, used 2394K [0x00000000d6800000, 0x00000000d6aa0000, 0x00000000e0e00000)
  eden space 2176K, 100% used [0x00000000d6800000, 0x00000000d6a20000, 0x00000000d6a20000)
  from space 256K,  85% used [0x00000000d6a20000, 0x00000000d6a56968, 0x00000000d6a60000)
  to   space 256K,   0% used [0x00000000d6a60000, 0x00000000d6a60000, 0x00000000d6aa0000)
 tenured generation   total 5504K, used 3818K [0x00000000e0e00000, 0x00000000e1360000, 0x00000000f5a00000)
   the space 5504K,  69% used [0x00000000e0e00000, 0x00000000e11ba848, 0x00000000e11baa00, 0x00000000e1360000)
 compacting perm gen  total 21248K, used 6952K [0x00000000f5a00000, 0x00000000f6ec0000, 0x0000000100000000)
   the space 21248K,  32% used [0x00000000f5a00000, 0x00000000f60ca120, 0x00000000f60ca200, 0x00000000f6ec0000)
No shared spaces configured.
Event: 5.129 GC heap after
Heap after GC invocations=11 (full 1):
 def new generation   total 3200K, used 0K [0x00000000d6800000, 0x00000000d6b70000, 0x00000000e0e00000)
  eden space 2880K,   0% used [0x00000000d6800000, 0x00000000d6800000, 0x00000000d6ad0000)
  from space 320K,   0% used [0x00000000d6ad0000, 0x00000000d6ad0000, 0x00000000d6b20000)
  to   space 320K,   0% used [0x00000000d6b20000, 0x00000000d6b20000, 0x00000000d6b70000)
 tenured generation   total 6912K, used 4146K [0x00000000e0e00000, 0x00000000e14c0000, 0x00000000f5a00000)
   the space 6912K,  59% used [0x00000000e0e00000, 0x00000000e120ca90, 0x00000000e120cc00, 0x00000000e14c0000)
 compacting perm gen  total 21248K, used 6952K [0x00000000f5a00000, 0x00000000f6ec0000, 0x0000000100000000)
   the space 21248K,  32% used [0x00000000f5a00000, 0x00000000f60ca120, 0x00000000f60ca200, 0x00000000f6ec0000)
No shared spaces configured.
}
Event: 6.134 GC heap before
{Heap before GC invocations=11 (full 1):
 def new generation   total 3200K, used 2582K [0x00000000d6800000, 0x00000000d6b70000, 0x00000000e0e00000)
  eden space 2880K,  89% used [0x00000000d6800000, 0x00000000d6a85b68, 0x00000000d6ad0000)
  from space 320K,   0% used [0x00000000d6ad0000, 0x00000000d6ad0000, 0x00000000d6b20000)
  to   space 320K,   0% used [0x00000000d6b20000, 0x00000000d6b20000, 0x00000000d6b70000)
 tenured generation   total 6912K, used 4146K [0x00000000e0e00000, 0x00000000e14c0000, 0x00000000f5a00000)
   the space 6912K,  59% used [0x00000000e0e00000, 0x00000000e120ca90, 0x00000000e120cc00, 0x00000000e14c0000)
 compacting perm gen  total 21248K, used 6966K [0x00000000f5a00000, 0x00000000f6ec0000, 0x0000000100000000)
   the space 21248K,  32% used [0x00000000f5a00000, 0x00000000f60cd848, 0x00000000f60cda00, 0x00000000f6ec0000)
No shared spaces configured.
Event: 6.152 GC heap after
Heap after GC invocations=12 (full 1):
 def new generation   total 3200K, used 320K [0x00000000d6800000, 0x00000000d6b70000, 0x00000000e0e00000)
  eden space 2880K,   0% used [0x00000000d6800000, 0x00000000d6800000, 0x00000000d6ad0000)
  from space 320K, 100% used [0x00000000d6b20000, 0x00000000d6b70000, 0x00000000d6b70000)
  to   space 320K,   0% used [0x00000000d6ad0000, 0x00000000d6ad0000, 0x00000000d6b20000)
 tenured generation   total 6912K, used 5818K [0x00000000e0e00000, 0x00000000e14c0000, 0x00000000f5a00000)
   the space 6912K,  84% used [0x00000000e0e00000, 0x00000000e13ae9e8, 0x00000000e13aea00, 0x00000000e14c0000)
 compacting perm gen  total 21248K, used 6966K [0x00000000f5a00000, 0x00000000f6ec0000, 0x0000000100000000)
   the space 21248K,  32% used [0x00000000f5a00000, 0x00000000f60cd848, 0x00000000f60cda00, 0x00000000f6ec0000)
No shared spaces configured.
}
Event: 6.333 GC heap before
{Heap before GC invocations=12 (full 1):
 def new generation   total 3200K, used 3200K [0x00000000d6800000, 0x00000000d6b70000, 0x00000000e0e00000)
  eden space 2880K, 100% used [0x00000000d6800000, 0x00000000d6ad0000, 0x00000000d6ad0000)
  from space 320K, 100% used [0x00000000d6b20000, 0x00000000d6b70000, 0x00000000d6b70000)
  to   space 320K,   0% used [0x00000000d6ad0000, 0x00000000d6ad0000, 0x00000000d6b20000)
 tenured generation   total 6912K, used 5818K [0x00000000e0e00000, 0x00000000e14c0000, 0x00000000f5a00000)
   the space 6912K,  84% used [0x00000000e0e00000, 0x00000000e13ae9e8, 0x00000000e13aea00, 0x00000000e14c0000)
 compacting perm gen  total 21248K, used 6980K [0x00000000f5a00000, 0x00000000f6ec0000, 0x0000000100000000)
   the space 21248K,  32% used [0x00000000f5a00000, 0x00000000f60d1290, 0x00000000f60d1400, 0x00000000f6ec0000)
No shared spaces configured.

Deoptimization events (10 events):
Event: 5.996 Thread 0x00007f363800a000 Uncommon trap: reason=array_check action=maybe_recompile pc=0x00007f363420a2c4 method=java.util.ComparableTimSort.binarySort([Ljava/lang/Object;III)V @ 215
Event: 5.996 Thread 0x00007f363800a000 Uncommon trap: reason=array_check action=maybe_recompile pc=0x00007f363420a2c4 method=java.util.ComparableTimSort.binarySort([Ljava/lang/Object;III)V @ 215
Event: 5.996 Thread 0x00007f363800a000 Uncommon trap: reason=array_check action=maybe_recompile pc=0x00007f363420dd88 method=java.util.ComparableTimSort.mergeLo(IIII)V @ 77
Event: 5.996 Thread 0x00007f363800a000 Uncommon trap: reason=array_check action=maybe_recompile pc=0x00007f363420dd88 method=java.util.ComparableTimSort.mergeLo(IIII)V @ 77
Event: 5.997 Thread 0x00007f363800a000 Uncommon trap: reason=array_check action=maybe_recompile pc=0x00007f363420dd88 method=java.util.ComparableTimSort.mergeLo(IIII)V @ 77
Event: 6.024 Thread 0x00007f363800a000 Uncommon trap: reason=array_check action=maybe_recompile pc=0x00007f363421331c method=java.util.ComparableTimSort.mergeHi(IIII)V @ 91
Event: 6.024 Thread 0x00007f363800a000 Uncommon trap: reason=array_check action=maybe_recompile pc=0x00007f363421331c method=java.util.ComparableTimSort.mergeHi(IIII)V @ 91
Event: 6.024 Thread 0x00007f363800a000 Uncommon trap: reason=array_check action=maybe_recompile pc=0x00007f363421331c method=java.util.ComparableTimSort.mergeHi(IIII)V @ 91
Event: 6.024 Thread 0x00007f363800a000 Uncommon trap: reason=array_check action=maybe_recompile pc=0x00007f363421331c method=java.util.ComparableTimSort.mergeHi(IIII)V @ 91
Event: 6.313 Thread 0x00007f363800a000 Uncommon trap: reason=predicate action=maybe_recompile pc=0x00007f3634210a94 method=java.util.ComparableTimSort.mergeLo(IIII)V @ 143

Internal exceptions (10 events):
Event: 4.305 Thread 0x00007f363800a000 Threw 0x00000000d68530b8 at /build/buildd/openjdk-7-7u71-2.5.3/build/openjdk/hotspot/src/share/vm/prims/jvm.cpp:1284
Event: 4.327 Thread 0x00007f363800a000 Threw 0x00000000d6865e28 at /build/buildd/openjdk-7-7u71-2.5.3/build/openjdk/hotspot/src/share/vm/prims/jvm.cpp:1284
Event: 4.353 Thread 0x00007f363800a000 Threw 0x00000000d6877ca8 at /build/buildd/openjdk-7-7u71-2.5.3/build/openjdk/hotspot/src/share/vm/prims/jvm.cpp:1284
Event: 4.356 Thread 0x00007f363800a000 Threw 0x00000000d687e910 at /build/buildd/openjdk-7-7u71-2.5.3/build/openjdk/hotspot/src/share/vm/prims/jvm.cpp:1284
Event: 5.233 Thread 0x00007f363800a000 Implicit null exception at 0x00007f36341feb14 to 0x00007f36341ff971
Event: 5.980 Thread 0x00007f363800a000 Threw 0x00000000d69edaf0 at /build/buildd/openjdk-7-7u71-2.5.3/build/openjdk/hotspot/src/share/vm/prims/jni.cpp:721
Event: 5.993 Thread 0x00007f363800a000 Threw 0x00000000d69ef0e0 at /build/buildd/openjdk-7-7u71-2.5.3/build/openjdk/hotspot/src/share/vm/prims/jvm.cpp:1284
Event: 6.034 Thread 0x00007f363800a000 Threw 0x00000000d6a55760 at /build/buildd/openjdk-7-7u71-2.5.3/build/openjdk/hotspot/src/share/vm/prims/jni.cpp:721
Event: 6.034 Thread 0x00007f363800a000 Threw 0x00000000d6a55f90 at /build/buildd/openjdk-7-7u71-2.5.3/build/openjdk/hotspot/src/share/vm/prims/jni.cpp:721
Event: 6.248 Thread 0x00007f363800a000 Threw 0x00000000d6a585f0 at /build/buildd/openjdk-7-7u71-2.5.3/build/openjdk/hotspot/src/share/vm/prims/jvm.cpp:1284

Events (10 events):
Event: 6.154 Executing VM operation: GenCollectForAllocation done
Event: 6.154 Executing VM operation: RevokeBias
Event: 6.154 Executing VM operation: RevokeBias done
Event: 6.248 loading class 0x00007f3638275880
Event: 6.248 loading class 0x00007f3638275880 done
Event: 6.273 Thread 0x00007f36380a3800 flushing nmethod 0x00007f36341e1790
Event: 6.313 Thread 0x00007f363800a000 Uncommon trap: trap_request=0xffffff86 fr.pc=0x00007f3634210a94
Event: 6.313 Thread 0x00007f363800a000 DEOPT PACKING pc=0x00007f3634210a94 sp=0x00007f363e65f9a0
Event: 6.313 Thread 0x00007f363800a000 DEOPT UNPACKING pc=0x00007f36341b5045 sp=0x00007f363e65f9b0 mode 2
Event: 6.333 Executing VM operation: GenCollectForAllocation


Dynamic libraries:
00400000-00401000 r-xp 00000000 08:01 264934                             /usr/lib/jvm/java-7-openjdk-amd64/bin/javac
00600000-00601000 r--p 00000000 08:01 264934                             /usr/lib/jvm/java-7-openjdk-amd64/bin/javac
00601000-00602000 rw-p 00001000 08:01 264934                             /usr/lib/jvm/java-7-openjdk-amd64/bin/javac
0216b000-0218c000 rw-p 00000000 00:00 0                                  [heap]
d6800000-d6b70000 rw-p 00000000 00:00 0 
d6b70000-e0e00000 rw-p 00000000 00:00 0 
e0e00000-e1550000 rw-p 00000000 00:00 0 
e1790000-f5a00000 rw-p 00000000 00:00 0 
f5a00000-f6ec0000 rw-p 00000000 00:00 0 
f6ec0000-100000000 rw-p 00000000 00:00 0 
7f3614000000-7f3614501000 rw-p 00000000 00:00 0 
7f3614501000-7f3618000000 ---p 00000000 00:00 0 
7f3618000000-7f36184f4000 rw-p 00000000 00:00 0 
7f36184f4000-7f361c000000 ---p 00000000 00:00 0 
7f361c000000-7f361c021000 rw-p 00000000 00:00 0 
7f361c021000-7f3620000000 ---p 00000000 00:00 0 
7f3620000000-7f3620021000 rw-p 00000000 00:00 0 
7f3620021000-7f3624000000 ---p 00000000 00:00 0 
7f3624000000-7f3624021000 rw-p 00000000 00:00 0 
7f3624021000-7f3628000000 ---p 00000000 00:00 0 
7f3628000000-7f3628021000 rw-p 00000000 00:00 0 
7f3628021000-7f362c000000 ---p 00000000 00:00 0 
7f362c000000-7f362c049000 rw-p 00000000 00:00 0 
7f362c049000-7f3630000000 ---p 00000000 00:00 0 
7f363300c000-7f3633246000 rw-p 00000000 00:00 0 
7f3633246000-7f36332b0000 r--s 0069e000 08:01 264873                     /usr/lib/jvm/java-7-openjdk-amd64/lib/tools.jar
7f36332b0000-7f36332b1000 ---p 00000000 00:00 0 
7f36332b1000-7f36333b1000 rw-p 00000000 00:00 0                          [stack:14690]
7f36333b1000-7f36333b4000 ---p 00000000 00:00 0 
7f36333b4000-7f36334b2000 rw-p 00000000 00:00 0                          [stack:14689]
7f36334b2000-7f36334b5000 ---p 00000000 00:00 0 
7f36334b5000-7f36335b3000 rw-p 00000000 00:00 0                          [stack:14688]
7f36335b3000-7f36335b6000 ---p 00000000 00:00 0 
7f36335b6000-7f36336b4000 rw-p 00000000 00:00 0                          [stack:14687]
7f36336b4000-7f36336b7000 ---p 00000000 00:00 0 
7f36336b7000-7f36337b5000 rw-p 00000000 00:00 0                          [stack:14686]
7f36337b5000-7f363393e000 r--p 00000000 08:01 24405                      /usr/lib/locale/locale-archive
7f363393e000-7f3633941000 ---p 00000000 00:00 0 
7f3633941000-7f3633a3f000 rw-p 00000000 00:00 0                          [stack:14685]
7f3633a3f000-7f3633a42000 ---p 00000000 00:00 0 
7f3633a42000-7f3633b40000 rw-p 00000000 00:00 0                          [stack:14684]
7f3633b40000-7f3633b41000 ---p 00000000 00:00 0 
7f3633b41000-7f3633c8a000 rw-p 00000000 00:00 0                          [stack:14683]
7f3633c8a000-7f3633e3b000 r--s 01d25000 08:01 262233                     /usr/lib/jvm/java-7-openjdk-amd64/jre/lib/rt.jar
7f3633e3b000-7f3633f3f000 rw-p 00000000 00:00 0 
7f3633f3f000-7f3633f88000 rw-p 00000000 00:00 0 
7f3633f88000-7f3633f8c000 rw-p 00000000 00:00 0 
7f3633f8c000-7f363402f000 rw-p 00000000 00:00 0 
7f363402f000-7f3634031000 rw-p 00000000 00:00 0 
7f3634031000-7f3634082000 rw-p 00000000 00:00 0 
7f3634082000-7f3634086000 rw-p 00000000 00:00 0 
7f3634086000-7f3634128000 rw-p 00000000 00:00 0 
7f3634128000-7f3634133000 rw-p 00000000 00:00 0 
7f3634133000-7f363417b000 rw-p 00000000 00:00 0 
7f363417b000-7f363417c000 rw-p 00000000 00:00 0 
7f363417c000-7f36343ec000 rwxp 00000000 00:00 0 
7f36343ec000-7f363717c000 rw-p 00000000 00:00 0 
7f363717c000-7f3637184000 r-xp 00000000 08:01 262162                     /usr/lib/jvm/java-7-openjdk-amd64/jre/lib/amd64/libzip.so
7f3637184000-7f3637383000 ---p 00008000 08:01 262162                     /usr/lib/jvm/java-7-openjdk-amd64/jre/lib/amd64/libzip.so
7f3637383000-7f3637384000 r--p 00007000 08:01 262162                     /usr/lib/jvm/java-7-openjdk-amd64/jre/lib/amd64/libzip.so
7f3637384000-7f3637385000 rw-p 00008000 08:01 262162                     /usr/lib/jvm/java-7-openjdk-amd64/jre/lib/amd64/libzip.so
7f3637385000-7f3637390000 r-xp 00000000 08:01 2027                       /lib/x86_64-linux-gnu/libnss_files-2.19.so
7f3637390000-7f363758f000 ---p 0000b000 08:01 2027                       /lib/x86_64-linux-gnu/libnss_files-2.19.so
7f363758f000-7f3637590000 r--p 0000a000 08:01 2027                       /lib/x86_64-linux-gnu/libnss_files-2.19.so
7f3637590000-7f3637591000 rw-p 0000b000 08:01 2027                       /lib/x86_64-linux-gnu/libnss_files-2.19.so
7f3637591000-7f363759c000 r-xp 00000000 08:01 1936                       /lib/x86_64-linux-gnu/libnss_nis-2.19.so
7f363759c000-7f363779b000 ---p 0000b000 08:01 1936                       /lib/x86_64-linux-gnu/libnss_nis-2.19.so
7f363779b000-7f363779c000 r--p 0000a000 08:01 1936                       /lib/x86_64-linux-gnu/libnss_nis-2.19.so
7f363779c000-7f363779d000 rw-p 0000b000 08:01 1936                       /lib/x86_64-linux-gnu/libnss_nis-2.19.so
7f363779d000-7f36377b4000 r-xp 00000000 08:01 2000                       /lib/x86_64-linux-gnu/libnsl-2.19.so
7f36377b4000-7f36379b3000 ---p 00017000 08:01 2000                       /lib/x86_64-linux-gnu/libnsl-2.19.so
7f36379b3000-7f36379b4000 r--p 00016000 08:01 2000                       /lib/x86_64-linux-gnu/libnsl-2.19.so
7f36379b4000-7f36379b5000 rw-p 00017000 08:01 2000                       /lib/x86_64-linux-gnu/libnsl-2.19.so
7f36379b5000-7f36379b7000 rw-p 00000000 00:00 0 
7f36379b7000-7f36379c0000 r-xp 00000000 08:01 1963                       /lib/x86_64-linux-gnu/libnss_compat-2.19.so
7f36379c0000-7f3637bbf000 ---p 00009000 08:01 1963                       /lib/x86_64-linux-gnu/libnss_compat-2.19.so
7f3637bbf000-7f3637bc0000 r--p 00008000 08:01 1963                       /lib/x86_64-linux-gnu/libnss_compat-2.19.so
7f3637bc0000-7f3637bc1000 rw-p 00009000 08:01 1963                       /lib/x86_64-linux-gnu/libnss_compat-2.19.so
7f3637bc1000-7f3637bec000 r-xp 00000000 08:01 262169                     /usr/lib/jvm/java-7-openjdk-amd64/jre/lib/amd64/libjava.so
7f3637bec000-7f3637deb000 ---p 0002b000 08:01 262169                     /usr/lib/jvm/java-7-openjdk-amd64/jre/lib/amd64/libjava.so
7f3637deb000-7f3637dec000 r--p 0002a000 08:01 262169                     /usr/lib/jvm/java-7-openjdk-amd64/jre/lib/amd64/libjava.so
7f3637dec000-7f3637dee000 rw-p 0002b000 08:01 262169                     /usr/lib/jvm/java-7-openjdk-amd64/jre/lib/amd64/libjava.so
7f3637dee000-7f3637dfe000 r-xp 00000000 08:01 262184                     /usr/lib/jvm/java-7-openjdk-amd64/jre/lib/amd64/libverify.so
7f3637dfe000-7f3637ffd000 ---p 00010000 08:01 262184                     /usr/lib/jvm/java-7-openjdk-amd64/jre/lib/amd64/libverify.so
7f3637ffd000-7f3637fff000 r--p 0000f000 08:01 262184                     /usr/lib/jvm/java-7-openjdk-amd64/jre/lib/amd64/libverify.so
7f3637fff000-7f3638000000 rw-p 00011000 08:01 262184                     /usr/lib/jvm/java-7-openjdk-amd64/jre/lib/amd64/libverify.so
7f3638000000-7f363858e000 rw-p 00000000 00:00 0 
7f363858e000-7f363c000000 ---p 00000000 00:00 0 
7f363c019000-7f363c020000 r-xp 00000000 08:01 1968                       /lib/x86_64-linux-gnu/librt-2.19.so
7f363c020000-7f363c21f000 ---p 00007000 08:01 1968                       /lib/x86_64-linux-gnu/librt-2.19.so
7f363c21f000-7f363c220000 r--p 00006000 08:01 1968                       /lib/x86_64-linux-gnu/librt-2.19.so
7f363c220000-7f363c221000 rw-p 00007000 08:01 1968                       /lib/x86_64-linux-gnu/librt-2.19.so
7f363c221000-7f363c237000 r-xp 00000000 08:01 1901                       /lib/x86_64-linux-gnu/libgcc_s.so.1
7f363c237000-7f363c436000 ---p 00016000 08:01 1901                       /lib/x86_64-linux-gnu/libgcc_s.so.1
7f363c436000-7f363c437000 rw-p 00015000 08:01 1901                       /lib/x86_64-linux-gnu/libgcc_s.so.1
7f363c437000-7f363c53c000 r-xp 00000000 08:01 2023                       /lib/x86_64-linux-gnu/libm-2.19.so
7f363c53c000-7f363c73b000 ---p 00105000 08:01 2023                       /lib/x86_64-linux-gnu/libm-2.19.so
7f363c73b000-7f363c73c000 r--p 00104000 08:01 2023                       /lib/x86_64-linux-gnu/libm-2.19.so
7f363c73c000-7f363c73d000 rw-p 00105000 08:01 2023                       /lib/x86_64-linux-gnu/libm-2.19.so
7f363c73d000-7f363c823000 r-xp 00000000 08:01 23699                      /usr/lib/x86_64-linux-gnu/libstdc++.so.6.0.19
7f363c823000-7f363ca22000 ---p 000e6000 08:01 23699                      /usr/lib/x86_64-linux-gnu/libstdc++.so.6.0.19
7f363ca22000-7f363ca2a000 r--p 000e5000 08:01 23699                      /usr/lib/x86_64-linux-gnu/libstdc++.so.6.0.19
7f363ca2a000-7f363ca2c000 rw-p 000ed000 08:01 23699                      /usr/lib/x86_64-linux-gnu/libstdc++.so.6.0.19
7f363ca2c000-7f363ca41000 rw-p 00000000 00:00 0 
7f363ca41000-7f363d557000 r-xp 00000000 08:01 262191                     /usr/lib/jvm/java-7-openjdk-amd64/jre/lib/amd64/server/libjvm.so
7f363d557000-7f363d756000 ---p 00b16000 08:01 262191                     /usr/lib/jvm/java-7-openjdk-amd64/jre/lib/amd64/server/libjvm.so
7f363d756000-7f363d7f0000 r--p 00b15000 08:01 262191                     /usr/lib/jvm/java-7-openjdk-amd64/jre/lib/amd64/server/libjvm.so
7f363d7f0000-7f363d813000 rw-p 00baf000 08:01 262191                     /usr/lib/jvm/java-7-openjdk-amd64/jre/lib/amd64/server/libjvm.so
7f363d813000-7f363d841000 rw-p 00000000 00:00 0 
7f363d841000-7f363d859000 r-xp 00000000 08:01 1888                       /lib/x86_64-linux-gnu/libz.so.1.2.8
7f363d859000-7f363da58000 ---p 00018000 08:01 1888                       /lib/x86_64-linux-gnu/libz.so.1.2.8
7f363da58000-7f363da59000 r--p 00017000 08:01 1888                       /lib/x86_64-linux-gnu/libz.so.1.2.8
7f363da59000-7f363da5a000 rw-p 00018000 08:01 1888                       /lib/x86_64-linux-gnu/libz.so.1.2.8
7f363da5a000-7f363da73000 r-xp 00000000 08:01 2018                       /lib/x86_64-linux-gnu/libpthread-2.19.so
7f363da73000-7f363dc72000 ---p 00019000 08:01 2018                       /lib/x86_64-linux-gnu/libpthread-2.19.so
7f363dc72000-7f363dc73000 r--p 00018000 08:01 2018                       /lib/x86_64-linux-gnu/libpthread-2.19.so
7f363dc73000-7f363dc74000 rw-p 00019000 08:01 2018                       /lib/x86_64-linux-gnu/libpthread-2.19.so
7f363dc74000-7f363dc78000 rw-p 00000000 00:00 0 
7f363dc78000-7f363dc7b000 r-xp 00000000 08:01 1993                       /lib/x86_64-linux-gnu/libdl-2.19.so
7f363dc7b000-7f363de7a000 ---p 00003000 08:01 1993                       /lib/x86_64-linux-gnu/libdl-2.19.so
7f363de7a000-7f363de7b000 r--p 00002000 08:01 1993                       /lib/x86_64-linux-gnu/libdl-2.19.so
7f363de7b000-7f363de7c000 rw-p 00003000 08:01 1993                       /lib/x86_64-linux-gnu/libdl-2.19.so
7f363de7c000-7f363e037000 r-xp 00000000 08:01 1880                       /lib/x86_64-linux-gnu/libc-2.19.so
7f363e037000-7f363e237000 ---p 001bb000 08:01 1880                       /lib/x86_64-linux-gnu/libc-2.19.so
7f363e237000-7f363e23b000 r--p 001bb000 08:01 1880                       /lib/x86_64-linux-gnu/libc-2.19.so
7f363e23b000-7f363e23d000 rw-p 001bf000 08:01 1880                       /lib/x86_64-linux-gnu/libc-2.19.so
7f363e23d000-7f363e242000 rw-p 00000000 00:00 0 
7f363e242000-7f363e24f000 r-xp 00000000 08:01 262167                     /usr/lib/jvm/java-7-openjdk-amd64/jre/lib/amd64/jli/libjli.so
7f363e24f000-7f363e44e000 ---p 0000d000 08:01 262167                     /usr/lib/jvm/java-7-openjdk-amd64/jre/lib/amd64/jli/libjli.so
7f363e44e000-7f363e44f000 r--p 0000c000 08:01 262167                     /usr/lib/jvm/java-7-openjdk-amd64/jre/lib/amd64/jli/libjli.so
7f363e44f000-7f363e450000 rw-p 0000d000 08:01 262167                     /usr/lib/jvm/java-7-openjdk-amd64/jre/lib/amd64/jli/libjli.so
7f363e450000-7f363e473000 r-xp 00000000 08:01 1892                       /lib/x86_64-linux-gnu/ld-2.19.so
7f363e48b000-7f363e48f000 r--s 00034000 08:01 262231                     /usr/lib/jvm/java-7-openjdk-amd64/jre/lib/ext/sunjce_provider.jar
7f363e48f000-7f363e493000 r--s 00085000 08:01 262230                     /usr/lib/jvm/java-7-openjdk-amd64/jre/lib/ext/localedata.jar
7f363e493000-7f363e497000 r--s 0003c000 08:01 262229                     /usr/lib/jvm/java-7-openjdk-amd64/jre/lib/ext/sunpkcs11.jar
7f363e497000-7f363e499000 r--s 00006000 08:01 61906                      /usr/share/java/java-atk-wrapper.jar
7f363e499000-7f363e4a3000 rw-p 00000000 00:00 0 
7f363e4a3000-7f363e559000 rw-p 00000000 00:00 0 
7f363e559000-7f363e561000 rw-s 00000000 08:01 141459                     /tmp/hsperfdata_vagrant/14678
7f363e561000-7f363e564000 ---p 00000000 00:00 0 
7f363e564000-7f363e668000 rw-p 00000000 00:00 0                          [stack:14682]
7f363e668000-7f363e669000 r--s 00002000 08:01 262232                     /usr/lib/jvm/java-7-openjdk-amd64/jre/lib/ext/dnsns.jar
7f363e669000-7f363e66b000 r--s 00012000 08:01 262228                     /usr/lib/jvm/java-7-openjdk-amd64/jre/lib/ext/zipfs.jar
7f363e66b000-7f363e66e000 r--s 0000f000 08:01 262227                     /usr/lib/jvm/java-7-openjdk-amd64/jre/lib/ext/icedtea-sound.jar
7f363e66e000-7f363e66f000 rw-p 00000000 00:00 0 
7f363e66f000-7f363e670000 ---p 00000000 00:00 0 
7f363e670000-7f363e672000 rw-p 00000000 00:00 0 
7f363e672000-7f363e673000 r--p 00022000 08:01 1892                       /lib/x86_64-linux-gnu/ld-2.19.so
7f363e673000-7f363e674000 rw-p 00023000 08:01 1892                       /lib/x86_64-linux-gnu/ld-2.19.so
7f363e674000-7f363e675000 rw-p 00000000 00:00 0 
7fff8e2fb000-7fff8e31c000 rw-p 00000000 00:00 0                          [stack]
7fff8e3fe000-7fff8e400000 r-xp 00000000 00:00 0                          [vdso]
ffffffffff600000-ffffffffff601000 r-xp 00000000 00:00 0                  [vsyscall]

VM Arguments:
jvm_args: -Dapplication.home=/usr/lib/jvm/java-7-openjdk-amd64 -Xms8m 
java_command: com.sun.tools.javac.Main @/tmp/sbt_9f2d1f6c/argfile
Launcher Type: SUN_STANDARD

Environment Variables:
PATH=/usr/local/sbin:/usr/local/bin:/usr/sbin:/usr/bin:/sbin:/bin:/usr/games:/usr/local/games:/home/vagrant/activator-1.2.12/
SHELL=/bin/bash

Signal Handlers:
SIGSEGV: [libjvm.so+0x9495e0], sa_mask[0]=0x7ffbfeff, sa_flags=0x10000004
SIGBUS: [libjvm.so+0x9495e0], sa_mask[0]=0x7ffbfeff, sa_flags=0x10000004
SIGFPE: [libjvm.so+0x7c3410], sa_mask[0]=0x7ffbfeff, sa_flags=0x10000004
SIGPIPE: [libjvm.so+0x7c3410], sa_mask[0]=0x7ffbfeff, sa_flags=0x10000004
SIGXFSZ: [libjvm.so+0x7c3410], sa_mask[0]=0x7ffbfeff, sa_flags=0x10000004
SIGILL: [libjvm.so+0x7c3410], sa_mask[0]=0x7ffbfeff, sa_flags=0x10000004
SIGUSR1: SIG_DFL, sa_mask[0]=0x00000000, sa_flags=0x00000000
SIGUSR2: [libjvm.so+0x7c32b0], sa_mask[0]=0x00000004, sa_flags=0x10000004
SIGHUP: [libjvm.so+0x7c3490], sa_mask[0]=0x7ffbfeff, sa_flags=0x10000004
SIGINT: [libjvm.so+0x7c3490], sa_mask[0]=0x7ffbfeff, sa_flags=0x10000004
SIGTERM: [libjvm.so+0x7c3490], sa_mask[0]=0x7ffbfeff, sa_flags=0x10000004
SIGQUIT: [libjvm.so+0x7c3490], sa_mask[0]=0x7ffbfeff, sa_flags=0x10000004
SIGTRAP: SIG_DFL, sa_mask[0]=0x00000000, sa_flags=0x00000000


---------------  S Y S T E M  ---------------

OS:Ubuntu 14.04 (trusty)
uname:Linux 3.13.0-40-generic #69-Ubuntu SMP Thu Nov 13 17:53:56 UTC 2014 x86_64
libc:glibc 2.19 NPTL 2.19 
rlimit: STACK 8192k, CORE 0k, NPROC 7874, NOFILE 4096, AS infinity
load average:0.73 0.58 0.59

/proc/meminfo:
MemTotal:        1017844 kB
MemFree:           60664 kB
Buffers:             720 kB
Cached:             8424 kB
SwapCached:            0 kB
Active:           910336 kB
Inactive:           8812 kB
Active(anon):     910172 kB
Inactive(anon):      880 kB
Active(file):        164 kB
Inactive(file):     7932 kB
Unevictable:           0 kB
Mlocked:               0 kB
SwapTotal:             0 kB
SwapFree:              0 kB
Dirty:                64 kB
Writeback:             0 kB
AnonPages:        910072 kB
Mapped:             1672 kB
Shmem:               980 kB
Slab:              18000 kB
SReclaimable:       9520 kB
SUnreclaim:         8480 kB
KernelStack:        1152 kB
PageTables:         5376 kB
NFS_Unstable:          0 kB
Bounce:                0 kB
WritebackTmp:          0 kB
CommitLimit:      508920 kB
Committed_AS:    1524748 kB
VmallocTotal:   34359738367 kB
VmallocUsed:       18764 kB
VmallocChunk:   34359715831 kB
HardwareCorrupted:     0 kB
AnonHugePages:    759808 kB
HugePages_Total:       0
HugePages_Free:        0
HugePages_Rsvd:        0
HugePages_Surp:        0
Hugepagesize:       2048 kB
DirectMap4k:       32704 kB
DirectMap2M:     1015808 kB


CPU:total 1 (1 cores per cpu, 1 threads per core) family 6 model 23 stepping 10, cmov, cx8, fxsr, mmx, sse, sse2, sse3, ssse3, tsc

/proc/cpuinfo:
processor	: 0
vendor_id	: GenuineIntel
cpu family	: 6
model		: 23
model name	: Intel(R) Core(TM)2 Duo CPU     P8700  @ 2.53GHz
stepping	: 10
microcode	: 0x60b
cpu MHz		: 467.117
cache size	: 6144 KB
physical id	: 0
siblings	: 1
core id		: 0
cpu cores	: 1
apicid		: 0
initial apicid	: 0
fpu		: yes
fpu_exception	: yes
cpuid level	: 5
wp		: yes
flags		: fpu vme de pse tsc msr pae mce cx8 apic sep mtrr pge mca cmov pat pse36 clflush mmx fxsr sse sse2 syscall nx lm constant_tsc rep_good nopl pni monitor ssse3 lahf_lm
bogomips	: 934.23
clflush size	: 64
cache_alignment	: 64
address sizes	: 36 bits physical, 48 bits virtual
power management:



Memory: 4k page, physical 1017844k(60664k free), swap 0k(0k free)

vm_info: OpenJDK 64-Bit Server VM (24.65-b04) for linux-amd64 JRE (1.7.0_65-b32), built on Oct 22 2014 04:37:44 by "buildd" with gcc 4.8.2

time: Mon Feb  2 22:51:13 2015
elapsed time: 8 seconds

