#
# There is insufficient memory for the Java Runtime Environment to continue.
# Native memory allocation (malloc) failed to allocate 196608 bytes for committing reserved memory.
# Possible reasons:
#   The system is out of physical RAM or swap space
#   In 32 bit mode, the process size limit was hit
# Possible solutions:
#   Reduce memory load on the system
#   Increase physical memory or swap space
#   Check if swap backing store is full
#   Use 64 bit Java on a 64 bit OS
#   Decrease Java heap size (-Xmx/-Xms)
#   Decrease number of Java threads
#   Decrease Java thread stack sizes (-Xss)
#   Set larger code cache with -XX:ReservedCodeCacheSize=
# This output file may be truncated or incomplete.
#
#  Out of Memory Error (os_linux.cpp:2798), pid=15735, tid=140328541939456
#
# JRE version: OpenJDK Runtime Environment (7.0_65-b32) (build 1.7.0_65-b32)
# Java VM: OpenJDK 64-Bit Server VM (24.65-b04 mixed mode linux-amd64 compressed oops)
# Derivative: IcedTea 2.5.3
# Distribution: Ubuntu 14.04 LTS, package 7u71-2.5.3-0ubuntu0.14.04.1
# Failed to write core dump. Core dumps have been disabled. To enable core dumping, try "ulimit -c unlimited" before starting Java again
#

---------------  T H R E A D  ---------------

Current thread (0x00007fa0cc06b800):  VMThread [stack: 0x00007fa0c8d4e000,0x00007fa0c8e4f000] [id=15741]

Stack: [0x00007fa0c8d4e000,0x00007fa0c8e4f000],  sp=0x00007fa0c8e4d0f0,  free space=1020k
Native frames: (J=compiled Java code, j=interpreted, Vv=VM code, C=native code)
V  [libjvm.so+0x948b05]  VMError::report_and_die()+0x175
V  [libjvm.so+0x48bc34]  report_vm_out_of_memory(char const*, int, unsigned long, char const*)+0x74
V  [libjvm.so+0x7c7bfb]  os::pd_commit_memory(char*, unsigned long, unsigned long, bool)+0xeb
V  [libjvm.so+0x7c26bf]  os::commit_memory(char*, unsigned long, unsigned long, bool)+0x1f
V  [libjvm.so+0x9459f4]  VirtualSpace::expand_by(unsigned long, bool)+0x1c4
V  [libjvm.so+0x561b1e]  OneContigSpaceCardGeneration::grow_by(unsigned long)+0x1e
V  [libjvm.so+0x561e90]  OneContigSpaceCardGeneration::expand(unsigned long, unsigned long)+0xc0
V  [libjvm.so+0x561f58]  OneContigSpaceCardGeneration::expand_and_allocate(unsigned long, bool, bool)+0xb8
V  [libjvm.so+0x554c47]  GenCollectedHeap::handle_failed_promotion(Generation*, oopDesc*, unsigned long)+0xa7
V  [libjvm.so+0x492774]  DefNewGeneration::copy_to_survivor_space(oopDesc*)+0x84
V  [libjvm.so+0x59f7bb]  instanceKlass::oop_oop_iterate_nv(oopDesc*, FastScanClosure*)+0xfb
V  [libjvm.so+0x8802e8]  ContiguousSpace::oop_since_save_marks_iterate_nv(FastScanClosure*)+0x68
V  [libjvm.so+0x561cb0]  OneContigSpaceCardGeneration::oop_since_save_marks_iterate_nv(FastScanClosure*)+0x30
V  [libjvm.so+0x55412a]  GenCollectedHeap::oop_since_save_marks_iterate(int, FastScanClosure*, FastScanClosure*)+0x5a
V  [libjvm.so+0x491690]  DefNewGeneration::collect(bool, bool, unsigned long, bool)+0x410
V  [libjvm.so+0x5533d5]  GenCollectedHeap::do_collection(bool, bool, unsigned long, bool, int)+0x585
V  [libjvm.so+0x425812]  GenCollectorPolicy::satisfy_failed_allocation(unsigned long, bool)+0xb2
V  [libjvm.so+0x949e01]  VM_GenCollectForAllocation::doit()+0x81
V  [libjvm.so+0x94e9f7]  VM_Operation::evaluate()+0x47
V  [libjvm.so+0x94d368]  VMThread::evaluate_operation(VM_Operation*)+0x318
V  [libjvm.so+0x94d7c9]  VMThread::loop()+0x219
V  [libjvm.so+0x94dc12]  VMThread::run()+0x72
V  [libjvm.so+0x7c4ac2]  java_start(Thread*)+0xf2

VM_Operation (0x00007fa0d3935bf0): GenCollectForAllocation, mode: safepoint, requested by thread 0x00007fa0cc00a000


---------------  P R O C E S S  ---------------

Java Threads: ( => current thread )
  0x00007fa0cc0a4000 JavaThread "Service Thread" daemon [_thread_blocked, id=15747, stack(0x00007fa0c85bf000,0x00007fa0c86c0000)]
  0x00007fa0cc0a1000 JavaThread "C2 CompilerThread1" daemon [_thread_blocked, id=15746, stack(0x00007fa0c86c0000,0x00007fa0c87c1000)]
  0x00007fa0cc09f000 JavaThread "C2 CompilerThread0" daemon [_thread_blocked, id=15745, stack(0x00007fa0c87c1000,0x00007fa0c88c2000)]
  0x00007fa0cc09d000 JavaThread "Signal Dispatcher" daemon [_thread_blocked, id=15744, stack(0x00007fa0c88c2000,0x00007fa0c89c3000)]
  0x00007fa0cc072000 JavaThread "Finalizer" daemon [_thread_blocked, id=15743, stack(0x00007fa0c8b4c000,0x00007fa0c8c4d000)]
  0x00007fa0cc070000 JavaThread "Reference Handler" daemon [_thread_blocked, id=15742, stack(0x00007fa0c8c4d000,0x00007fa0c8d4e000)]
  0x00007fa0cc00a000 JavaThread "main" [_thread_blocked, id=15740, stack(0x00007fa0d3839000,0x00007fa0d393a000)]

Other Threads:
=>0x00007fa0cc06b800 VMThread [stack: 0x00007fa0c8d4e000,0x00007fa0c8e4f000] [id=15741]
  0x00007fa0cc0a7000 WatcherThread [stack: 0x00007fa0c84be000,0x00007fa0c85bf000] [id=15748]

VM state:at safepoint (normal execution)

VM Mutex/Monitor currently owned by a thread:  ([mutex/lock_event])
[0x00007fa0cc006440] Threads_lock - owner thread: 0x00007fa0cc06b800
[0x00007fa0cc006940] Heap_lock - owner thread: 0x00007fa0cc00a000

Heap
 def new generation   total 4480K, used 4480K [0x00000000d6800000, 0x00000000d6cd0000, 0x00000000e0e00000)
  eden space 4032K, 100% used [0x00000000d6800000, 0x00000000d6bf0000, 0x00000000d6bf0000)
  from space 448K, 100% used [0x00000000d6bf0000, 0x00000000d6c60000, 0x00000000d6c60000)
  to   space 448K, 100% used [0x00000000d6c60000, 0x00000000d6cd0000, 0x00000000d6cd0000)
 tenured generation   total 9792K, used 9790K [0x00000000e0e00000, 0x00000000e1790000, 0x00000000f5a00000)
   the space 9792K,  99% used [0x00000000e0e00000, 0x00000000e178fa60, 0x00000000e178fc00, 0x00000000e1790000)
 compacting perm gen  total 21248K, used 7138K [0x00000000f5a00000, 0x00000000f6ec0000, 0x0000000100000000)
   the space 21248K,  33% used [0x00000000f5a00000, 0x00000000f60f8b20, 0x00000000f60f8c00, 0x00000000f6ec0000)
No shared spaces configured.

Card table byte_map: [0x00007fa0d0320000,0x00007fa0d046d000] byte_map_base: 0x00007fa0cfc6c000

Polling page: 0x00007fa0d3947000

Code Cache  [0x00007fa0c9000000, 0x00007fa0c9270000, 0x00007fa0cc000000)
 total_blobs=350 nmethods=127 adapters=177 free_code_cache=48413Kb largest_free_block=49551296

Compilation events (10 events):
Event: 9.960 Thread 0x00007fa0cc0a1000  123             com.sun.tools.javac.util.List::prependList (87 bytes)
Event: 10.420 Thread 0x00007fa0cc0a1000 nmethod 123 0x00007fa0c90b9210 code [0x00007fa0c90b93a0, 0x00007fa0c90b96c8]
Event: 10.668 Thread 0x00007fa0cc09f000  125             java.util.ArrayList::get (11 bytes)
Event: 10.669 Thread 0x00007fa0cc0a1000  126             java.util.ArrayList::rangeCheck (22 bytes)
Event: 10.754 Thread 0x00007fa0cc0a1000 nmethod 126 0x00007fa0c90bb990 code [0x00007fa0c90bbac0, 0x00007fa0c90bbb38]
Event: 10.754 Thread 0x00007fa0cc0a1000  127             java.util.ArrayList::elementData (7 bytes)
Event: 10.756 Thread 0x00007fa0cc0a1000 nmethod 127 0x00007fa0c90bb710 code [0x00007fa0c90bb860, 0x00007fa0c90bb8f8]
Event: 10.756 Thread 0x00007fa0cc09f000 nmethod 125 0x00007fa0c90bb410 code [0x00007fa0c90bb560, 0x00007fa0c90bb618]
Event: 10.758 Thread 0x00007fa0cc0a1000  128             com.sun.tools.javac.file.RelativePath::<init> (10 bytes)
Event: 10.760 Thread 0x00007fa0cc0a1000 nmethod 128 0x00007fa0c90bb210 code [0x00007fa0c90bb340, 0x00007fa0c90bb3b8]

GC Heap History (10 events):
Event: 3.938 GC heap after
Heap after GC invocations=11 (full 1):
 def new generation   total 3200K, used 0K [0x00000000d6800000, 0x00000000d6b70000, 0x00000000e0e00000)
  eden space 2880K,   0% used [0x00000000d6800000, 0x00000000d6800000, 0x00000000d6ad0000)
  from space 320K,   0% used [0x00000000d6ad0000, 0x00000000d6ad0000, 0x00000000d6b20000)
  to   space 320K,   0% used [0x00000000d6b20000, 0x00000000d6b20000, 0x00000000d6b70000)
 tenured generation   total 7012K, used 4144K [0x00000000e0e00000, 0x00000000e14d9000, 0x00000000f5a00000)
   the space 7012K,  59% used [0x00000000e0e00000, 0x00000000e120c108, 0x00000000e120c200, 0x00000000e14d9000)
 compacting perm gen  total 21248K, used 6953K [0x00000000f5a00000, 0x00000000f6ec0000, 0x0000000100000000)
   the space 21248K,  32% used [0x00000000f5a00000, 0x00000000f60ca5e0, 0x00000000f60ca600, 0x00000000f6ec0000)
No shared spaces configured.
}
Event: 4.992 GC heap before
{Heap before GC invocations=11 (full 1):
 def new generation   total 3200K, used 2583K [0x00000000d6800000, 0x00000000d6b70000, 0x00000000e0e00000)
  eden space 2880K,  89% used [0x00000000d6800000, 0x00000000d6a85ec0, 0x00000000d6ad0000)
  from space 320K,   0% used [0x00000000d6ad0000, 0x00000000d6ad0000, 0x00000000d6b20000)
  to   space 320K,   0% used [0x00000000d6b20000, 0x00000000d6b20000, 0x00000000d6b70000)
 tenured generation   total 7012K, used 4144K [0x00000000e0e00000, 0x00000000e14d9000, 0x00000000f5a00000)
   the space 7012K,  59% used [0x00000000e0e00000, 0x00000000e120c108, 0x00000000e120c200, 0x00000000e14d9000)
 compacting perm gen  total 21248K, used 6967K [0x00000000f5a00000, 0x00000000f6ec0000, 0x0000000100000000)
   the space 21248K,  32% used [0x00000000f5a00000, 0x00000000f60cde08, 0x00000000f60ce000, 0x00000000f6ec0000)
No shared spaces configured.
Event: 5.079 GC heap after
Heap after GC invocations=12 (full 1):
 def new generation   total 3200K, used 319K [0x00000000d6800000, 0x00000000d6b70000, 0x00000000e0e00000)
  eden space 2880K,   0% used [0x00000000d6800000, 0x00000000d6800000, 0x00000000d6ad0000)
  from space 320K,  99% used [0x00000000d6b20000, 0x00000000d6b6fff8, 0x00000000d6b70000)
  to   space 320K,   0% used [0x00000000d6ad0000, 0x00000000d6ad0000, 0x00000000d6b20000)
 tenured generation   total 7012K, used 5816K [0x00000000e0e00000, 0x00000000e14d9000, 0x00000000f5a00000)
   the space 7012K,  82% used [0x00000000e0e00000, 0x00000000e13ae330, 0x00000000e13ae400, 0x00000000e14d9000)
 compacting perm gen  total 21248K, used 6967K [0x00000000f5a00000, 0x00000000f6ec0000, 0x0000000100000000)
   the space 21248K,  32% used [0x00000000f5a00000, 0x00000000f60cde08, 0x00000000f60ce000, 0x00000000f6ec0000)
No shared spaces configured.
}
Event: 5.257 GC heap before
{Heap before GC invocations=12 (full 1):
 def new generation   total 3200K, used 3199K [0x00000000d6800000, 0x00000000d6b70000, 0x00000000e0e00000)
  eden space 2880K, 100% used [0x00000000d6800000, 0x00000000d6ad0000, 0x00000000d6ad0000)
  from space 320K,  99% used [0x00000000d6b20000, 0x00000000d6b6fff8, 0x00000000d6b70000)
  to   space 320K,   0% used [0x00000000d6ad0000, 0x00000000d6ad0000, 0x00000000d6b20000)
 tenured generation   total 7012K, used 5816K [0x00000000e0e00000, 0x00000000e14d9000, 0x00000000f5a00000)
   the space 7012K,  82% used [0x00000000e0e00000, 0x00000000e13ae330, 0x00000000e13ae400, 0x00000000e14d9000)
 compacting perm gen  total 21248K, used 6982K [0x00000000f5a00000, 0x00000000f6ec0000, 0x0000000100000000)
   the space 21248K,  32% used [0x00000000f5a00000, 0x00000000f60d1850, 0x00000000f60d1a00, 0x00000000f6ec0000)
No shared spaces configured.
Event: 5.371 GC heap after
Heap after GC invocations=13 (full 2):
 def new generation   total 4480K, used 0K [0x00000000d6800000, 0x00000000d6cd0000, 0x00000000e0e00000)
  eden space 4032K,   0% used [0x00000000d6800000, 0x00000000d6800000, 0x00000000d6bf0000)
  from space 448K,   0% used [0x00000000d6bf0000, 0x00000000d6bf0000, 0x00000000d6c60000)
  to   space 448K,   0% used [0x00000000d6c60000, 0x00000000d6c60000, 0x00000000d6cd0000)
 tenured generation   total 9792K, used 5874K [0x00000000e0e00000, 0x00000000e1790000, 0x00000000f5a00000)
   the space 9792K,  59% used [0x00000000e0e00000, 0x00000000e13bc9a0, 0x00000000e13bca00, 0x00000000e1790000)
 compacting perm gen  total 21248K, used 6982K [0x00000000f5a00000, 0x00000000f6ec0000, 0x0000000100000000)
   the space 21248K,  32% used [0x00000000f5a00000, 0x00000000f60d1850, 0x00000000f60d1a00, 0x00000000f6ec0000)
No shared spaces configured.
}
Event: 5.638 GC heap before
{Heap before GC invocations=13 (full 2):
 def new generation   total 4480K, used 3990K [0x00000000d6800000, 0x00000000d6cd0000, 0x00000000e0e00000)
  eden space 4032K,  98% used [0x00000000d6800000, 0x00000000d6be5a10, 0x00000000d6bf0000)
  from space 448K,   0% used [0x00000000d6bf0000, 0x00000000d6bf0000, 0x00000000d6c60000)
  to   space 448K,   0% used [0x00000000d6c60000, 0x00000000d6c60000, 0x00000000d6cd0000)
 tenured generation   total 9792K, used 5874K [0x00000000e0e00000, 0x00000000e1790000, 0x00000000f5a00000)
   the space 9792K,  59% used [0x00000000e0e00000, 0x00000000e13bc9a0, 0x00000000e13bca00, 0x00000000e1790000)
 compacting perm gen  total 21248K, used 6983K [0x00000000f5a00000, 0x00000000f6ec0000, 0x0000000100000000)
   the space 21248K,  32% used [0x00000000f5a00000, 0x00000000f60d1c78, 0x00000000f60d1e00, 0x00000000f6ec0000)
No shared spaces configured.
Event: 5.657 GC heap after
Heap after GC invocations=14 (full 2):
 def new generation   total 4480K, used 448K [0x00000000d6800000, 0x00000000d6cd0000, 0x00000000e0e00000)
  eden space 4032K,   0% used [0x00000000d6800000, 0x00000000d6800000, 0x00000000d6bf0000)
  from space 448K, 100% used [0x00000000d6c60000, 0x00000000d6cd0000, 0x00000000d6cd0000)
  to   space 448K,   0% used [0x00000000d6bf0000, 0x00000000d6bf0000, 0x00000000d6c60000)
 tenured generation   total 9792K, used 7632K [0x00000000e0e00000, 0x00000000e1790000, 0x00000000f5a00000)
   the space 9792K,  77% used [0x00000000e0e00000, 0x00000000e15741c0, 0x00000000e1574200, 0x00000000e1790000)
 compacting perm gen  total 21248K, used 6983K [0x00000000f5a00000, 0x00000000f6ec0000, 0x0000000100000000)
   the space 21248K,  32% used [0x00000000f5a00000, 0x00000000f60d1c78, 0x00000000f60d1e00, 0x00000000f6ec0000)
No shared spaces configured.
}
Event: 6.501 GC heap before
{Heap before GC invocations=14 (full 2):
 def new generation   total 4480K, used 4480K [0x00000000d6800000, 0x00000000d6cd0000, 0x00000000e0e00000)
  eden space 4032K, 100% used [0x00000000d6800000, 0x00000000d6bf0000, 0x00000000d6bf0000)
  from space 448K, 100% used [0x00000000d6c60000, 0x00000000d6cd0000, 0x00000000d6cd0000)
  to   space 448K,   0% used [0x00000000d6bf0000, 0x00000000d6bf0000, 0x00000000d6c60000)
 tenured generation   total 9792K, used 7632K [0x00000000e0e00000, 0x00000000e1790000, 0x00000000f5a00000)
   the space 9792K,  77% used [0x00000000e0e00000, 0x00000000e15741c0, 0x00000000e1574200, 0x00000000e1790000)
 compacting perm gen  total 21248K, used 7008K [0x00000000f5a00000, 0x00000000f6ec0000, 0x0000000100000000)
   the space 21248K,  32% used [0x00000000f5a00000, 0x00000000f60d83f0, 0x00000000f60d8400, 0x00000000f6ec0000)
No shared spaces configured.
Event: 6.743 GC heap after
Heap after GC invocations=15 (full 2):
 def new generation   total 4480K, used 448K [0x00000000d6800000, 0x00000000d6cd0000, 0x00000000e0e00000)
  eden space 4032K,   0% used [0x00000000d6800000, 0x00000000d6800000, 0x00000000d6bf0000)
  from space 448K, 100% used [0x00000000d6bf0000, 0x00000000d6c60000, 0x00000000d6c60000)
  to   space 448K,   0% used [0x00000000d6c60000, 0x00000000d6c60000, 0x00000000d6cd0000)
 tenured generation   total 9792K, used 9197K [0x00000000e0e00000, 0x00000000e1790000, 0x00000000f5a00000)
   the space 9792K,  93% used [0x00000000e0e00000, 0x00000000e16fb6e0, 0x00000000e16fb800, 0x00000000e1790000)
 compacting perm gen  total 21248K, used 7008K [0x00000000f5a00000, 0x00000000f6ec0000, 0x0000000100000000)
   the space 21248K,  32% used [0x00000000f5a00000, 0x00000000f60d83f0, 0x00000000f60d8400, 0x00000000f6ec0000)
No shared spaces configured.
}
Event: 10.764 GC heap before
{Heap before GC invocations=15 (full 2):
 def new generation   total 4480K, used 4480K [0x00000000d6800000, 0x00000000d6cd0000, 0x00000000e0e00000)
  eden space 4032K, 100% used [0x00000000d6800000, 0x00000000d6bf0000, 0x00000000d6bf0000)
  from space 448K, 100% used [0x00000000d6bf0000, 0x00000000d6c60000, 0x00000000d6c60000)
  to   space 448K,   0% used [0x00000000d6c60000, 0x00000000d6c60000, 0x00000000d6cd0000)
 tenured generation   total 9792K, used 9197K [0x00000000e0e00000, 0x00000000e1790000, 0x00000000f5a00000)
   the space 9792K,  93% used [0x00000000e0e00000, 0x00000000e16fb6e0, 0x00000000e16fb800, 0x00000000e1790000)
 compacting perm gen  total 21248K, used 7138K [0x00000000f5a00000, 0x00000000f6ec0000, 0x0000000100000000)
   the space 21248K,  33% used [0x00000000f5a00000, 0x00000000f60f8b20, 0x00000000f60f8c00, 0x00000000f6ec0000)
No shared spaces configured.

Deoptimization events (10 events):
Event: 6.774 Thread 0x00007fa0cc00a000 Uncommon trap: reason=class_check action=maybe_recompile pc=0x00007fa0c908acf0 method=com.sun.tools.javac.util.List.reverse()Lcom/sun/tools/javac/util/List; @ 1
Event: 7.105 Thread 0x00007fa0cc00a000 Uncommon trap: reason=class_check action=maybe_recompile pc=0x00007fa0c908acf0 method=com.sun.tools.javac.util.List.reverse()Lcom/sun/tools/javac/util/List; @ 1
Event: 7.108 Thread 0x00007fa0cc00a000 Uncommon trap: reason=class_check action=maybe_recompile pc=0x00007fa0c908acf0 method=com.sun.tools.javac.util.List.reverse()Lcom/sun/tools/javac/util/List; @ 1
Event: 8.961 Thread 0x00007fa0cc00a000 Uncommon trap: reason=class_check action=maybe_recompile pc=0x00007fa0c90ae1d4 method=com.sun.tools.javac.util.List.reverse()Lcom/sun/tools/javac/util/List; @ 11
Event: 8.965 Thread 0x00007fa0cc00a000 Uncommon trap: reason=class_check action=maybe_recompile pc=0x00007fa0c90ae1d4 method=com.sun.tools.javac.util.List.reverse()Lcom/sun/tools/javac/util/List; @ 11
Event: 9.461 Thread 0x00007fa0cc00a000 Uncommon trap: reason=class_check action=maybe_recompile pc=0x00007fa0c908a668 method=com.sun.tools.javac.util.List.prependList(Lcom/sun/tools/javac/util/List;)Lcom/sun/tools/javac/util/List; @ 1
Event: 9.588 Thread 0x00007fa0cc00a000 Uncommon trap: reason=null_check action=make_not_entrant pc=0x00007fa0c90ba478 method=com.sun.tools.javac.jvm.ClassReader.enterClass(Lcom/sun/tools/javac/util/Name;)Lcom/sun/tools/javac/code/Symbol$ClassSymbol; @ 10
Event: 9.957 Thread 0x00007fa0cc00a000 Uncommon trap: reason=class_check action=maybe_recompile pc=0x00007fa0c908a668 method=com.sun.tools.javac.util.List.prependList(Lcom/sun/tools/javac/util/List;)Lcom/sun/tools/javac/util/List; @ 1
Event: 9.959 Thread 0x00007fa0cc00a000 Uncommon trap: reason=class_check action=maybe_recompile pc=0x00007fa0c908a668 method=com.sun.tools.javac.util.List.prependList(Lcom/sun/tools/javac/util/List;)Lcom/sun/tools/javac/util/List; @ 1
Event: 9.959 Thread 0x00007fa0cc00a000 Uncommon trap: reason=class_check action=maybe_recompile pc=0x00007fa0c908a668 method=com.sun.tools.javac.util.List.prependList(Lcom/sun/tools/javac/util/List;)Lcom/sun/tools/javac/util/List; @ 1

Internal exceptions (10 events):
Event: 9.966 Thread 0x00007fa0cc00a000 Threw 0x00000000d6afd400 at /build/buildd/openjdk-7-7u71-2.5.3/build/openjdk/hotspot/src/share/vm/prims/jvm.cpp:1284
Event: 9.975 Thread 0x00007fa0cc00a000 Threw 0x00000000d6b036d0 at /build/buildd/openjdk-7-7u71-2.5.3/build/openjdk/hotspot/src/share/vm/prims/jvm.cpp:1284
Event: 9.976 Thread 0x00007fa0cc00a000 Threw 0x00000000d6b06e18 at /build/buildd/openjdk-7-7u71-2.5.3/build/openjdk/hotspot/src/share/vm/prims/jvm.cpp:1284
Event: 9.977 Thread 0x00007fa0cc00a000 Threw 0x00000000d6b0a2e0 at /build/buildd/openjdk-7-7u71-2.5.3/build/openjdk/hotspot/src/share/vm/prims/jvm.cpp:1284
Event: 9.978 Thread 0x00007fa0cc00a000 Threw 0x00000000d6b0dd98 at /build/buildd/openjdk-7-7u71-2.5.3/build/openjdk/hotspot/src/share/vm/prims/jvm.cpp:1284
Event: 9.981 Thread 0x00007fa0cc00a000 Threw 0x00000000d6b119f8 at /build/buildd/openjdk-7-7u71-2.5.3/build/openjdk/hotspot/src/share/vm/prims/jvm.cpp:1284
Event: 9.982 Thread 0x00007fa0cc00a000 Threw 0x00000000d6b14858 at /build/buildd/openjdk-7-7u71-2.5.3/build/openjdk/hotspot/src/share/vm/prims/jvm.cpp:1284
Event: 9.991 Thread 0x00007fa0cc00a000 Threw 0x00000000d6b18298 at /build/buildd/openjdk-7-7u71-2.5.3/build/openjdk/hotspot/src/share/vm/prims/jvm.cpp:1284
Event: 10.662 Thread 0x00007fa0cc00a000 Threw 0x00000000d6b63cf0 at /build/buildd/openjdk-7-7u71-2.5.3/build/openjdk/hotspot/src/share/vm/prims/jvm.cpp:1284
Event: 10.739 Thread 0x00007fa0cc00a000 Threw 0x00000000d6be8fe0 at /build/buildd/openjdk-7-7u71-2.5.3/build/openjdk/hotspot/src/share/vm/prims/jvm.cpp:1284

Events (10 events):
Event: 9.991 loading class 0x00007fa0cc1c2ca0 done
Event: 10.660 loading class 0x00007fa0cc200b10
Event: 10.661 loading class 0x00007fa0cc200b10 done
Event: 10.739 loading class 0x00007fa0cc1a1470
Event: 10.739 loading class 0x00007fa0cc1a1470 done
Event: 10.742 loading class 0x00007fa0cc1a14b0
Event: 10.751 loading class 0x00007fa0cc1a14b0 done
Event: 10.753 loading class 0x00007fa0cc18a130
Event: 10.756 loading class 0x00007fa0cc18a130 done
Event: 10.763 Executing VM operation: GenCollectForAllocation


Dynamic libraries:
00400000-00401000 r-xp 00000000 08:01 264934                             /usr/lib/jvm/java-7-openjdk-amd64/bin/javac
00600000-00601000 r--p 00000000 08:01 264934                             /usr/lib/jvm/java-7-openjdk-amd64/bin/javac
00601000-00602000 rw-p 00001000 08:01 264934                             /usr/lib/jvm/java-7-openjdk-amd64/bin/javac
00f9e000-00fbf000 rw-p 00000000 00:00 0                                  [heap]
d6800000-d6cd0000 rw-p 00000000 00:00 0 
d6cd0000-e0e00000 rw-p 00000000 00:00 0 
e0e00000-e1790000 rw-p 00000000 00:00 0 
e17c0000-f5a00000 rw-p 00000000 00:00 0 
f5a00000-f6ec0000 rw-p 00000000 00:00 0 
f6ec0000-100000000 rw-p 00000000 00:00 0 
7fa0ac000000-7fa0ac3ee000 rw-p 00000000 00:00 0 
7fa0ac3ee000-7fa0b0000000 ---p 00000000 00:00 0 
7fa0b0000000-7fa0b031d000 rw-p 00000000 00:00 0 
7fa0b031d000-7fa0b4000000 ---p 00000000 00:00 0 
7fa0b4000000-7fa0b4021000 rw-p 00000000 00:00 0 
7fa0b4021000-7fa0b8000000 ---p 00000000 00:00 0 
7fa0b8000000-7fa0b8021000 rw-p 00000000 00:00 0 
7fa0b8021000-7fa0bc000000 ---p 00000000 00:00 0 
7fa0bc000000-7fa0bc021000 rw-p 00000000 00:00 0 
7fa0bc021000-7fa0c0000000 ---p 00000000 00:00 0 
7fa0c0000000-7fa0c0021000 rw-p 00000000 00:00 0 
7fa0c0021000-7fa0c4000000 ---p 00000000 00:00 0 
7fa0c4000000-7fa0c425c000 rw-p 00000000 00:00 0 
7fa0c425c000-7fa0c8000000 ---p 00000000 00:00 0 
7fa0c84be000-7fa0c84bf000 ---p 00000000 00:00 0 
7fa0c84bf000-7fa0c85bf000 rw-p 00000000 00:00 0                          [stack:15748]
7fa0c85bf000-7fa0c85c2000 ---p 00000000 00:00 0 
7fa0c85c2000-7fa0c86c0000 rw-p 00000000 00:00 0                          [stack:15747]
7fa0c86c0000-7fa0c86c3000 ---p 00000000 00:00 0 
7fa0c86c3000-7fa0c87c1000 rw-p 00000000 00:00 0                          [stack:15746]
7fa0c87c1000-7fa0c87c4000 ---p 00000000 00:00 0 
7fa0c87c4000-7fa0c88c2000 rw-p 00000000 00:00 0                          [stack:15745]
7fa0c88c2000-7fa0c88c5000 ---p 00000000 00:00 0 
7fa0c88c5000-7fa0c89c3000 rw-p 00000000 00:00 0                          [stack:15744]
7fa0c89c3000-7fa0c8b4c000 r--p 00000000 08:01 24405                      /usr/lib/locale/locale-archive
7fa0c8b4c000-7fa0c8b4f000 ---p 00000000 00:00 0 
7fa0c8b4f000-7fa0c8c4d000 rw-p 00000000 00:00 0                          [stack:15743]
7fa0c8c4d000-7fa0c8c50000 ---p 00000000 00:00 0 
7fa0c8c50000-7fa0c8d4e000 rw-p 00000000 00:00 0                          [stack:15742]
7fa0c8d4e000-7fa0c8d4f000 ---p 00000000 00:00 0 
7fa0c8d4f000-7fa0c8e4f000 rw-p 00000000 00:00 0                          [stack:15741]
7fa0c8e4f000-7fa0c9000000 r--s 01d25000 08:01 262233                     /usr/lib/jvm/java-7-openjdk-amd64/jre/lib/rt.jar
7fa0c9000000-7fa0c9270000 rwxp 00000000 00:00 0 
7fa0c9270000-7fa0cc56b000 rw-p 00000000 00:00 0 
7fa0cc56b000-7fa0d0000000 ---p 00000000 00:00 0 
7fa0d0079000-7fa0d00e3000 r--s 0069e000 08:01 264873                     /usr/lib/jvm/java-7-openjdk-amd64/lib/tools.jar
7fa0d00e3000-7fa0d0230000 rw-p 00000000 00:00 0 
7fa0d0230000-7fa0d0279000 rw-p 00000000 00:00 0 
7fa0d0279000-7fa0d027e000 rw-p 00000000 00:00 0 
7fa0d027e000-7fa0d0320000 rw-p 00000000 00:00 0 
7fa0d0320000-7fa0d0323000 rw-p 00000000 00:00 0 
7fa0d0323000-7fa0d0373000 rw-p 00000000 00:00 0 
7fa0d0373000-7fa0d0378000 rw-p 00000000 00:00 0 
7fa0d0378000-7fa0d0419000 rw-p 00000000 00:00 0 
7fa0d0419000-7fa0d0424000 rw-p 00000000 00:00 0 
7fa0d0424000-7fa0d046c000 rw-p 00000000 00:00 0 
7fa0d046c000-7fa0d046d000 rw-p 00000000 00:00 0 
7fa0d046d000-7fa0d0475000 r-xp 00000000 08:01 262162                     /usr/lib/jvm/java-7-openjdk-amd64/jre/lib/amd64/libzip.so
7fa0d0475000-7fa0d0674000 ---p 00008000 08:01 262162                     /usr/lib/jvm/java-7-openjdk-amd64/jre/lib/amd64/libzip.so
7fa0d0674000-7fa0d0675000 r--p 00007000 08:01 262162                     /usr/lib/jvm/java-7-openjdk-amd64/jre/lib/amd64/libzip.so
7fa0d0675000-7fa0d0676000 rw-p 00008000 08:01 262162                     /usr/lib/jvm/java-7-openjdk-amd64/jre/lib/amd64/libzip.so
7fa0d0676000-7fa0d0681000 r-xp 00000000 08:01 2027                       /lib/x86_64-linux-gnu/libnss_files-2.19.so
7fa0d0681000-7fa0d0880000 ---p 0000b000 08:01 2027                       /lib/x86_64-linux-gnu/libnss_files-2.19.so
7fa0d0880000-7fa0d0881000 r--p 0000a000 08:01 2027                       /lib/x86_64-linux-gnu/libnss_files-2.19.so
7fa0d0881000-7fa0d0882000 rw-p 0000b000 08:01 2027                       /lib/x86_64-linux-gnu/libnss_files-2.19.so
7fa0d0882000-7fa0d088d000 r-xp 00000000 08:01 1936                       /lib/x86_64-linux-gnu/libnss_nis-2.19.so
7fa0d088d000-7fa0d0a8c000 ---p 0000b000 08:01 1936                       /lib/x86_64-linux-gnu/libnss_nis-2.19.so
7fa0d0a8c000-7fa0d0a8d000 r--p 0000a000 08:01 1936                       /lib/x86_64-linux-gnu/libnss_nis-2.19.so
7fa0d0a8d000-7fa0d0a8e000 rw-p 0000b000 08:01 1936                       /lib/x86_64-linux-gnu/libnss_nis-2.19.so
7fa0d0a8e000-7fa0d0aa5000 r-xp 00000000 08:01 2000                       /lib/x86_64-linux-gnu/libnsl-2.19.so
7fa0d0aa5000-7fa0d0ca4000 ---p 00017000 08:01 2000                       /lib/x86_64-linux-gnu/libnsl-2.19.so
7fa0d0ca4000-7fa0d0ca5000 r--p 00016000 08:01 2000                       /lib/x86_64-linux-gnu/libnsl-2.19.so
7fa0d0ca5000-7fa0d0ca6000 rw-p 00017000 08:01 2000                       /lib/x86_64-linux-gnu/libnsl-2.19.so
7fa0d0ca6000-7fa0d0ca8000 rw-p 00000000 00:00 0 
7fa0d0ca8000-7fa0d0cb1000 r-xp 00000000 08:01 1963                       /lib/x86_64-linux-gnu/libnss_compat-2.19.so
7fa0d0cb1000-7fa0d0eb0000 ---p 00009000 08:01 1963                       /lib/x86_64-linux-gnu/libnss_compat-2.19.so
7fa0d0eb0000-7fa0d0eb1000 r--p 00008000 08:01 1963                       /lib/x86_64-linux-gnu/libnss_compat-2.19.so
7fa0d0eb1000-7fa0d0eb2000 rw-p 00009000 08:01 1963                       /lib/x86_64-linux-gnu/libnss_compat-2.19.so
7fa0d0eb2000-7fa0d0edd000 r-xp 00000000 08:01 262169                     /usr/lib/jvm/java-7-openjdk-amd64/jre/lib/amd64/libjava.so
7fa0d0edd000-7fa0d10dc000 ---p 0002b000 08:01 262169                     /usr/lib/jvm/java-7-openjdk-amd64/jre/lib/amd64/libjava.so
7fa0d10dc000-7fa0d10dd000 r--p 0002a000 08:01 262169                     /usr/lib/jvm/java-7-openjdk-amd64/jre/lib/amd64/libjava.so
7fa0d10dd000-7fa0d10df000 rw-p 0002b000 08:01 262169                     /usr/lib/jvm/java-7-openjdk-amd64/jre/lib/amd64/libjava.so
7fa0d10df000-7fa0d10ef000 r-xp 00000000 08:01 262184                     /usr/lib/jvm/java-7-openjdk-amd64/jre/lib/amd64/libverify.so
7fa0d10ef000-7fa0d12ee000 ---p 00010000 08:01 262184                     /usr/lib/jvm/java-7-openjdk-amd64/jre/lib/amd64/libverify.so
7fa0d12ee000-7fa0d12f0000 r--p 0000f000 08:01 262184                     /usr/lib/jvm/java-7-openjdk-amd64/jre/lib/amd64/libverify.so
7fa0d12f0000-7fa0d12f1000 rw-p 00011000 08:01 262184                     /usr/lib/jvm/java-7-openjdk-amd64/jre/lib/amd64/libverify.so
7fa0d12f1000-7fa0d12f8000 r-xp 00000000 08:01 1968                       /lib/x86_64-linux-gnu/librt-2.19.so
7fa0d12f8000-7fa0d14f7000 ---p 00007000 08:01 1968                       /lib/x86_64-linux-gnu/librt-2.19.so
7fa0d14f7000-7fa0d14f8000 r--p 00006000 08:01 1968                       /lib/x86_64-linux-gnu/librt-2.19.so
7fa0d14f8000-7fa0d14f9000 rw-p 00007000 08:01 1968                       /lib/x86_64-linux-gnu/librt-2.19.so
7fa0d14f9000-7fa0d150f000 r-xp 00000000 08:01 1901                       /lib/x86_64-linux-gnu/libgcc_s.so.1
7fa0d150f000-7fa0d170e000 ---p 00016000 08:01 1901                       /lib/x86_64-linux-gnu/libgcc_s.so.1
7fa0d170e000-7fa0d170f000 rw-p 00015000 08:01 1901                       /lib/x86_64-linux-gnu/libgcc_s.so.1
7fa0d170f000-7fa0d1814000 r-xp 00000000 08:01 2023                       /lib/x86_64-linux-gnu/libm-2.19.so
7fa0d1814000-7fa0d1a13000 ---p 00105000 08:01 2023                       /lib/x86_64-linux-gnu/libm-2.19.so
7fa0d1a13000-7fa0d1a14000 r--p 00104000 08:01 2023                       /lib/x86_64-linux-gnu/libm-2.19.so
7fa0d1a14000-7fa0d1a15000 rw-p 00105000 08:01 2023                       /lib/x86_64-linux-gnu/libm-2.19.so
7fa0d1a15000-7fa0d1afb000 r-xp 00000000 08:01 23699                      /usr/lib/x86_64-linux-gnu/libstdc++.so.6.0.19
7fa0d1afb000-7fa0d1cfa000 ---p 000e6000 08:01 23699                      /usr/lib/x86_64-linux-gnu/libstdc++.so.6.0.19
7fa0d1cfa000-7fa0d1d02000 r--p 000e5000 08:01 23699                      /usr/lib/x86_64-linux-gnu/libstdc++.so.6.0.19
7fa0d1d02000-7fa0d1d04000 rw-p 000ed000 08:01 23699                      /usr/lib/x86_64-linux-gnu/libstdc++.so.6.0.19
7fa0d1d04000-7fa0d1d19000 rw-p 00000000 00:00 0 
7fa0d1d19000-7fa0d282f000 r-xp 00000000 08:01 262191                     /usr/lib/jvm/java-7-openjdk-amd64/jre/lib/amd64/server/libjvm.so
7fa0d282f000-7fa0d2a2e000 ---p 00b16000 08:01 262191                     /usr/lib/jvm/java-7-openjdk-amd64/jre/lib/amd64/server/libjvm.so
7fa0d2a2e000-7fa0d2ac8000 r--p 00b15000 08:01 262191                     /usr/lib/jvm/java-7-openjdk-amd64/jre/lib/amd64/server/libjvm.so
7fa0d2ac8000-7fa0d2aeb000 rw-p 00baf000 08:01 262191                     /usr/lib/jvm/java-7-openjdk-amd64/jre/lib/amd64/server/libjvm.so
7fa0d2aeb000-7fa0d2b19000 rw-p 00000000 00:00 0 
7fa0d2b19000-7fa0d2b31000 r-xp 00000000 08:01 1888                       /lib/x86_64-linux-gnu/libz.so.1.2.8
7fa0d2b31000-7fa0d2d30000 ---p 00018000 08:01 1888                       /lib/x86_64-linux-gnu/libz.so.1.2.8
7fa0d2d30000-7fa0d2d31000 r--p 00017000 08:01 1888                       /lib/x86_64-linux-gnu/libz.so.1.2.8
7fa0d2d31000-7fa0d2d32000 rw-p 00018000 08:01 1888                       /lib/x86_64-linux-gnu/libz.so.1.2.8
7fa0d2d32000-7fa0d2d4b000 r-xp 00000000 08:01 2018                       /lib/x86_64-linux-gnu/libpthread-2.19.so
7fa0d2d4b000-7fa0d2f4a000 ---p 00019000 08:01 2018                       /lib/x86_64-linux-gnu/libpthread-2.19.so
7fa0d2f4a000-7fa0d2f4b000 r--p 00018000 08:01 2018                       /lib/x86_64-linux-gnu/libpthread-2.19.so
7fa0d2f4b000-7fa0d2f4c000 rw-p 00019000 08:01 2018                       /lib/x86_64-linux-gnu/libpthread-2.19.so
7fa0d2f4c000-7fa0d2f50000 rw-p 00000000 00:00 0 
7fa0d2f50000-7fa0d2f53000 r-xp 00000000 08:01 1993                       /lib/x86_64-linux-gnu/libdl-2.19.so
7fa0d2f53000-7fa0d3152000 ---p 00003000 08:01 1993                       /lib/x86_64-linux-gnu/libdl-2.19.so
7fa0d3152000-7fa0d3153000 r--p 00002000 08:01 1993                       /lib/x86_64-linux-gnu/libdl-2.19.so
7fa0d3153000-7fa0d3154000 rw-p 00003000 08:01 1993                       /lib/x86_64-linux-gnu/libdl-2.19.so
7fa0d3154000-7fa0d330f000 r-xp 00000000 08:01 1880                       /lib/x86_64-linux-gnu/libc-2.19.so
7fa0d330f000-7fa0d350f000 ---p 001bb000 08:01 1880                       /lib/x86_64-linux-gnu/libc-2.19.so
7fa0d350f000-7fa0d3513000 r--p 001bb000 08:01 1880                       /lib/x86_64-linux-gnu/libc-2.19.so
7fa0d3513000-7fa0d3515000 rw-p 001bf000 08:01 1880                       /lib/x86_64-linux-gnu/libc-2.19.so
7fa0d3515000-7fa0d351a000 rw-p 00000000 00:00 0 
7fa0d351a000-7fa0d3527000 r-xp 00000000 08:01 262167                     /usr/lib/jvm/java-7-openjdk-amd64/jre/lib/amd64/jli/libjli.so
7fa0d3527000-7fa0d3726000 ---p 0000d000 08:01 262167                     /usr/lib/jvm/java-7-openjdk-amd64/jre/lib/amd64/jli/libjli.so
7fa0d3726000-7fa0d3727000 r--p 0000c000 08:01 262167                     /usr/lib/jvm/java-7-openjdk-amd64/jre/lib/amd64/jli/libjli.so
7fa0d3727000-7fa0d3728000 rw-p 0000d000 08:01 262167                     /usr/lib/jvm/java-7-openjdk-amd64/jre/lib/amd64/jli/libjli.so
7fa0d3728000-7fa0d374b000 r-xp 00000000 08:01 1892                       /lib/x86_64-linux-gnu/ld-2.19.so
7fa0d3763000-7fa0d3767000 r--s 00034000 08:01 262231                     /usr/lib/jvm/java-7-openjdk-amd64/jre/lib/ext/sunjce_provider.jar
7fa0d3767000-7fa0d376b000 r--s 00085000 08:01 262230                     /usr/lib/jvm/java-7-openjdk-amd64/jre/lib/ext/localedata.jar
7fa0d376b000-7fa0d376f000 r--s 0003c000 08:01 262229                     /usr/lib/jvm/java-7-openjdk-amd64/jre/lib/ext/sunpkcs11.jar
7fa0d376f000-7fa0d3771000 r--s 00006000 08:01 61906                      /usr/share/java/java-atk-wrapper.jar
7fa0d3771000-7fa0d377b000 rw-p 00000000 00:00 0 
7fa0d377b000-7fa0d3831000 rw-p 00000000 00:00 0 
7fa0d3831000-7fa0d3839000 rw-s 00000000 08:01 141459                     /tmp/hsperfdata_vagrant/15735
7fa0d3839000-7fa0d383c000 ---p 00000000 00:00 0 
7fa0d383c000-7fa0d393f000 rw-p 00000000 00:00 0                          [stack:15740]
7fa0d3940000-7fa0d3941000 r--s 00002000 08:01 262232                     /usr/lib/jvm/java-7-openjdk-amd64/jre/lib/ext/dnsns.jar
7fa0d3941000-7fa0d3943000 r--s 00012000 08:01 262228                     /usr/lib/jvm/java-7-openjdk-amd64/jre/lib/ext/zipfs.jar
7fa0d3943000-7fa0d3946000 r--s 0000f000 08:01 262227                     /usr/lib/jvm/java-7-openjdk-amd64/jre/lib/ext/icedtea-sound.jar
7fa0d3946000-7fa0d3947000 rw-p 00000000 00:00 0 
7fa0d3947000-7fa0d3948000 ---p 00000000 00:00 0 
7fa0d3948000-7fa0d394a000 rw-p 00000000 00:00 0 
7fa0d394a000-7fa0d394b000 r--p 00022000 08:01 1892                       /lib/x86_64-linux-gnu/ld-2.19.so
7fa0d394b000-7fa0d394c000 rw-p 00023000 08:01 1892                       /lib/x86_64-linux-gnu/ld-2.19.so
7fa0d394c000-7fa0d394d000 rw-p 00000000 00:00 0 
7fff5ee01000-7fff5ee22000 rw-p 00000000 00:00 0                          [stack]
7fff5ef20000-7fff5ef22000 r-xp 00000000 00:00 0                          [vdso]
ffffffffff600000-ffffffffff601000 r-xp 00000000 00:00 0                  [vsyscall]

VM Arguments:
jvm_args: -Dapplication.home=/usr/lib/jvm/java-7-openjdk-amd64 -Xms8m 
java_command: com.sun.tools.javac.Main @/tmp/sbt_5a54a677/argfile
Launcher Type: SUN_STANDARD

Environment Variables:
PATH=/usr/local/sbin:/usr/local/bin:/usr/sbin:/usr/bin:/sbin:/bin:/usr/games:/usr/local/games:/home/vagrant/activator-1.2.12/
SHELL=/bin/bash

Signal Handlers:
SIGSEGV: [libjvm.so+0x9495e0], sa_mask[0]=0x7ffbfeff, sa_flags=0x10000004
SIGBUS: [libjvm.so+0x9495e0], sa_mask[0]=0x7ffbfeff, sa_flags=0x10000004
SIGFPE: [libjvm.so+0x7c3410], sa_mask[0]=0x7ffbfeff, sa_flags=0x10000004
SIGPIPE: [libjvm.so+0x7c3410], sa_mask[0]=0x7ffbfeff, sa_flags=0x10000004
SIGXFSZ: [libjvm.so+0x7c3410], sa_mask[0]=0x7ffbfeff, sa_flags=0x10000004
SIGILL: [libjvm.so+0x7c3410], sa_mask[0]=0x7ffbfeff, sa_flags=0x10000004
SIGUSR1: SIG_DFL, sa_mask[0]=0x00000000, sa_flags=0x00000000
SIGUSR2: [libjvm.so+0x7c32b0], sa_mask[0]=0x00000004, sa_flags=0x10000004
SIGHUP: [libjvm.so+0x7c3490], sa_mask[0]=0x7ffbfeff, sa_flags=0x10000004
SIGINT: [libjvm.so+0x7c3490], sa_mask[0]=0x7ffbfeff, sa_flags=0x10000004
SIGTERM: [libjvm.so+0x7c3490], sa_mask[0]=0x7ffbfeff, sa_flags=0x10000004
SIGQUIT: [libjvm.so+0x7c3490], sa_mask[0]=0x7ffbfeff, sa_flags=0x10000004
SIGTRAP: SIG_DFL, sa_mask[0]=0x00000000, sa_flags=0x00000000


---------------  S Y S T E M  ---------------

OS:Ubuntu 14.04 (trusty)
uname:Linux 3.13.0-40-generic #69-Ubuntu SMP Thu Nov 13 17:53:56 UTC 2014 x86_64
libc:glibc 2.19 NPTL 2.19 
rlimit: STACK 8192k, CORE 0k, NPROC 7874, NOFILE 4096, AS infinity
load average:1.69 0.94 0.74

/proc/meminfo:
MemTotal:        1017844 kB
MemFree:           54928 kB
Buffers:              52 kB
Cached:             3160 kB
SwapCached:            0 kB
Active:           922212 kB
Inactive:           2904 kB
Active(anon):     922020 kB
Inactive(anon):      880 kB
Active(file):        192 kB
Inactive(file):     2024 kB
Unevictable:           0 kB
Mlocked:               0 kB
SwapTotal:             0 kB
SwapFree:              0 kB
Dirty:                24 kB
Writeback:             0 kB
AnonPages:        921920 kB
Mapped:              704 kB
Shmem:               980 kB
Slab:              17872 kB
SReclaimable:       9412 kB
SUnreclaim:         8460 kB
KernelStack:        1144 kB
PageTables:         5376 kB
NFS_Unstable:          0 kB
Bounce:                0 kB
WritebackTmp:          0 kB
CommitLimit:      508920 kB
Committed_AS:    1531616 kB
VmallocTotal:   34359738367 kB
VmallocUsed:       18764 kB
VmallocChunk:   34359715831 kB
HardwareCorrupted:     0 kB
AnonHugePages:    790528 kB
HugePages_Total:       0
HugePages_Free:        0
HugePages_Rsvd:        0
HugePages_Surp:        0
Hugepagesize:       2048 kB
DirectMap4k:       32704 kB
DirectMap2M:     1015808 kB


CPU:total 1 (1 cores per cpu, 1 threads per core) family 6 model 23 stepping 10, cmov, cx8, fxsr, mmx, sse, sse2, sse3, ssse3, tsc

/proc/cpuinfo:
processor	: 0
vendor_id	: GenuineIntel
cpu family	: 6
model		: 23
model name	: Intel(R) Core(TM)2 Duo CPU     P8700  @ 2.53GHz
stepping	: 10
microcode	: 0x60b
cpu MHz		: 467.117
cache size	: 6144 KB
physical id	: 0
siblings	: 1
core id		: 0
cpu cores	: 1
apicid		: 0
initial apicid	: 0
fpu		: yes
fpu_exception	: yes
cpuid level	: 5
wp		: yes
flags		: fpu vme de pse tsc msr pae mce cx8 apic sep mtrr pge mca cmov pat pse36 clflush mmx fxsr sse sse2 syscall nx lm constant_tsc rep_good nopl pni monitor ssse3 lahf_lm
bogomips	: 934.23
clflush size	: 64
cache_alignment	: 64
address sizes	: 36 bits physical, 48 bits virtual
power management:



Memory: 4k page, physical 1017844k(54680k free), swap 0k(0k free)

vm_info: OpenJDK 64-Bit Server VM (24.65-b04) for linux-amd64 JRE (1.7.0_65-b32), built on Oct 22 2014 04:37:44 by "buildd" with gcc 4.8.2

time: Mon Feb  2 22:56:17 2015
elapsed time: 11 seconds

