#
# There is insufficient memory for the Java Runtime Environment to continue.
# Native memory allocation (malloc) failed to allocate 21757952 bytes for committing reserved memory.
# Possible reasons:
#   The system is out of physical RAM or swap space
#   In 32 bit mode, the process size limit was hit
# Possible solutions:
#   Reduce memory load on the system
#   Increase physical memory or swap space
#   Check if swap backing store is full
#   Use 64 bit Java on a 64 bit OS
#   Decrease Java heap size (-Xmx/-Xms)
#   Decrease number of Java threads
#   Decrease Java thread stack sizes (-Xss)
#   Set larger code cache with -XX:ReservedCodeCacheSize=
# This output file may be truncated or incomplete.
#
#  Out of Memory Error (os_linux.cpp:2798), pid=2161, tid=140608177616640
#
# JRE version:  (7.0_65-b32) (build )
# Java VM: OpenJDK 64-Bit Server VM (24.65-b04 mixed mode linux-amd64 compressed oops)
# Derivative: IcedTea 2.5.3
# Distribution: Ubuntu 14.04 LTS, package 7u71-2.5.3-0ubuntu0.14.04.1
# Failed to write core dump. Core dumps have been disabled. To enable core dumping, try "ulimit -c unlimited" before starting Java again
#

---------------  T H R E A D  ---------------

Current thread (0x00007fe1dc00a000):  JavaThread "Unknown thread" [_thread_in_vm, id=2165, stack(0x00007fe1e46ab000,0x00007fe1e47ac000)]

Stack: [0x00007fe1e46ab000,0x00007fe1e47ac000],  sp=0x00007fe1e47aa0e0,  free space=1020k
Native frames: (J=compiled Java code, j=interpreted, Vv=VM code, C=native code)
V  [libjvm.so+0x948b05]  VMError::report_and_die()+0x175
V  [libjvm.so+0x48bc34]  report_vm_out_of_memory(char const*, int, unsigned long, char const*)+0x74
V  [libjvm.so+0x7c7bfb]  os::pd_commit_memory(char*, unsigned long, unsigned long, bool)+0xeb
V  [libjvm.so+0x7c26bf]  os::commit_memory(char*, unsigned long, unsigned long, bool)+0x1f
V  [libjvm.so+0x9459f4]  VirtualSpace::expand_by(unsigned long, bool)+0x1c4
V  [libjvm.so+0x5626fb]  CardGeneration::CardGeneration(ReservedSpace, unsigned long, int, GenRemSet*)+0x11b
V  [libjvm.so+0x431312]  CompactingPermGenGen::CompactingPermGenGen(ReservedSpace, ReservedSpace, unsigned long, int, GenRemSet*, ContiguousSpace*, PermanentGenerationSpec*)+0xa0
V  [libjvm.so+0x80d72c]  CompactingPermGen::CompactingPermGen(ReservedSpace, ReservedSpace, unsigned long, GenRemSet*, PermanentGenerationSpec*)+0x16c
V  [libjvm.so+0x563a24]  PermanentGenerationSpec::init(ReservedSpace, unsigned long, GenRemSet*)+0x2b4
V  [libjvm.so+0x55554d]  GenCollectedHeap::initialize()+0x45d
V  [libjvm.so+0x91a6f7]  Universe::initialize_heap()+0xc7
V  [libjvm.so+0x91aa27]  universe_init()+0x67
V  [libjvm.so+0x59d255]  init_globals()+0x55
V  [libjvm.so+0x8fd3bf]  Threads::create_vm(JavaVMInitArgs*, bool*)+0x35f
V  [libjvm.so+0x6085d4]  JNI_CreateJavaVM+0x54
C  [libjli.so+0x2b48]


---------------  P R O C E S S  ---------------

Java Threads: ( => current thread )

Other Threads:

=>0x00007fe1dc00a000 (exited) JavaThread "Unknown thread" [_thread_in_vm, id=2165, stack(0x00007fe1e46ab000,0x00007fe1e47ac000)]

VM state:not at safepoint (not fully initialized)

VM Mutex/Monitor currently owned by a thread: None

GC Heap History (0 events):
No events

Deoptimization events (0 events):
No events

Internal exceptions (0 events):
No events

Events (0 events):
No events


Dynamic libraries:
00400000-00401000 r-xp 00000000 08:01 264934                             /usr/lib/jvm/java-7-openjdk-amd64/bin/javac
00600000-00601000 r--p 00000000 08:01 264934                             /usr/lib/jvm/java-7-openjdk-amd64/bin/javac
00601000-00602000 rw-p 00001000 08:01 264934                             /usr/lib/jvm/java-7-openjdk-amd64/bin/javac
01bc3000-01be4000 rw-p 00000000 00:00 0                                  [heap]
d6800000-d6aa0000 rw-p 00000000 00:00 0 
d6aa0000-e0e00000 rw-p 00000000 00:00 0 
e0e00000-e1360000 rw-p 00000000 00:00 0 
e1360000-f5a00000 rw-p 00000000 00:00 0 
f6ec0000-100000000 rw-p 00000000 00:00 0 
7fe1d9000000-7fe1d9270000 rwxp 00000000 00:00 0 
7fe1d9270000-7fe1dc025000 rw-p 00000000 00:00 0 
7fe1dc025000-7fe1e0000000 ---p 00000000 00:00 0 
7fe1e0eb1000-7fe1e10ee000 rw-p 00000000 00:00 0 
7fe1e10ee000-7fe1e1192000 rw-p 00000000 00:00 0 
7fe1e1192000-7fe1e1194000 rw-p 00000000 00:00 0 
7fe1e1194000-7fe1e11e5000 rw-p 00000000 00:00 0 
7fe1e11e5000-7fe1e11e8000 rw-p 00000000 00:00 0 
7fe1e11e8000-7fe1e12de000 rw-p 00000000 00:00 0 
7fe1e12de000-7fe1e12df000 rw-p 00000000 00:00 0 
7fe1e12df000-7fe1e12e7000 r-xp 00000000 08:01 262162                     /usr/lib/jvm/java-7-openjdk-amd64/jre/lib/amd64/libzip.so
7fe1e12e7000-7fe1e14e6000 ---p 00008000 08:01 262162                     /usr/lib/jvm/java-7-openjdk-amd64/jre/lib/amd64/libzip.so
7fe1e14e6000-7fe1e14e7000 r--p 00007000 08:01 262162                     /usr/lib/jvm/java-7-openjdk-amd64/jre/lib/amd64/libzip.so
7fe1e14e7000-7fe1e14e8000 rw-p 00008000 08:01 262162                     /usr/lib/jvm/java-7-openjdk-amd64/jre/lib/amd64/libzip.so
7fe1e14e8000-7fe1e14f3000 r-xp 00000000 08:01 2027                       /lib/x86_64-linux-gnu/libnss_files-2.19.so
7fe1e14f3000-7fe1e16f2000 ---p 0000b000 08:01 2027                       /lib/x86_64-linux-gnu/libnss_files-2.19.so
7fe1e16f2000-7fe1e16f3000 r--p 0000a000 08:01 2027                       /lib/x86_64-linux-gnu/libnss_files-2.19.so
7fe1e16f3000-7fe1e16f4000 rw-p 0000b000 08:01 2027                       /lib/x86_64-linux-gnu/libnss_files-2.19.so
7fe1e16f4000-7fe1e16ff000 r-xp 00000000 08:01 1936                       /lib/x86_64-linux-gnu/libnss_nis-2.19.so
7fe1e16ff000-7fe1e18fe000 ---p 0000b000 08:01 1936                       /lib/x86_64-linux-gnu/libnss_nis-2.19.so
7fe1e18fe000-7fe1e18ff000 r--p 0000a000 08:01 1936                       /lib/x86_64-linux-gnu/libnss_nis-2.19.so
7fe1e18ff000-7fe1e1900000 rw-p 0000b000 08:01 1936                       /lib/x86_64-linux-gnu/libnss_nis-2.19.so
7fe1e1900000-7fe1e1917000 r-xp 00000000 08:01 2000                       /lib/x86_64-linux-gnu/libnsl-2.19.so
7fe1e1917000-7fe1e1b16000 ---p 00017000 08:01 2000                       /lib/x86_64-linux-gnu/libnsl-2.19.so
7fe1e1b16000-7fe1e1b17000 r--p 00016000 08:01 2000                       /lib/x86_64-linux-gnu/libnsl-2.19.so
7fe1e1b17000-7fe1e1b18000 rw-p 00017000 08:01 2000                       /lib/x86_64-linux-gnu/libnsl-2.19.so
7fe1e1b18000-7fe1e1b1a000 rw-p 00000000 00:00 0 
7fe1e1b1a000-7fe1e1b23000 r-xp 00000000 08:01 1963                       /lib/x86_64-linux-gnu/libnss_compat-2.19.so
7fe1e1b23000-7fe1e1d22000 ---p 00009000 08:01 1963                       /lib/x86_64-linux-gnu/libnss_compat-2.19.so
7fe1e1d22000-7fe1e1d23000 r--p 00008000 08:01 1963                       /lib/x86_64-linux-gnu/libnss_compat-2.19.so
7fe1e1d23000-7fe1e1d24000 rw-p 00009000 08:01 1963                       /lib/x86_64-linux-gnu/libnss_compat-2.19.so
7fe1e1d24000-7fe1e1d4f000 r-xp 00000000 08:01 262169                     /usr/lib/jvm/java-7-openjdk-amd64/jre/lib/amd64/libjava.so
7fe1e1d4f000-7fe1e1f4e000 ---p 0002b000 08:01 262169                     /usr/lib/jvm/java-7-openjdk-amd64/jre/lib/amd64/libjava.so
7fe1e1f4e000-7fe1e1f4f000 r--p 0002a000 08:01 262169                     /usr/lib/jvm/java-7-openjdk-amd64/jre/lib/amd64/libjava.so
7fe1e1f4f000-7fe1e1f51000 rw-p 0002b000 08:01 262169                     /usr/lib/jvm/java-7-openjdk-amd64/jre/lib/amd64/libjava.so
7fe1e1f51000-7fe1e1f61000 r-xp 00000000 08:01 262184                     /usr/lib/jvm/java-7-openjdk-amd64/jre/lib/amd64/libverify.so
7fe1e1f61000-7fe1e2160000 ---p 00010000 08:01 262184                     /usr/lib/jvm/java-7-openjdk-amd64/jre/lib/amd64/libverify.so
7fe1e2160000-7fe1e2162000 r--p 0000f000 08:01 262184                     /usr/lib/jvm/java-7-openjdk-amd64/jre/lib/amd64/libverify.so
7fe1e2162000-7fe1e2163000 rw-p 00011000 08:01 262184                     /usr/lib/jvm/java-7-openjdk-amd64/jre/lib/amd64/libverify.so
7fe1e2163000-7fe1e216a000 r-xp 00000000 08:01 1968                       /lib/x86_64-linux-gnu/librt-2.19.so
7fe1e216a000-7fe1e2369000 ---p 00007000 08:01 1968                       /lib/x86_64-linux-gnu/librt-2.19.so
7fe1e2369000-7fe1e236a000 r--p 00006000 08:01 1968                       /lib/x86_64-linux-gnu/librt-2.19.so
7fe1e236a000-7fe1e236b000 rw-p 00007000 08:01 1968                       /lib/x86_64-linux-gnu/librt-2.19.so
7fe1e236b000-7fe1e2381000 r-xp 00000000 08:01 1901                       /lib/x86_64-linux-gnu/libgcc_s.so.1
7fe1e2381000-7fe1e2580000 ---p 00016000 08:01 1901                       /lib/x86_64-linux-gnu/libgcc_s.so.1
7fe1e2580000-7fe1e2581000 rw-p 00015000 08:01 1901                       /lib/x86_64-linux-gnu/libgcc_s.so.1
7fe1e2581000-7fe1e2686000 r-xp 00000000 08:01 2023                       /lib/x86_64-linux-gnu/libm-2.19.so
7fe1e2686000-7fe1e2885000 ---p 00105000 08:01 2023                       /lib/x86_64-linux-gnu/libm-2.19.so
7fe1e2885000-7fe1e2886000 r--p 00104000 08:01 2023                       /lib/x86_64-linux-gnu/libm-2.19.so
7fe1e2886000-7fe1e2887000 rw-p 00105000 08:01 2023                       /lib/x86_64-linux-gnu/libm-2.19.so
7fe1e2887000-7fe1e296d000 r-xp 00000000 08:01 23699                      /usr/lib/x86_64-linux-gnu/libstdc++.so.6.0.19
7fe1e296d000-7fe1e2b6c000 ---p 000e6000 08:01 23699                      /usr/lib/x86_64-linux-gnu/libstdc++.so.6.0.19
7fe1e2b6c000-7fe1e2b74000 r--p 000e5000 08:01 23699                      /usr/lib/x86_64-linux-gnu/libstdc++.so.6.0.19
7fe1e2b74000-7fe1e2b76000 rw-p 000ed000 08:01 23699                      /usr/lib/x86_64-linux-gnu/libstdc++.so.6.0.19
7fe1e2b76000-7fe1e2b8b000 rw-p 00000000 00:00 0 
7fe1e2b8b000-7fe1e36a1000 r-xp 00000000 08:01 262191                     /usr/lib/jvm/java-7-openjdk-amd64/jre/lib/amd64/server/libjvm.so
7fe1e36a1000-7fe1e38a0000 ---p 00b16000 08:01 262191                     /usr/lib/jvm/java-7-openjdk-amd64/jre/lib/amd64/server/libjvm.so
7fe1e38a0000-7fe1e393a000 r--p 00b15000 08:01 262191                     /usr/lib/jvm/java-7-openjdk-amd64/jre/lib/amd64/server/libjvm.so
7fe1e393a000-7fe1e395d000 rw-p 00baf000 08:01 262191                     /usr/lib/jvm/java-7-openjdk-amd64/jre/lib/amd64/server/libjvm.so
7fe1e395d000-7fe1e398b000 rw-p 00000000 00:00 0 
7fe1e398b000-7fe1e39a3000 r-xp 00000000 08:01 1888                       /lib/x86_64-linux-gnu/libz.so.1.2.8
7fe1e39a3000-7fe1e3ba2000 ---p 00018000 08:01 1888                       /lib/x86_64-linux-gnu/libz.so.1.2.8
7fe1e3ba2000-7fe1e3ba3000 r--p 00017000 08:01 1888                       /lib/x86_64-linux-gnu/libz.so.1.2.8
7fe1e3ba3000-7fe1e3ba4000 rw-p 00018000 08:01 1888                       /lib/x86_64-linux-gnu/libz.so.1.2.8
7fe1e3ba4000-7fe1e3bbd000 r-xp 00000000 08:01 2018                       /lib/x86_64-linux-gnu/libpthread-2.19.so
7fe1e3bbd000-7fe1e3dbc000 ---p 00019000 08:01 2018                       /lib/x86_64-linux-gnu/libpthread-2.19.so
7fe1e3dbc000-7fe1e3dbd000 r--p 00018000 08:01 2018                       /lib/x86_64-linux-gnu/libpthread-2.19.so
7fe1e3dbd000-7fe1e3dbe000 rw-p 00019000 08:01 2018                       /lib/x86_64-linux-gnu/libpthread-2.19.so
7fe1e3dbe000-7fe1e3dc2000 rw-p 00000000 00:00 0 
7fe1e3dc2000-7fe1e3dc5000 r-xp 00000000 08:01 1993                       /lib/x86_64-linux-gnu/libdl-2.19.so
7fe1e3dc5000-7fe1e3fc4000 ---p 00003000 08:01 1993                       /lib/x86_64-linux-gnu/libdl-2.19.so
7fe1e3fc4000-7fe1e3fc5000 r--p 00002000 08:01 1993                       /lib/x86_64-linux-gnu/libdl-2.19.so
7fe1e3fc5000-7fe1e3fc6000 rw-p 00003000 08:01 1993                       /lib/x86_64-linux-gnu/libdl-2.19.so
7fe1e3fc6000-7fe1e4181000 r-xp 00000000 08:01 1880                       /lib/x86_64-linux-gnu/libc-2.19.so
7fe1e4181000-7fe1e4381000 ---p 001bb000 08:01 1880                       /lib/x86_64-linux-gnu/libc-2.19.so
7fe1e4381000-7fe1e4385000 r--p 001bb000 08:01 1880                       /lib/x86_64-linux-gnu/libc-2.19.so
7fe1e4385000-7fe1e4387000 rw-p 001bf000 08:01 1880                       /lib/x86_64-linux-gnu/libc-2.19.so
7fe1e4387000-7fe1e438c000 rw-p 00000000 00:00 0 
7fe1e438c000-7fe1e4399000 r-xp 00000000 08:01 262167                     /usr/lib/jvm/java-7-openjdk-amd64/jre/lib/amd64/jli/libjli.so
7fe1e4399000-7fe1e4598000 ---p 0000d000 08:01 262167                     /usr/lib/jvm/java-7-openjdk-amd64/jre/lib/amd64/jli/libjli.so
7fe1e4598000-7fe1e4599000 r--p 0000c000 08:01 262167                     /usr/lib/jvm/java-7-openjdk-amd64/jre/lib/amd64/jli/libjli.so
7fe1e4599000-7fe1e459a000 rw-p 0000d000 08:01 262167                     /usr/lib/jvm/java-7-openjdk-amd64/jre/lib/amd64/jli/libjli.so
7fe1e459a000-7fe1e45bd000 r-xp 00000000 08:01 1892                       /lib/x86_64-linux-gnu/ld-2.19.so
7fe1e45e3000-7fe1e45ed000 rw-p 00000000 00:00 0 
7fe1e45ed000-7fe1e46a3000 rw-p 00000000 00:00 0 
7fe1e46a3000-7fe1e46ab000 rw-s 00000000 08:01 141459                     /tmp/hsperfdata_vagrant/2161
7fe1e46ab000-7fe1e46ae000 ---p 00000000 00:00 0 
7fe1e46ae000-7fe1e47b1000 rw-p 00000000 00:00 0                          [stack:2165]
7fe1e47b6000-7fe1e47b9000 rw-p 00000000 00:00 0 
7fe1e47b9000-7fe1e47ba000 r--p 00000000 00:00 0 
7fe1e47ba000-7fe1e47bc000 rw-p 00000000 00:00 0 
7fe1e47bc000-7fe1e47bd000 r--p 00022000 08:01 1892                       /lib/x86_64-linux-gnu/ld-2.19.so
7fe1e47bd000-7fe1e47be000 rw-p 00023000 08:01 1892                       /lib/x86_64-linux-gnu/ld-2.19.so
7fe1e47be000-7fe1e47bf000 rw-p 00000000 00:00 0 
7fff08010000-7fff08031000 rw-p 00000000 00:00 0                          [stack]
7fff08158000-7fff0815a000 r-xp 00000000 00:00 0                          [vdso]
ffffffffff600000-ffffffffff601000 r-xp 00000000 00:00 0                  [vsyscall]

VM Arguments:
jvm_args: -Dapplication.home=/usr/lib/jvm/java-7-openjdk-amd64 -Xms8m 
java_command: com.sun.tools.javac.Main @/tmp/sbt_769ede46/argfile
Launcher Type: SUN_STANDARD

Environment Variables:
PATH=/usr/local/sbin:/usr/local/bin:/usr/sbin:/usr/bin:/sbin:/bin:/usr/games:/usr/local/games:/home/vagrant/activator-1.2.12/
SHELL=/bin/bash

Signal Handlers:
SIGSEGV: [libjvm.so+0x9495e0], sa_mask[0]=0x7ffbfeff, sa_flags=0x10000004
SIGBUS: [libjvm.so+0x9495e0], sa_mask[0]=0x7ffbfeff, sa_flags=0x10000004
SIGFPE: [libjvm.so+0x7c3410], sa_mask[0]=0x7ffbfeff, sa_flags=0x10000004
SIGPIPE: [libjvm.so+0x7c3410], sa_mask[0]=0x7ffbfeff, sa_flags=0x10000004
SIGXFSZ: [libjvm.so+0x7c3410], sa_mask[0]=0x7ffbfeff, sa_flags=0x10000004
SIGILL: [libjvm.so+0x7c3410], sa_mask[0]=0x7ffbfeff, sa_flags=0x10000004
SIGUSR1: SIG_DFL, sa_mask[0]=0x00000000, sa_flags=0x00000000
SIGUSR2: [libjvm.so+0x7c32b0], sa_mask[0]=0x00000004, sa_flags=0x10000004
SIGHUP: SIG_DFL, sa_mask[0]=0x00000000, sa_flags=0x00000000
SIGINT: SIG_DFL, sa_mask[0]=0x00000000, sa_flags=0x00000000
SIGTERM: SIG_DFL, sa_mask[0]=0x00000000, sa_flags=0x00000000
SIGQUIT: SIG_DFL, sa_mask[0]=0x00000000, sa_flags=0x00000000
SIGTRAP: SIG_DFL, sa_mask[0]=0x00000000, sa_flags=0x00000000


---------------  S Y S T E M  ---------------

OS:Ubuntu 14.04 (trusty)
uname:Linux 3.13.0-40-generic #69-Ubuntu SMP Thu Nov 13 17:53:56 UTC 2014 x86_64
libc:glibc 2.19 NPTL 2.19 
rlimit: STACK 8192k, CORE 0k, NPROC 7874, NOFILE 4096, AS infinity
load average:1.34 0.85 0.79

/proc/meminfo:
MemTotal:        1017844 kB
MemFree:           72160 kB
Buffers:             604 kB
Cached:            12108 kB
SwapCached:            0 kB
Active:           899604 kB
Inactive:           6728 kB
Active(anon):     893840 kB
Inactive(anon):      880 kB
Active(file):       5764 kB
Inactive(file):     5848 kB
Unevictable:           0 kB
Mlocked:               0 kB
SwapTotal:             0 kB
SwapFree:              0 kB
Dirty:                40 kB
Writeback:             0 kB
AnonPages:        893740 kB
Mapped:             8596 kB
Shmem:               980 kB
Slab:              18740 kB
SReclaimable:      10112 kB
SUnreclaim:         8628 kB
KernelStack:        1088 kB
PageTables:         5268 kB
NFS_Unstable:          0 kB
Bounce:                0 kB
WritebackTmp:          0 kB
CommitLimit:      508920 kB
Committed_AS:    1497380 kB
VmallocTotal:   34359738367 kB
VmallocUsed:       18764 kB
VmallocChunk:   34359715831 kB
HardwareCorrupted:     0 kB
AnonHugePages:    745472 kB
HugePages_Total:       0
HugePages_Free:        0
HugePages_Rsvd:        0
HugePages_Surp:        0
Hugepagesize:       2048 kB
DirectMap4k:       32704 kB
DirectMap2M:     1015808 kB


CPU:total 1 (1 cores per cpu, 1 threads per core) family 6 model 23 stepping 10, cmov, cx8, fxsr, mmx, sse, sse2, sse3, ssse3, tsc

/proc/cpuinfo:
processor	: 0
vendor_id	: GenuineIntel
cpu family	: 6
model		: 23
model name	: Intel(R) Core(TM)2 Duo CPU     P8700  @ 2.53GHz
stepping	: 10
microcode	: 0x60b
cpu MHz		: 467.117
cache size	: 6144 KB
physical id	: 0
siblings	: 1
core id		: 0
cpu cores	: 1
apicid		: 0
initial apicid	: 0
fpu		: yes
fpu_exception	: yes
cpuid level	: 5
wp		: yes
flags		: fpu vme de pse tsc msr pae mce cx8 apic sep mtrr pge mca cmov pat pse36 clflush mmx fxsr sse sse2 syscall nx lm constant_tsc rep_good nopl pni monitor ssse3 lahf_lm
bogomips	: 934.23
clflush size	: 64
cache_alignment	: 64
address sizes	: 36 bits physical, 48 bits virtual
power management:



Memory: 4k page, physical 1017844k(72160k free), swap 0k(0k free)

vm_info: OpenJDK 64-Bit Server VM (24.65-b04) for linux-amd64 JRE (1.7.0_65-b32), built on Oct 22 2014 04:37:44 by "buildd" with gcc 4.8.2

time: Tue Feb  3 01:11:58 2015
elapsed time: 0 seconds

