#
# There is insufficient memory for the Java Runtime Environment to continue.
# Native memory allocation (malloc) failed to allocate 5246976 bytes for committing reserved memory.
# Possible reasons:
#   The system is out of physical RAM or swap space
#   In 32 bit mode, the process size limit was hit
# Possible solutions:
#   Reduce memory load on the system
#   Increase physical memory or swap space
#   Check if swap backing store is full
#   Use 64 bit Java on a 64 bit OS
#   Decrease Java heap size (-Xmx/-Xms)
#   Decrease number of Java threads
#   Decrease Java thread stack sizes (-Xss)
#   Set larger code cache with -XX:ReservedCodeCacheSize=
# This output file may be truncated or incomplete.
#
#  Out of Memory Error (os_linux.cpp:2798), pid=2013, tid=139688883922688
#
# JRE version: OpenJDK Runtime Environment (7.0_65-b32) (build 1.7.0_65-b32)
# Java VM: OpenJDK 64-Bit Server VM (24.65-b04 mixed mode linux-amd64 compressed oops)
# Derivative: IcedTea 2.5.3
# Distribution: Ubuntu 14.04 LTS, package 7u71-2.5.3-0ubuntu0.14.04.1
# Failed to write core dump. Core dumps have been disabled. To enable core dumping, try "ulimit -c unlimited" before starting Java again
#

---------------  T H R E A D  ---------------

Current thread (0x00007f0bd406b800):  VMThread [stack: 0x00007f0bda3e2000,0x00007f0bda4e3000] [id=2019]

Stack: [0x00007f0bda3e2000,0x00007f0bda4e3000],  sp=0x00007f0bda4e1590,  free space=1021k
Native frames: (J=compiled Java code, j=interpreted, Vv=VM code, C=native code)
V  [libjvm.so+0x948b05]  VMError::report_and_die()+0x175
V  [libjvm.so+0x48bc34]  report_vm_out_of_memory(char const*, int, unsigned long, char const*)+0x74
V  [libjvm.so+0x7c7bfb]  os::pd_commit_memory(char*, unsigned long, unsigned long, bool)+0xeb
V  [libjvm.so+0x7c26bf]  os::commit_memory(char*, unsigned long, unsigned long, bool)+0x1f
V  [libjvm.so+0x9459f4]  VirtualSpace::expand_by(unsigned long, bool)+0x1c4
V  [libjvm.so+0x561b1e]  OneContigSpaceCardGeneration::grow_by(unsigned long)+0x1e
V  [libjvm.so+0x561e55]  OneContigSpaceCardGeneration::expand(unsigned long, unsigned long)+0x85
V  [libjvm.so+0x5535f0]  GenCollectedHeap::do_collection(bool, bool, unsigned long, bool, int)+0x7a0
V  [libjvm.so+0x425812]  GenCollectorPolicy::satisfy_failed_allocation(unsigned long, bool)+0xb2
V  [libjvm.so+0x949e01]  VM_GenCollectForAllocation::doit()+0x81
V  [libjvm.so+0x94e9f7]  VM_Operation::evaluate()+0x47
V  [libjvm.so+0x94d368]  VMThread::evaluate_operation(VM_Operation*)+0x318
V  [libjvm.so+0x94d7c9]  VMThread::loop()+0x219
V  [libjvm.so+0x94dc12]  VMThread::run()+0x72
V  [libjvm.so+0x7c4ac2]  java_start(Thread*)+0xf2

VM_Operation (0x00007f0bddee4db0): GenCollectForAllocation, mode: safepoint, requested by thread 0x00007f0bd400a000


---------------  P R O C E S S  ---------------

Java Threads: ( => current thread )
  0x00007f0bd40a5800 JavaThread "Service Thread" daemon [_thread_blocked, id=2025, stack(0x00007f0bd9c53000,0x00007f0bd9d54000)]
  0x00007f0bd40a3000 JavaThread "C2 CompilerThread1" daemon [_thread_blocked, id=2024, stack(0x00007f0bd9d54000,0x00007f0bd9e55000)]
  0x00007f0bd40a0800 JavaThread "C2 CompilerThread0" daemon [_thread_blocked, id=2023, stack(0x00007f0bd9e55000,0x00007f0bd9f56000)]
  0x00007f0bd409e800 JavaThread "Signal Dispatcher" daemon [_thread_blocked, id=2022, stack(0x00007f0bd9f56000,0x00007f0bda057000)]
  0x00007f0bd4072000 JavaThread "Finalizer" daemon [_thread_blocked, id=2021, stack(0x00007f0bda1e0000,0x00007f0bda2e1000)]
  0x00007f0bd4070000 JavaThread "Reference Handler" daemon [_thread_blocked, id=2020, stack(0x00007f0bda2e1000,0x00007f0bda3e2000)]
  0x00007f0bd400a000 JavaThread "main" [_thread_blocked, id=2018, stack(0x00007f0bdddea000,0x00007f0bddeeb000)]

Other Threads:
=>0x00007f0bd406b800 VMThread [stack: 0x00007f0bda3e2000,0x00007f0bda4e3000] [id=2019]
  0x00007f0bd40b0800 WatcherThread [stack: 0x00007f0bd9b52000,0x00007f0bd9c53000] [id=2026]

VM state:at safepoint (normal execution)

VM Mutex/Monitor currently owned by a thread:  ([mutex/lock_event])
[0x00007f0bd4006440] Threads_lock - owner thread: 0x00007f0bd406b800
[0x00007f0bd4006940] Heap_lock - owner thread: 0x00007f0bd400a000

Heap
 def new generation   total 4480K, used 0K [0x00000000d6800000, 0x00000000d6cd0000, 0x00000000e0e00000)
  eden space 4032K,   0% used [0x00000000d6800000, 0x00000000d6800000, 0x00000000d6bf0000)
  from space 448K,   0% used [0x00000000d6c60000, 0x00000000d6c60000, 0x00000000d6cd0000)
  to   space 448K,   0% used [0x00000000d6bf0000, 0x00000000d6bf0000, 0x00000000d6c60000)
 tenured generation   total 11364K, used 9891K [0x00000000e0e00000, 0x00000000e1919000, 0x00000000f5a00000)
   the space 11364K,  87% used [0x00000000e0e00000, 0x00000000e17a8dc8, 0x00000000e17a8e00, 0x00000000e1919000)
 compacting perm gen  total 21248K, used 7017K [0x00000000f5a00000, 0x00000000f6ec0000, 0x0000000100000000)
   the space 21248K,  33% used [0x00000000f5a00000, 0x00000000f60da590, 0x00000000f60da600, 0x00000000f6ec0000)
No shared spaces configured.

Card table byte_map: [0x00007f0bda8d1000,0x00007f0bdaa1e000] byte_map_base: 0x00007f0bda21d000

Polling page: 0x00007f0bddef8000

Code Cache  [0x00007f0bd1000000, 0x00007f0bd1270000, 0x00007f0bd4000000)
 total_blobs=322 nmethods=99 adapters=177 free_code_cache=48463Kb largest_free_block=49591552

Compilation events (10 events):
Event: 7.216 Thread 0x00007f0bd40a0800 nmethod 95 0x00007f0bd10a9490 code [0x00007f0bd10a95e0, 0x00007f0bd10a96b8]
Event: 7.216 Thread 0x00007f0bd40a0800   97             java.lang.String::substring (79 bytes)
Event: 7.222 Thread 0x00007f0bd40a3000 nmethod 96 0x00007f0bd1087dd0 code [0x00007f0bd1087f20, 0x00007f0bd1088198]
Event: 7.222 Thread 0x00007f0bd40a3000   98             java.lang.AbstractStringBuilder::append (48 bytes)
Event: 7.230 Thread 0x00007f0bd40a3000 nmethod 98 0x00007f0bd1087550 code [0x00007f0bd10876c0, 0x00007f0bd1087a98]
Event: 7.231 Thread 0x00007f0bd40a3000   99             java.lang.StringBuilder::append (8 bytes)
Event: 7.234 Thread 0x00007f0bd40a3000 nmethod 99 0x00007f0bd109d0d0 code [0x00007f0bd109d240, 0x00007f0bd109d618]
Event: 7.235 Thread 0x00007f0bd40a0800 nmethod 97 0x00007f0bd109c990 code [0x00007f0bd109cb00, 0x00007f0bd109ce58]
Event: 7.309 Thread 0x00007f0bd40a3000  100             com.sun.tools.javac.util.List::reverse (55 bytes)
Event: 7.449 Thread 0x00007f0bd40a3000 nmethod 100 0x00007f0bd10a3250 code [0x00007f0bd10a33c0, 0x00007f0bd10a3598]

GC Heap History (10 events):
Event: 3.774 GC heap after
Heap after GC invocations=9 (full 0):
 def new generation   total 2432K, used 255K [0x00000000d6800000, 0x00000000d6aa0000, 0x00000000e0e00000)
  eden space 2176K,   0% used [0x00000000d6800000, 0x00000000d6800000, 0x00000000d6a20000)
  from space 256K,  99% used [0x00000000d6a60000, 0x00000000d6a9fff8, 0x00000000d6aa0000)
  to   space 256K,   0% used [0x00000000d6a20000, 0x00000000d6a20000, 0x00000000d6a60000)
 tenured generation   total 5504K, used 3645K [0x00000000e0e00000, 0x00000000e1360000, 0x00000000f5a00000)
   the space 5504K,  66% used [0x00000000e0e00000, 0x00000000e118f7b0, 0x00000000e118f800, 0x00000000e1360000)
 compacting perm gen  total 21248K, used 6702K [0x00000000f5a00000, 0x00000000f6ec0000, 0x0000000100000000)
   the space 21248K,  31% used [0x00000000f5a00000, 0x00000000f608b890, 0x00000000f608ba00, 0x00000000f6ec0000)
No shared spaces configured.
}
Event: 4.133 GC heap before
{Heap before GC invocations=9 (full 0):
 def new generation   total 2432K, used 2431K [0x00000000d6800000, 0x00000000d6aa0000, 0x00000000e0e00000)
  eden space 2176K, 100% used [0x00000000d6800000, 0x00000000d6a20000, 0x00000000d6a20000)
  from space 256K,  99% used [0x00000000d6a60000, 0x00000000d6a9fff8, 0x00000000d6aa0000)
  to   space 256K,   0% used [0x00000000d6a20000, 0x00000000d6a20000, 0x00000000d6a60000)
 tenured generation   total 5504K, used 3645K [0x00000000e0e00000, 0x00000000e1360000, 0x00000000f5a00000)
   the space 5504K,  66% used [0x00000000e0e00000, 0x00000000e118f7b0, 0x00000000e118f800, 0x00000000e1360000)
 compacting perm gen  total 21248K, used 6935K [0x00000000f5a00000, 0x00000000f6ec0000, 0x0000000100000000)
   the space 21248K,  32% used [0x00000000f5a00000, 0x00000000f60c5eb8, 0x00000000f60c6000, 0x00000000f6ec0000)
No shared spaces configured.
Event: 4.166 GC heap after
Heap after GC invocations=10 (full 0):
 def new generation   total 2432K, used 254K [0x00000000d6800000, 0x00000000d6aa0000, 0x00000000e0e00000)
  eden space 2176K,   0% used [0x00000000d6800000, 0x00000000d6800000, 0x00000000d6a20000)
  from space 256K,  99% used [0x00000000d6a20000, 0x00000000d6a5f9b0, 0x00000000d6a60000)
  to   space 256K,   0% used [0x00000000d6a60000, 0x00000000d6a60000, 0x00000000d6aa0000)
 tenured generation   total 5504K, used 5367K [0x00000000e0e00000, 0x00000000e1360000, 0x00000000f5a00000)
   the space 5504K,  97% used [0x00000000e0e00000, 0x00000000e133ddb8, 0x00000000e133de00, 0x00000000e1360000)
 compacting perm gen  total 21248K, used 6935K [0x00000000f5a00000, 0x00000000f6ec0000, 0x0000000100000000)
   the space 21248K,  32% used [0x00000000f5a00000, 0x00000000f60c5eb8, 0x00000000f60c6000, 0x00000000f6ec0000)
No shared spaces configured.
}
Event: 4.581 GC heap before
{Heap before GC invocations=10 (full 0):
 def new generation   total 2432K, used 2430K [0x00000000d6800000, 0x00000000d6aa0000, 0x00000000e0e00000)
  eden space 2176K, 100% used [0x00000000d6800000, 0x00000000d6a20000, 0x00000000d6a20000)
  from space 256K,  99% used [0x00000000d6a20000, 0x00000000d6a5f9b0, 0x00000000d6a60000)
  to   space 256K,   0% used [0x00000000d6a60000, 0x00000000d6a60000, 0x00000000d6aa0000)
 tenured generation   total 5504K, used 5367K [0x00000000e0e00000, 0x00000000e1360000, 0x00000000f5a00000)
   the space 5504K,  97% used [0x00000000e0e00000, 0x00000000e133ddb8, 0x00000000e133de00, 0x00000000e1360000)
 compacting perm gen  total 21248K, used 6945K [0x00000000f5a00000, 0x00000000f6ec0000, 0x0000000100000000)
   the space 21248K,  32% used [0x00000000f5a00000, 0x00000000f60c8718, 0x00000000f60c8800, 0x00000000f6ec0000)
No shared spaces configured.
Event: 4.679 GC heap after
Heap after GC invocations=11 (full 1):
 def new generation   total 4480K, used 0K [0x00000000d6800000, 0x00000000d6cd0000, 0x00000000e0e00000)
  eden space 4032K,   0% used [0x00000000d6800000, 0x00000000d6800000, 0x00000000d6bf0000)
  from space 448K,   0% used [0x00000000d6bf0000, 0x00000000d6bf0000, 0x00000000d6c60000)
  to   space 448K,   0% used [0x00000000d6c60000, 0x00000000d6c60000, 0x00000000d6cd0000)
 tenured generation   total 9828K, used 5896K [0x00000000e0e00000, 0x00000000e1799000, 0x00000000f5a00000)
   the space 9828K,  59% used [0x00000000e0e00000, 0x00000000e13c22c0, 0x00000000e13c2400, 0x00000000e1799000)
 compacting perm gen  total 21248K, used 6945K [0x00000000f5a00000, 0x00000000f6ec0000, 0x0000000100000000)
   the space 21248K,  32% used [0x00000000f5a00000, 0x00000000f60c8718, 0x00000000f60c8800, 0x00000000f6ec0000)
No shared spaces configured.
}
Event: 5.199 GC heap before
{Heap before GC invocations=11 (full 1):
 def new generation   total 4480K, used 4032K [0x00000000d6800000, 0x00000000d6cd0000, 0x00000000e0e00000)
  eden space 4032K, 100% used [0x00000000d6800000, 0x00000000d6bf0000, 0x00000000d6bf0000)
  from space 448K,   0% used [0x00000000d6bf0000, 0x00000000d6bf0000, 0x00000000d6c60000)
  to   space 448K,   0% used [0x00000000d6c60000, 0x00000000d6c60000, 0x00000000d6cd0000)
 tenured generation   total 9828K, used 5896K [0x00000000e0e00000, 0x00000000e1799000, 0x00000000f5a00000)
   the space 9828K,  59% used [0x00000000e0e00000, 0x00000000e13c22c0, 0x00000000e13c2400, 0x00000000e1799000)
 compacting perm gen  total 21248K, used 6973K [0x00000000f5a00000, 0x00000000f6ec0000, 0x0000000100000000)
   the space 21248K,  32% used [0x00000000f5a00000, 0x00000000f60cf4e8, 0x00000000f60cf600, 0x00000000f6ec0000)
No shared spaces configured.
Event: 5.241 GC heap after
Heap after GC invocations=12 (full 1):
 def new generation   total 4480K, used 448K [0x00000000d6800000, 0x00000000d6cd0000, 0x00000000e0e00000)
  eden space 4032K,   0% used [0x00000000d6800000, 0x00000000d6800000, 0x00000000d6bf0000)
  from space 448K, 100% used [0x00000000d6c60000, 0x00000000d6cd0000, 0x00000000d6cd0000)
  to   space 448K,   0% used [0x00000000d6bf0000, 0x00000000d6bf0000, 0x00000000d6c60000)
 tenured generation   total 9828K, used 7644K [0x00000000e0e00000, 0x00000000e1799000, 0x00000000f5a00000)
   the space 9828K,  77% used [0x00000000e0e00000, 0x00000000e15770f8, 0x00000000e1577200, 0x00000000e1799000)
 compacting perm gen  total 21248K, used 6973K [0x00000000f5a00000, 0x00000000f6ec0000, 0x0000000100000000)
   the space 21248K,  32% used [0x00000000f5a00000, 0x00000000f60cf4e8, 0x00000000f60cf600, 0x00000000f6ec0000)
No shared spaces configured.
}
Event: 5.381 GC heap before
{Heap before GC invocations=12 (full 1):
 def new generation   total 4480K, used 4475K [0x00000000d6800000, 0x00000000d6cd0000, 0x00000000e0e00000)
  eden space 4032K,  99% used [0x00000000d6800000, 0x00000000d6beefa8, 0x00000000d6bf0000)
  from space 448K, 100% used [0x00000000d6c60000, 0x00000000d6cd0000, 0x00000000d6cd0000)
  to   space 448K,   0% used [0x00000000d6bf0000, 0x00000000d6bf0000, 0x00000000d6c60000)
 tenured generation   total 9828K, used 7644K [0x00000000e0e00000, 0x00000000e1799000, 0x00000000f5a00000)
   the space 9828K,  77% used [0x00000000e0e00000, 0x00000000e15770f8, 0x00000000e1577200, 0x00000000e1799000)
 compacting perm gen  total 21248K, used 6974K [0x00000000f5a00000, 0x00000000f6ec0000, 0x0000000100000000)
   the space 21248K,  32% used [0x00000000f5a00000, 0x00000000f60cfa18, 0x00000000f60cfc00, 0x00000000f6ec0000)
No shared spaces configured.
Event: 6.058 GC heap after
Heap after GC invocations=13 (full 1):
 def new generation   total 4480K, used 447K [0x00000000d6800000, 0x00000000d6cd0000, 0x00000000e0e00000)
  eden space 4032K,   0% used [0x00000000d6800000, 0x00000000d6800000, 0x00000000d6bf0000)
  from space 448K,  99% used [0x00000000d6bf0000, 0x00000000d6c5fff8, 0x00000000d6c60000)
  to   space 448K,   0% used [0x00000000d6c60000, 0x00000000d6c60000, 0x00000000d6cd0000)
 tenured generation   total 9828K, used 9817K [0x00000000e0e00000, 0x00000000e1799000, 0x00000000f5a00000)
   the space 9828K,  99% used [0x00000000e0e00000, 0x00000000e1796738, 0x00000000e1796800, 0x00000000e1799000)
 compacting perm gen  total 21248K, used 6974K [0x00000000f5a00000, 0x00000000f6ec0000, 0x0000000100000000)
   the space 21248K,  32% used [0x00000000f5a00000, 0x00000000f60cfa18, 0x00000000f60cfc00, 0x00000000f6ec0000)
No shared spaces configured.
}
Event: 7.517 GC heap before
{Heap before GC invocations=13 (full 1):
 def new generation   total 4480K, used 4472K [0x00000000d6800000, 0x00000000d6cd0000, 0x00000000e0e00000)
  eden space 4032K,  99% used [0x00000000d6800000, 0x00000000d6bee0a8, 0x00000000d6bf0000)
  from space 448K,  99% used [0x00000000d6bf0000, 0x00000000d6c5fff8, 0x00000000d6c60000)
  to   space 448K,   0% used [0x00000000d6c60000, 0x00000000d6c60000, 0x00000000d6cd0000)
 tenured generation   total 9828K, used 9817K [0x00000000e0e00000, 0x00000000e1799000, 0x00000000f5a00000)
   the space 9828K,  99% used [0x00000000e0e00000, 0x00000000e1796738, 0x00000000e1796800, 0x00000000e1799000)
 compacting perm gen  total 21248K, used 7017K [0x00000000f5a00000, 0x00000000f6ec0000, 0x0000000100000000)
   the space 21248K,  33% used [0x00000000f5a00000, 0x00000000f60da590, 0x00000000f60da600, 0x00000000f6ec0000)
No shared spaces configured.

Deoptimization events (10 events):
Event: 6.419 Thread 0x00007f0bd400a000 Uncommon trap: reason=array_check action=maybe_recompile pc=0x00007f0bd10a06a0 method=java.util.ComparableTimSort.mergeLo(IIII)V @ 236
Event: 6.421 Thread 0x00007f0bd400a000 Uncommon trap: reason=array_check action=maybe_recompile pc=0x00007f0bd10a06a0 method=java.util.ComparableTimSort.mergeLo(IIII)V @ 236
Event: 6.516 Thread 0x00007f0bd400a000 Uncommon trap: reason=array_check action=maybe_recompile pc=0x00007f0bd10a6048 method=java.util.ComparableTimSort.mergeHi(IIII)V @ 266
Event: 6.523 Thread 0x00007f0bd400a000 Uncommon trap: reason=array_check action=maybe_recompile pc=0x00007f0bd10a5fd8 method=java.util.ComparableTimSort.mergeHi(IIII)V @ 234
Event: 6.524 Thread 0x00007f0bd400a000 Uncommon trap: reason=array_check action=maybe_recompile pc=0x00007f0bd10a6048 method=java.util.ComparableTimSort.mergeHi(IIII)V @ 266
Event: 7.307 Thread 0x00007f0bd400a000 Uncommon trap: reason=class_check action=maybe_recompile pc=0x00007f0bd1086330 method=com.sun.tools.javac.util.List.reverse()Lcom/sun/tools/javac/util/List; @ 1
Event: 7.307 Thread 0x00007f0bd400a000 Uncommon trap: reason=class_check action=maybe_recompile pc=0x00007f0bd1086330 method=com.sun.tools.javac.util.List.reverse()Lcom/sun/tools/javac/util/List; @ 1
Event: 7.307 Thread 0x00007f0bd400a000 Uncommon trap: reason=class_check action=maybe_recompile pc=0x00007f0bd1086330 method=com.sun.tools.javac.util.List.reverse()Lcom/sun/tools/javac/util/List; @ 1
Event: 7.307 Thread 0x00007f0bd400a000 Uncommon trap: reason=class_check action=maybe_recompile pc=0x00007f0bd1086330 method=com.sun.tools.javac.util.List.reverse()Lcom/sun/tools/javac/util/List; @ 1
Event: 7.312 Thread 0x00007f0bd400a000 Uncommon trap: reason=class_check action=maybe_recompile pc=0x00007f0bd10a9c28 method=com.sun.tools.javac.util.List.prependList(Lcom/sun/tools/javac/util/List;)Lcom/sun/tools/javac/util/List; @ 1

Internal exceptions (10 events):
Event: 5.114 Thread 0x00007f0bd400a000 Threw 0x00000000d6b46730 at /build/buildd/openjdk-7-7u71-2.5.3/build/openjdk/hotspot/src/share/vm/prims/jvm.cpp:1284
Event: 6.586 Thread 0x00007f0bd400a000 Threw 0x00000000d6a593e0 at /build/buildd/openjdk-7-7u71-2.5.3/build/openjdk/hotspot/src/share/vm/prims/jvm.cpp:1284
Event: 6.662 Thread 0x00007f0bd400a000 Threw 0x00000000d6a9c028 at /build/buildd/openjdk-7-7u71-2.5.3/build/openjdk/hotspot/src/share/vm/prims/jvm.cpp:1284
Event: 6.674 Thread 0x00007f0bd400a000 Threw 0x00000000d6a9f7b0 at /build/buildd/openjdk-7-7u71-2.5.3/build/openjdk/hotspot/src/share/vm/prims/jvm.cpp:1284
Event: 6.851 Thread 0x00007f0bd400a000 Threw 0x00000000d6b72f20 at /build/buildd/openjdk-7-7u71-2.5.3/build/openjdk/hotspot/src/share/vm/prims/jvm.cpp:1284
Event: 7.293 Thread 0x00007f0bd400a000 Threw 0x00000000d6bc1898 at /build/buildd/openjdk-7-7u71-2.5.3/build/openjdk/hotspot/src/share/vm/prims/jvm.cpp:1284
Event: 7.323 Thread 0x00007f0bd400a000 Threw 0x00000000d6bcc7f8 at /build/buildd/openjdk-7-7u71-2.5.3/build/openjdk/hotspot/src/share/vm/prims/jvm.cpp:1284
Event: 7.405 Thread 0x00007f0bd400a000 Threw 0x00000000d6bdd008 at /build/buildd/openjdk-7-7u71-2.5.3/build/openjdk/hotspot/src/share/vm/prims/jvm.cpp:1284
Event: 7.441 Thread 0x00007f0bd400a000 Threw 0x00000000d6be1978 at /build/buildd/openjdk-7-7u71-2.5.3/build/openjdk/hotspot/src/share/vm/prims/jvm.cpp:1284
Event: 7.509 Thread 0x00007f0bd400a000 Threw 0x00000000d6be5b70 at /build/buildd/openjdk-7-7u71-2.5.3/build/openjdk/hotspot/src/share/vm/prims/jvm.cpp:1284

Events (10 events):
Event: 7.312 Thread 0x00007f0bd400a000 DEOPT UNPACKING pc=0x00007f0bd1039045 sp=0x00007f0bddee9060 mode 2
Event: 7.323 loading class 0x00007f0bd41a7740
Event: 7.323 loading class 0x00007f0bd41a7740 done
Event: 7.404 loading class 0x00007f0bd41da000
Event: 7.405 loading class 0x00007f0bd41da000 done
Event: 7.436 loading class 0x00007f0bd41eaf60
Event: 7.436 loading class 0x00007f0bd41eaf60 done
Event: 7.498 loading class 0x00007f0bd41eb4f0
Event: 7.502 loading class 0x00007f0bd41eb4f0 done
Event: 7.516 Executing VM operation: GenCollectForAllocation


Dynamic libraries:
00400000-00401000 r-xp 00000000 08:01 264934                             /usr/lib/jvm/java-7-openjdk-amd64/bin/javac
00600000-00601000 r--p 00000000 08:01 264934                             /usr/lib/jvm/java-7-openjdk-amd64/bin/javac
00601000-00602000 rw-p 00001000 08:01 264934                             /usr/lib/jvm/java-7-openjdk-amd64/bin/javac
011ed000-0120e000 rw-p 00000000 00:00 0                                  [heap]
d6800000-d6cd0000 rw-p 00000000 00:00 0 
d6cd0000-e0e00000 rw-p 00000000 00:00 0 
e0e00000-e1919000 rw-p 00000000 00:00 0 
e1e1a000-f5a00000 rw-p 00000000 00:00 0 
f5a00000-f6ec0000 rw-p 00000000 00:00 0 
f6ec0000-100000000 rw-p 00000000 00:00 0 
7f0bb4000000-7f0bb437a000 rw-p 00000000 00:00 0 
7f0bb437a000-7f0bb8000000 ---p 00000000 00:00 0 
7f0bb8000000-7f0bb8021000 rw-p 00000000 00:00 0 
7f0bb8021000-7f0bbc000000 ---p 00000000 00:00 0 
7f0bbc000000-7f0bbc021000 rw-p 00000000 00:00 0 
7f0bbc021000-7f0bc0000000 ---p 00000000 00:00 0 
7f0bc0000000-7f0bc0357000 rw-p 00000000 00:00 0 
7f0bc0357000-7f0bc4000000 ---p 00000000 00:00 0 
7f0bc4000000-7f0bc4021000 rw-p 00000000 00:00 0 
7f0bc4021000-7f0bc8000000 ---p 00000000 00:00 0 
7f0bc8000000-7f0bc8021000 rw-p 00000000 00:00 0 
7f0bc8021000-7f0bcc000000 ---p 00000000 00:00 0 
7f0bcc000000-7f0bcc11d000 rw-p 00000000 00:00 0 
7f0bcc11d000-7f0bd0000000 ---p 00000000 00:00 0 
7f0bd1000000-7f0bd1270000 rwxp 00000000 00:00 0 
7f0bd1270000-7f0bd45ad000 rw-p 00000000 00:00 0 
7f0bd45ad000-7f0bd8000000 ---p 00000000 00:00 0 
7f0bd98ae000-7f0bd9ae8000 rw-p 00000000 00:00 0 
7f0bd9ae8000-7f0bd9b52000 r--s 0069e000 08:01 264873                     /usr/lib/jvm/java-7-openjdk-amd64/lib/tools.jar
7f0bd9b52000-7f0bd9b53000 ---p 00000000 00:00 0 
7f0bd9b53000-7f0bd9c53000 rw-p 00000000 00:00 0                          [stack:2026]
7f0bd9c53000-7f0bd9c56000 ---p 00000000 00:00 0 
7f0bd9c56000-7f0bd9d54000 rw-p 00000000 00:00 0                          [stack:2025]
7f0bd9d54000-7f0bd9d57000 ---p 00000000 00:00 0 
7f0bd9d57000-7f0bd9e55000 rw-p 00000000 00:00 0                          [stack:2024]
7f0bd9e55000-7f0bd9e58000 ---p 00000000 00:00 0 
7f0bd9e58000-7f0bd9f56000 rw-p 00000000 00:00 0                          [stack:2023]
7f0bd9f56000-7f0bd9f59000 ---p 00000000 00:00 0 
7f0bd9f59000-7f0bda057000 rw-p 00000000 00:00 0                          [stack:2022]
7f0bda057000-7f0bda1e0000 r--p 00000000 08:01 24405                      /usr/lib/locale/locale-archive
7f0bda1e0000-7f0bda1e3000 ---p 00000000 00:00 0 
7f0bda1e3000-7f0bda2e1000 rw-p 00000000 00:00 0                          [stack:2021]
7f0bda2e1000-7f0bda2e4000 ---p 00000000 00:00 0 
7f0bda2e4000-7f0bda3e2000 rw-p 00000000 00:00 0                          [stack:2020]
7f0bda3e2000-7f0bda3e3000 ---p 00000000 00:00 0 
7f0bda3e3000-7f0bda52c000 rw-p 00000000 00:00 0                          [stack:2019]
7f0bda52c000-7f0bda6dd000 r--s 01d25000 08:01 262233                     /usr/lib/jvm/java-7-openjdk-amd64/jre/lib/rt.jar
7f0bda6dd000-7f0bda7e1000 rw-p 00000000 00:00 0 
7f0bda7e1000-7f0bda82a000 rw-p 00000000 00:00 0 
7f0bda82a000-7f0bda830000 rw-p 00000000 00:00 0 
7f0bda830000-7f0bda8d1000 rw-p 00000000 00:00 0 
7f0bda8d1000-7f0bda8d4000 rw-p 00000000 00:00 0 
7f0bda8d4000-7f0bda924000 rw-p 00000000 00:00 0 
7f0bda924000-7f0bda92a000 rw-p 00000000 00:00 0 
7f0bda92a000-7f0bda9ca000 rw-p 00000000 00:00 0 
7f0bda9ca000-7f0bda9d5000 rw-p 00000000 00:00 0 
7f0bda9d5000-7f0bdaa1d000 rw-p 00000000 00:00 0 
7f0bdaa1d000-7f0bdaa1e000 rw-p 00000000 00:00 0 
7f0bdaa1e000-7f0bdaa26000 r-xp 00000000 08:01 262162                     /usr/lib/jvm/java-7-openjdk-amd64/jre/lib/amd64/libzip.so
7f0bdaa26000-7f0bdac25000 ---p 00008000 08:01 262162                     /usr/lib/jvm/java-7-openjdk-amd64/jre/lib/amd64/libzip.so
7f0bdac25000-7f0bdac26000 r--p 00007000 08:01 262162                     /usr/lib/jvm/java-7-openjdk-amd64/jre/lib/amd64/libzip.so
7f0bdac26000-7f0bdac27000 rw-p 00008000 08:01 262162                     /usr/lib/jvm/java-7-openjdk-amd64/jre/lib/amd64/libzip.so
7f0bdac27000-7f0bdac32000 r-xp 00000000 08:01 2027                       /lib/x86_64-linux-gnu/libnss_files-2.19.so
7f0bdac32000-7f0bdae31000 ---p 0000b000 08:01 2027                       /lib/x86_64-linux-gnu/libnss_files-2.19.so
7f0bdae31000-7f0bdae32000 r--p 0000a000 08:01 2027                       /lib/x86_64-linux-gnu/libnss_files-2.19.so
7f0bdae32000-7f0bdae33000 rw-p 0000b000 08:01 2027                       /lib/x86_64-linux-gnu/libnss_files-2.19.so
7f0bdae33000-7f0bdae3e000 r-xp 00000000 08:01 1936                       /lib/x86_64-linux-gnu/libnss_nis-2.19.so
7f0bdae3e000-7f0bdb03d000 ---p 0000b000 08:01 1936                       /lib/x86_64-linux-gnu/libnss_nis-2.19.so
7f0bdb03d000-7f0bdb03e000 r--p 0000a000 08:01 1936                       /lib/x86_64-linux-gnu/libnss_nis-2.19.so
7f0bdb03e000-7f0bdb03f000 rw-p 0000b000 08:01 1936                       /lib/x86_64-linux-gnu/libnss_nis-2.19.so
7f0bdb03f000-7f0bdb056000 r-xp 00000000 08:01 2000                       /lib/x86_64-linux-gnu/libnsl-2.19.so
7f0bdb056000-7f0bdb255000 ---p 00017000 08:01 2000                       /lib/x86_64-linux-gnu/libnsl-2.19.so
7f0bdb255000-7f0bdb256000 r--p 00016000 08:01 2000                       /lib/x86_64-linux-gnu/libnsl-2.19.so
7f0bdb256000-7f0bdb257000 rw-p 00017000 08:01 2000                       /lib/x86_64-linux-gnu/libnsl-2.19.so
7f0bdb257000-7f0bdb259000 rw-p 00000000 00:00 0 
7f0bdb259000-7f0bdb262000 r-xp 00000000 08:01 1963                       /lib/x86_64-linux-gnu/libnss_compat-2.19.so
7f0bdb262000-7f0bdb461000 ---p 00009000 08:01 1963                       /lib/x86_64-linux-gnu/libnss_compat-2.19.so
7f0bdb461000-7f0bdb462000 r--p 00008000 08:01 1963                       /lib/x86_64-linux-gnu/libnss_compat-2.19.so
7f0bdb462000-7f0bdb463000 rw-p 00009000 08:01 1963                       /lib/x86_64-linux-gnu/libnss_compat-2.19.so
7f0bdb463000-7f0bdb48e000 r-xp 00000000 08:01 262169                     /usr/lib/jvm/java-7-openjdk-amd64/jre/lib/amd64/libjava.so
7f0bdb48e000-7f0bdb68d000 ---p 0002b000 08:01 262169                     /usr/lib/jvm/java-7-openjdk-amd64/jre/lib/amd64/libjava.so
7f0bdb68d000-7f0bdb68e000 r--p 0002a000 08:01 262169                     /usr/lib/jvm/java-7-openjdk-amd64/jre/lib/amd64/libjava.so
7f0bdb68e000-7f0bdb690000 rw-p 0002b000 08:01 262169                     /usr/lib/jvm/java-7-openjdk-amd64/jre/lib/amd64/libjava.so
7f0bdb690000-7f0bdb6a0000 r-xp 00000000 08:01 262184                     /usr/lib/jvm/java-7-openjdk-amd64/jre/lib/amd64/libverify.so
7f0bdb6a0000-7f0bdb89f000 ---p 00010000 08:01 262184                     /usr/lib/jvm/java-7-openjdk-amd64/jre/lib/amd64/libverify.so
7f0bdb89f000-7f0bdb8a1000 r--p 0000f000 08:01 262184                     /usr/lib/jvm/java-7-openjdk-amd64/jre/lib/amd64/libverify.so
7f0bdb8a1000-7f0bdb8a2000 rw-p 00011000 08:01 262184                     /usr/lib/jvm/java-7-openjdk-amd64/jre/lib/amd64/libverify.so
7f0bdb8a2000-7f0bdb8a9000 r-xp 00000000 08:01 1968                       /lib/x86_64-linux-gnu/librt-2.19.so
7f0bdb8a9000-7f0bdbaa8000 ---p 00007000 08:01 1968                       /lib/x86_64-linux-gnu/librt-2.19.so
7f0bdbaa8000-7f0bdbaa9000 r--p 00006000 08:01 1968                       /lib/x86_64-linux-gnu/librt-2.19.so
7f0bdbaa9000-7f0bdbaaa000 rw-p 00007000 08:01 1968                       /lib/x86_64-linux-gnu/librt-2.19.so
7f0bdbaaa000-7f0bdbac0000 r-xp 00000000 08:01 1901                       /lib/x86_64-linux-gnu/libgcc_s.so.1
7f0bdbac0000-7f0bdbcbf000 ---p 00016000 08:01 1901                       /lib/x86_64-linux-gnu/libgcc_s.so.1
7f0bdbcbf000-7f0bdbcc0000 rw-p 00015000 08:01 1901                       /lib/x86_64-linux-gnu/libgcc_s.so.1
7f0bdbcc0000-7f0bdbdc5000 r-xp 00000000 08:01 2023                       /lib/x86_64-linux-gnu/libm-2.19.so
7f0bdbdc5000-7f0bdbfc4000 ---p 00105000 08:01 2023                       /lib/x86_64-linux-gnu/libm-2.19.so
7f0bdbfc4000-7f0bdbfc5000 r--p 00104000 08:01 2023                       /lib/x86_64-linux-gnu/libm-2.19.so
7f0bdbfc5000-7f0bdbfc6000 rw-p 00105000 08:01 2023                       /lib/x86_64-linux-gnu/libm-2.19.so
7f0bdbfc6000-7f0bdc0ac000 r-xp 00000000 08:01 23699                      /usr/lib/x86_64-linux-gnu/libstdc++.so.6.0.19
7f0bdc0ac000-7f0bdc2ab000 ---p 000e6000 08:01 23699                      /usr/lib/x86_64-linux-gnu/libstdc++.so.6.0.19
7f0bdc2ab000-7f0bdc2b3000 r--p 000e5000 08:01 23699                      /usr/lib/x86_64-linux-gnu/libstdc++.so.6.0.19
7f0bdc2b3000-7f0bdc2b5000 rw-p 000ed000 08:01 23699                      /usr/lib/x86_64-linux-gnu/libstdc++.so.6.0.19
7f0bdc2b5000-7f0bdc2ca000 rw-p 00000000 00:00 0 
7f0bdc2ca000-7f0bdcde0000 r-xp 00000000 08:01 262191                     /usr/lib/jvm/java-7-openjdk-amd64/jre/lib/amd64/server/libjvm.so
7f0bdcde0000-7f0bdcfdf000 ---p 00b16000 08:01 262191                     /usr/lib/jvm/java-7-openjdk-amd64/jre/lib/amd64/server/libjvm.so
7f0bdcfdf000-7f0bdd079000 r--p 00b15000 08:01 262191                     /usr/lib/jvm/java-7-openjdk-amd64/jre/lib/amd64/server/libjvm.so
7f0bdd079000-7f0bdd09c000 rw-p 00baf000 08:01 262191                     /usr/lib/jvm/java-7-openjdk-amd64/jre/lib/amd64/server/libjvm.so
7f0bdd09c000-7f0bdd0ca000 rw-p 00000000 00:00 0 
7f0bdd0ca000-7f0bdd0e2000 r-xp 00000000 08:01 1888                       /lib/x86_64-linux-gnu/libz.so.1.2.8
7f0bdd0e2000-7f0bdd2e1000 ---p 00018000 08:01 1888                       /lib/x86_64-linux-gnu/libz.so.1.2.8
7f0bdd2e1000-7f0bdd2e2000 r--p 00017000 08:01 1888                       /lib/x86_64-linux-gnu/libz.so.1.2.8
7f0bdd2e2000-7f0bdd2e3000 rw-p 00018000 08:01 1888                       /lib/x86_64-linux-gnu/libz.so.1.2.8
7f0bdd2e3000-7f0bdd2fc000 r-xp 00000000 08:01 2018                       /lib/x86_64-linux-gnu/libpthread-2.19.so
7f0bdd2fc000-7f0bdd4fb000 ---p 00019000 08:01 2018                       /lib/x86_64-linux-gnu/libpthread-2.19.so
7f0bdd4fb000-7f0bdd4fc000 r--p 00018000 08:01 2018                       /lib/x86_64-linux-gnu/libpthread-2.19.so
7f0bdd4fc000-7f0bdd4fd000 rw-p 00019000 08:01 2018                       /lib/x86_64-linux-gnu/libpthread-2.19.so
7f0bdd4fd000-7f0bdd501000 rw-p 00000000 00:00 0 
7f0bdd501000-7f0bdd504000 r-xp 00000000 08:01 1993                       /lib/x86_64-linux-gnu/libdl-2.19.so
7f0bdd504000-7f0bdd703000 ---p 00003000 08:01 1993                       /lib/x86_64-linux-gnu/libdl-2.19.so
7f0bdd703000-7f0bdd704000 r--p 00002000 08:01 1993                       /lib/x86_64-linux-gnu/libdl-2.19.so
7f0bdd704000-7f0bdd705000 rw-p 00003000 08:01 1993                       /lib/x86_64-linux-gnu/libdl-2.19.so
7f0bdd705000-7f0bdd8c0000 r-xp 00000000 08:01 1880                       /lib/x86_64-linux-gnu/libc-2.19.so
7f0bdd8c0000-7f0bddac0000 ---p 001bb000 08:01 1880                       /lib/x86_64-linux-gnu/libc-2.19.so
7f0bddac0000-7f0bddac4000 r--p 001bb000 08:01 1880                       /lib/x86_64-linux-gnu/libc-2.19.so
7f0bddac4000-7f0bddac6000 rw-p 001bf000 08:01 1880                       /lib/x86_64-linux-gnu/libc-2.19.so
7f0bddac6000-7f0bddacb000 rw-p 00000000 00:00 0 
7f0bddacb000-7f0bddad8000 r-xp 00000000 08:01 262167                     /usr/lib/jvm/java-7-openjdk-amd64/jre/lib/amd64/jli/libjli.so
7f0bddad8000-7f0bddcd7000 ---p 0000d000 08:01 262167                     /usr/lib/jvm/java-7-openjdk-amd64/jre/lib/amd64/jli/libjli.so
7f0bddcd7000-7f0bddcd8000 r--p 0000c000 08:01 262167                     /usr/lib/jvm/java-7-openjdk-amd64/jre/lib/amd64/jli/libjli.so
7f0bddcd8000-7f0bddcd9000 rw-p 0000d000 08:01 262167                     /usr/lib/jvm/java-7-openjdk-amd64/jre/lib/amd64/jli/libjli.so
7f0bddcd9000-7f0bddcfc000 r-xp 00000000 08:01 1892                       /lib/x86_64-linux-gnu/ld-2.19.so
7f0bddd14000-7f0bddd18000 r--s 00034000 08:01 262231                     /usr/lib/jvm/java-7-openjdk-amd64/jre/lib/ext/sunjce_provider.jar
7f0bddd18000-7f0bddd1c000 r--s 00085000 08:01 262230                     /usr/lib/jvm/java-7-openjdk-amd64/jre/lib/ext/localedata.jar
7f0bddd1c000-7f0bddd20000 r--s 0003c000 08:01 262229                     /usr/lib/jvm/java-7-openjdk-amd64/jre/lib/ext/sunpkcs11.jar
7f0bddd20000-7f0bddd22000 r--s 00006000 08:01 61906                      /usr/share/java/java-atk-wrapper.jar
7f0bddd22000-7f0bddd2c000 rw-p 00000000 00:00 0 
7f0bddd2c000-7f0bddde2000 rw-p 00000000 00:00 0 
7f0bddde2000-7f0bdddea000 rw-s 00000000 08:01 141448                     /tmp/hsperfdata_vagrant/2013
7f0bdddea000-7f0bddded000 ---p 00000000 00:00 0 
7f0bddded000-7f0bddef1000 rw-p 00000000 00:00 0                          [stack:2018]
7f0bddef1000-7f0bddef2000 r--s 00002000 08:01 262232                     /usr/lib/jvm/java-7-openjdk-amd64/jre/lib/ext/dnsns.jar
7f0bddef2000-7f0bddef4000 r--s 00012000 08:01 262228                     /usr/lib/jvm/java-7-openjdk-amd64/jre/lib/ext/zipfs.jar
7f0bddef4000-7f0bddef7000 r--s 0000f000 08:01 262227                     /usr/lib/jvm/java-7-openjdk-amd64/jre/lib/ext/icedtea-sound.jar
7f0bddef7000-7f0bddef8000 rw-p 00000000 00:00 0 
7f0bddef8000-7f0bddef9000 ---p 00000000 00:00 0 
7f0bddef9000-7f0bddefb000 rw-p 00000000 00:00 0 
7f0bddefb000-7f0bddefc000 r--p 00022000 08:01 1892                       /lib/x86_64-linux-gnu/ld-2.19.so
7f0bddefc000-7f0bddefd000 rw-p 00023000 08:01 1892                       /lib/x86_64-linux-gnu/ld-2.19.so
7f0bddefd000-7f0bddefe000 rw-p 00000000 00:00 0 
7ffffd2e1000-7ffffd302000 rw-p 00000000 00:00 0                          [stack]
7ffffd38e000-7ffffd390000 r-xp 00000000 00:00 0                          [vdso]
ffffffffff600000-ffffffffff601000 r-xp 00000000 00:00 0                  [vsyscall]

VM Arguments:
jvm_args: -Dapplication.home=/usr/lib/jvm/java-7-openjdk-amd64 -Xms8m 
java_command: com.sun.tools.javac.Main @/tmp/sbt_dd3c7dd0/argfile
Launcher Type: SUN_STANDARD

Environment Variables:
PATH=/usr/local/sbin:/usr/local/bin:/usr/sbin:/usr/bin:/sbin:/bin:/usr/games:/usr/local/games:/home/vagrant/activator-1.2.12/
SHELL=/bin/bash

Signal Handlers:
SIGSEGV: [libjvm.so+0x9495e0], sa_mask[0]=0x7ffbfeff, sa_flags=0x10000004
SIGBUS: [libjvm.so+0x9495e0], sa_mask[0]=0x7ffbfeff, sa_flags=0x10000004
SIGFPE: [libjvm.so+0x7c3410], sa_mask[0]=0x7ffbfeff, sa_flags=0x10000004
SIGPIPE: [libjvm.so+0x7c3410], sa_mask[0]=0x7ffbfeff, sa_flags=0x10000004
SIGXFSZ: [libjvm.so+0x7c3410], sa_mask[0]=0x7ffbfeff, sa_flags=0x10000004
SIGILL: [libjvm.so+0x7c3410], sa_mask[0]=0x7ffbfeff, sa_flags=0x10000004
SIGUSR1: SIG_DFL, sa_mask[0]=0x00000000, sa_flags=0x00000000
SIGUSR2: [libjvm.so+0x7c32b0], sa_mask[0]=0x00000004, sa_flags=0x10000004
SIGHUP: [libjvm.so+0x7c3490], sa_mask[0]=0x7ffbfeff, sa_flags=0x10000004
SIGINT: [libjvm.so+0x7c3490], sa_mask[0]=0x7ffbfeff, sa_flags=0x10000004
SIGTERM: [libjvm.so+0x7c3490], sa_mask[0]=0x7ffbfeff, sa_flags=0x10000004
SIGQUIT: [libjvm.so+0x7c3490], sa_mask[0]=0x7ffbfeff, sa_flags=0x10000004
SIGTRAP: SIG_DFL, sa_mask[0]=0x00000000, sa_flags=0x00000000


---------------  S Y S T E M  ---------------

OS:Ubuntu 14.04 (trusty)
uname:Linux 3.13.0-40-generic #69-Ubuntu SMP Thu Nov 13 17:53:56 UTC 2014 x86_64
libc:glibc 2.19 NPTL 2.19 
rlimit: STACK 8192k, CORE 0k, NPROC 7874, NOFILE 4096, AS infinity
load average:2.36 1.17 0.63

/proc/meminfo:
MemTotal:        1017844 kB
MemFree:           66972 kB
Buffers:             156 kB
Cached:             2204 kB
SwapCached:            0 kB
Active:           911304 kB
Inactive:           1608 kB
Active(anon):     910720 kB
Inactive(anon):      568 kB
Active(file):        584 kB
Inactive(file):     1040 kB
Unevictable:           0 kB
Mlocked:               0 kB
SwapTotal:             0 kB
SwapFree:              0 kB
Dirty:                64 kB
Writeback:             0 kB
AnonPages:        910620 kB
Mapped:              856 kB
Shmem:               668 kB
Slab:              19768 kB
SReclaimable:      11436 kB
SUnreclaim:         8332 kB
KernelStack:        1080 kB
PageTables:         4944 kB
NFS_Unstable:          0 kB
Bounce:                0 kB
WritebackTmp:          0 kB
CommitLimit:      508920 kB
Committed_AS:    1512996 kB
VmallocTotal:   34359738367 kB
VmallocUsed:       18732 kB
VmallocChunk:   34359716343 kB
HardwareCorrupted:     0 kB
AnonHugePages:    628736 kB
HugePages_Total:       0
HugePages_Free:        0
HugePages_Rsvd:        0
HugePages_Surp:        0
Hugepagesize:       2048 kB
DirectMap4k:       32704 kB
DirectMap2M:     1015808 kB


CPU:total 1 (1 cores per cpu, 1 threads per core) family 6 model 23 stepping 10, cmov, cx8, fxsr, mmx, sse, sse2, sse3, ssse3, tsc

/proc/cpuinfo:
processor	: 0
vendor_id	: GenuineIntel
cpu family	: 6
model		: 23
model name	: Intel(R) Core(TM)2 Duo CPU     P8700  @ 2.53GHz
stepping	: 10
microcode	: 0x60b
cpu MHz		: 976.713
cache size	: 6144 KB
physical id	: 0
siblings	: 1
core id		: 0
cpu cores	: 1
apicid		: 0
initial apicid	: 0
fpu		: yes
fpu_exception	: yes
cpuid level	: 5
wp		: yes
flags		: fpu vme de pse tsc msr pae mce cx8 apic sep mtrr pge mca cmov pat pse36 clflush mmx fxsr sse sse2 syscall nx lm constant_tsc rep_good nopl pni monitor ssse3 lahf_lm
bogomips	: 1953.42
clflush size	: 64
cache_alignment	: 64
address sizes	: 36 bits physical, 48 bits virtual
power management:



Memory: 4k page, physical 1017844k(66972k free), swap 0k(0k free)

vm_info: OpenJDK 64-Bit Server VM (24.65-b04) for linux-amd64 JRE (1.7.0_65-b32), built on Oct 22 2014 04:37:44 by "buildd" with gcc 4.8.2

time: Wed Jan 28 00:13:30 2015
elapsed time: 8 seconds

